Virtual User Script started at: 12.12.2024 14:42:24
Starting action vuser_init.
Web Turbo Replay of LoadRunner 2020.0.0 for Windows 10; build 793 (Nov 27 2019 19:51:20)  	[MsgId: MMSG-26983]
Run mode: HTML  	[MsgId: MMSG-26993]
Replay user agent: Mozilla/5.0 (Windows NT 10.0; Win64; x64; rv:132.0) Gecko/20100101 Firefox/132.0  	[MsgId: MMSG-26988]
Runtime Settings file: "E:\VuGenTestScripts\cancelReservation\\default.cfg"  	[MsgId: MMSG-27141]
Ending action vuser_init.
Running Vuser...
Starting iteration 1.
Maximum number of concurrent connections per server: 6  	[MsgId: MMSG-26989]
Starting action Action.
Action.c(6): Notify: Transaction "UC6_CanselRegistration" started.
Action.c(9): web_set_sockets_option started  	[MsgId: MMSG-26355]
Action.c(9): web_set_sockets_option was successful  	[MsgId: MMSG-26392]
Action.c(12): Notify: Transaction "GoTo WebTours" started.
Action.c(14): web_add_auto_header("Priority") started  	[MsgId: MMSG-26355]
Action.c(14): web_add_auto_header("Priority") was successful  	[MsgId: MMSG-26392]
Action.c(17): web_add_header("Upgrade-Insecure-Requests") started  	[MsgId: MMSG-26355]
Action.c(17): web_add_header("Upgrade-Insecure-Requests") was successful  	[MsgId: MMSG-26392]
Action.c(22): web_reg_find started  	[MsgId: MMSG-26355]
Action.c(22): Registering web_reg_find was successful  	[MsgId: MMSG-26390]
Action.c(25): web_reg_save_param_attrib started  	[MsgId: MMSG-26355]
Action.c(25): Registering web_reg_save_param_attrib was successful  	[MsgId: MMSG-26390]
Action.c(36): web_url("WebTours") started  	[MsgId: MMSG-26355]
Action.c(36): Detected non-resource "http://localhost:1080/WebTours/header.html" in "http://localhost:1080/WebTours/"  	[MsgId: MMSG-26574]
Action.c(36): Detected non-resource "http://localhost:1080/cgi-bin/welcome.pl?signOff=true" in "http://localhost:1080/WebTours/"  	[MsgId: MMSG-26574]
Action.c(36): Found resource "http://localhost:1080/WebTours/images/hp_logo.png" in HTML "http://localhost:1080/WebTours/header.html"  	[MsgId: MMSG-26659]
Action.c(36): Found resource "http://localhost:1080/WebTours/images/webtours.png" in HTML "http://localhost:1080/WebTours/header.html"  	[MsgId: MMSG-26659]
Action.c(36): Detected non-resource "http://localhost:1080/cgi-bin/nav.pl?in=home" in "http://localhost:1080/cgi-bin/welcome.pl?signOff=true"  	[MsgId: MMSG-26574]
Action.c(36): Detected non-resource "http://localhost:1080/WebTours/home.html" in "http://localhost:1080/cgi-bin/welcome.pl?signOff=true"  	[MsgId: MMSG-26574]
Action.c(36): Found resource "http://localhost:1080/WebTours/images/mer_login.gif" in HTML "http://localhost:1080/cgi-bin/nav.pl?in=home"  	[MsgId: MMSG-26659]
Action.c(36): Registered web_reg_find successful for "Text=A Session ID has been created" (count=1)  	[MsgId: MMSG-26364]
Action.c(36): web_url("WebTours") was successful, 10080 body bytes, 2371 header bytes, 24 chunking overhead bytes  	[MsgId: MMSG-26385]
Action.c(47): Notify: Transaction "GoTo WebTours" ended with a "Pass" status (Duration: 0,4534 Wasted Time: 0,1797).
Action.c(51): Notify: Transaction "login" started.
Action.c(53): web_add_header("Origin") started  	[MsgId: MMSG-26355]
Action.c(53): web_add_header("Origin") was successful  	[MsgId: MMSG-26392]
Action.c(56): web_add_header("Priority") started  	[MsgId: MMSG-26355]
Action.c(56): web_add_header("Priority") was successful  	[MsgId: MMSG-26392]
Action.c(59): web_add_header("Upgrade-Insecure-Requests") started  	[MsgId: MMSG-26355]
Action.c(59): web_add_header("Upgrade-Insecure-Requests") was successful  	[MsgId: MMSG-26392]
Action.c(62): web_reg_find started  	[MsgId: MMSG-26355]
Action.c(62): Registering web_reg_find was successful  	[MsgId: MMSG-26390]
Action.c(64): web_submit_data("login.pl") started  	[MsgId: MMSG-26355]
Action.c(64): Detected non-resource "http://localhost:1080/cgi-bin/nav.pl?page=menu&in=home" in "http://localhost:1080/cgi-bin/login.pl"  	[MsgId: MMSG-26574]
Action.c(64): Detected non-resource "http://localhost:1080/cgi-bin/login.pl?intro=true" in "http://localhost:1080/cgi-bin/login.pl"  	[MsgId: MMSG-26574]
Action.c(64): Found resource "http://localhost:1080/WebTours/images/flights.gif" in HTML "http://localhost:1080/cgi-bin/nav.pl?page=menu&in=home"  	[MsgId: MMSG-26659]
Action.c(64): Found resource "http://localhost:1080/WebTours/images/itinerary.gif" in HTML "http://localhost:1080/cgi-bin/nav.pl?page=menu&in=home"  	[MsgId: MMSG-26659]
Action.c(64): Found resource "http://localhost:1080/WebTours/images/in_home.gif" in HTML "http://localhost:1080/cgi-bin/nav.pl?page=menu&in=home"  	[MsgId: MMSG-26659]
Action.c(64): Found resource "http://localhost:1080/WebTours/images/signoff.gif" in HTML "http://localhost:1080/cgi-bin/nav.pl?page=menu&in=home"  	[MsgId: MMSG-26659]
Action.c(64): Registered web_reg_find successful for "Text=User password was correct" (count=1)  	[MsgId: MMSG-26364]
Action.c(64): web_submit_data("login.pl") was successful, 5779 body bytes, 2031 header bytes, 36 chunking overhead bytes  	[MsgId: MMSG-26385]
Action.c(81): Notify: Transaction "login" ended with a "Pass" status (Duration: 0,3086 Wasted Time: 0,0130).
Action.c(83): Notify: Transaction "GoTo Itnerary" started.
Action.c(85): web_add_auto_header("Priority") started  	[MsgId: MMSG-26355]
Action.c(85): web_add_auto_header("Priority") was successful  	[MsgId: MMSG-26392]
Action.c(88): web_add_header("Upgrade-Insecure-Requests") started  	[MsgId: MMSG-26355]
Action.c(88): web_add_header("Upgrade-Insecure-Requests") was successful  	[MsgId: MMSG-26392]
Action.c(93): web_reg_find started  	[MsgId: MMSG-26355]
Action.c(93): Registering web_reg_find was successful  	[MsgId: MMSG-26390]
Action.c(101): web_reg_save_param started  	[MsgId: MMSG-26355]
Action.c(101): Registering web_reg_save_param was successful  	[MsgId: MMSG-26390]
Action.c(109): web_reg_save_param started  	[MsgId: MMSG-26355]
Action.c(109): Registering web_reg_save_param was successful  	[MsgId: MMSG-26390]
Action.c(116): web_url("welcome.pl") started  	[MsgId: MMSG-26355]
Action.c(116): Detected non-resource "http://localhost:1080/cgi-bin/nav.pl?page=menu&in=itinerary" in "http://localhost:1080/cgi-bin/welcome.pl?page=itinerary"  	[MsgId: MMSG-26574]
Action.c(116): Detected non-resource "http://localhost:1080/cgi-bin/itinerary.pl" in "http://localhost:1080/cgi-bin/welcome.pl?page=itinerary"  	[MsgId: MMSG-26574]
Action.c(116): Resource "http://localhost:1080/WebTours/images/flights.gif" is in the cache already and will not be downloaded again  	[MsgId: MMSG-26655]
Action.c(116): Found resource "http://localhost:1080/WebTours/images/in_itinerary.gif" in HTML "http://localhost:1080/cgi-bin/nav.pl?page=menu&in=itinerary"  	[MsgId: MMSG-26659]
Action.c(116): Found resource "http://localhost:1080/WebTours/images/home.gif" in HTML "http://localhost:1080/cgi-bin/nav.pl?page=menu&in=itinerary"  	[MsgId: MMSG-26659]
Action.c(116): Resource "http://localhost:1080/WebTours/images/signoff.gif" is in the cache already and will not be downloaded again  	[MsgId: MMSG-26655]
Action.c(116): Found resource "http://localhost:1080/WebTours/images/cancelreservation.gif" in HTML "http://localhost:1080/cgi-bin/itinerary.pl"  	[MsgId: MMSG-26659]
Action.c(116): Found resource "http://localhost:1080/WebTours/images/cancelallreservations.gif" in HTML "http://localhost:1080/cgi-bin/itinerary.pl"  	[MsgId: MMSG-26659]
Action.c(116): Registered web_reg_find successful for "Text=User wants the intineraries" (count=1)  	[MsgId: MMSG-26364]
Action.c(116): web_url("welcome.pl") was successful, 7667 body bytes, 1913 header bytes, 36 chunking overhead bytes  	[MsgId: MMSG-26385]
Action.c(126): Notify: Transaction "GoTo Itnerary" ended with a "Pass" status (Duration: 0,3712 Wasted Time: 0,0096).
Action.c(170): Notify: Transaction "DelReservation" started.
Action.c(172): web_add_header("Origin") started  	[MsgId: MMSG-26355]
Action.c(172): web_add_header("Origin") was successful  	[MsgId: MMSG-26392]
Action.c(175): web_add_header("Priority") started  	[MsgId: MMSG-26355]
Action.c(175): web_add_header("Priority") was successful  	[MsgId: MMSG-26392]
Action.c(178): web_add_header("Upgrade-Insecure-Requests") started  	[MsgId: MMSG-26355]
Action.c(178): web_add_header("Upgrade-Insecure-Requests") was successful  	[MsgId: MMSG-26392]
Action.c(183): web_reg_find started  	[MsgId: MMSG-26355]
Action.c(183): Registering web_reg_find was successful  	[MsgId: MMSG-26390]
Action.c(211): web_reg_find started  	[MsgId: MMSG-26355]
Action.c(211): Registering web_reg_find was successful  	[MsgId: MMSG-26390]
Action.c(215): web_custom_request("itinerary.pl_2") started  	[MsgId: MMSG-26355]
Action.c(215): Registered web_reg_find successful for "Text=<title>Flights List</title>" (count=1)  	[MsgId: MMSG-26364]
Action.c(215): Registered web_reg_find successful for "Text=457-797-JB"  	[MsgId: MMSG-26362]
Action.c(215): web_custom_request("itinerary.pl_2") was successful, 887 body bytes, 255 header bytes, 12 chunking overhead bytes  	[MsgId: MMSG-26385]
Action.c(228): Notify: Transaction "DelReservation" ended with a "Pass" status (Duration: 0,2627 Wasted Time: 0,0091).
Action.c(230): Notify: Transaction "UC6_CanselRegistration" ended with a "Pass" status (Duration: 1,6273 Wasted Time: 0,2113).
Ending action Action.
Ending iteration 1.
Ending Vuser...
Starting action vuser_end.
Ending action vuser_end.
Vuser Terminated.
