Action.c(65):     </html>\n
Action.c(65): Resource "http://localhost:1080/WebTours/images/mer_login.gif" is in the cache already and will not be downloaded again  	[MsgId: MMSG-26655]
Action.c(65): t=96061ms: 5-byte chunked response overhead for "http://localhost:1080/cgi-bin/error.pl?error=badPassword" (RelFrameId=1.2, Internal ID=68)
Action.c(65): t=96061ms: 256-byte response headers for "http://localhost:1080/cgi-bin/nav.pl?username=vinnyShotgun&password=Mobster88#" (RelFrameId=1.1, Internal ID=67)
Action.c(65):     0\r\n
Action.c(65):     HTTP/1.1 200 OK\r\n
Action.c(65):     \r\n
Action.c(65):     Date: Sat, 21 Dec 2024 00:22:25 GMT\r\n
Action.c(65):     Server: Apache/2.2.21 (Win32)\r\n
Action.c(65): t=96061ms: Request done "http://localhost:1080/cgi-bin/error.pl?error=badPassword"  	[MsgId: MMSG-26000]
Action.c(65):     Expires: Fri, 20 Dec 2024 00:22:25 GMT\r\n
Action.c(65):     Keep-Alive: timeout=5, max=100\r\n
Action.c(65):     Connection: Keep-Alive\r\n
Action.c(65):     Transfer-Encoding: chunked\r\n
Action.c(65):     Content-Type: text/html; charset=ISO-8859-1\r\n
Action.c(65):     \r\n
Action.c(65): t=96061ms: 5-byte chunked response overhead for "http://localhost:1080/cgi-bin/nav.pl?username=vinnyShotgun&password=Mobster88#" (RelFrameId=1.1, Internal ID=67)
Action.c(65):     5e5\r\n
Action.c(65): t=96061ms: 5-byte chunked response overhead for "http://localhost:1080/cgi-bin/nav.pl?username=vinnyShotgun&password=Mobster88#" (RelFrameId=1.1, Internal ID=67)
Action.c(65): t=96061ms: 2-byte chunked response overhead for "http://localhost:1080/cgi-bin/nav.pl?username=vinnyShotgun&password=Mobster88#" (RelFrameId=1.1, Internal ID=67)
Action.c(65):     0\r\n
Action.c(65):     \r\n
Action.c(65):     \r\n
Action.c(65): t=96062ms: Request done "http://localhost:1080/cgi-bin/nav.pl?username=vinnyShotgun&password=Mobster88#"  	[MsgId: MMSG-26000]
Action.c(65): t=96062ms: 1509-byte chunked response body for "http://localhost:1080/cgi-bin/nav.pl?username=vinnyShotgun&password=Mobster88#" (RelFrameId=1.1, Internal ID=67)
Action.c(65):     <!DOCTYPE html\n
Action.c(65):     \tPUBLIC "-//W3C//DTD XHTML 1.0 Transitional//EN"\n
Action.c(65):     \t "http://www.w3.org/TR/xhtml1/DTD/xhtml1-transitional.dtd">\n
Action.c(65): Error -26366: "Text=User password was correct" not found for web_reg_find  	[MsgId: MERR-26366]
Action.c(65):     <html xmlns="http://www.w3.org/1999/xhtml" lang="en-US" xml:lang="en-US">\n
Action.c(65):     <head>\n
Action.c(65):     <title>Web Tours Navigation Bar</title>\n
Action.c(65):     <meta http-equiv="Content-Type" content="text/html; charset=iso-8859-1" />\n
Action.c(65): Error -26366: "Text=<blockquote>Welcome, <b>vinnyShotgun</b>, to the Web Tours" not found for web_reg_find  	[MsgId: MERR-26366]
Action.c(65):     </head>\n
Action.c(65):     <body bgcolor="#E0E7F1">\n
Action.c(65):     <style>\n
Action.c(65):     blockquote {font-family: tahoma; font-size : 10pt}\n
Action.c(65): web_submit_data("login.pl") highest severity level was "ERROR", 3005 body bytes, 700 header bytes, 36 chunking overhead bytes  	[MsgId: MMSG-26387]
Action.c(65):     H1 {font-family: tahoma; font-size : 22pt; color: #993333}\n
Action.c(65):     H3 {font-family: tahoma; font-size : 10pt; color: black}\n
Action.c(65): Notify: Transaction "LogIn" ended with a "Fail" status (Duration: 0,3868 Wasted Time: 0,0000).	[MsgId: MMSG-16871]
Action.c(65):     small {font-family: tahoma; font-size : 8pt}\n
Action.c(65):     </style>\n
Action.c(65): Notify: Transaction "LogIn" has 2 error message(s).	[MsgId: MMSG-16818]
Action.c(65):     <form method="post" action="/cgi-bin/login.pl" target="body">\n
Action.c(65): Notify: The 1st error message associated with transaction "LogIn" is "Error -26366: "Text=User password was correct" not found for web_reg_find"	[MsgId: MMSG-16819]
Action.c(65):     <input type="hidden" name="userSession" value="140521.712434184HcciAifpfiDDDDDDtDDzipfVDf"
Action.c(65):     />\n
Action.c(65): Notify: The 2nd error message associated with transaction "LogIn" is "Error -26366: "Text=<blockquote>Welcome, <b>vinnyShotgun</b>, to the Web Tours" not found for web_reg_find"	[MsgId: MMSG-16819]
Action.c(65):     <table border="0"><tr><td>&nbsp;</td>\n
Action.c(65): Notify: Transaction "UC2_FindFlight" ended with a "Fail" status (Duration: 5,6755 Think Time: 5,0070 Wasted Time: 0,0018).	[MsgId: MMSG-16870]
Action.c(65):     <td>&nbsp;</td></tr>\n
Action.c(65): Notify: Transaction "UC2_FindFlight" has 2 error message(s).	[MsgId: MMSG-16818]
Action.c(65):     <tr><td>&nbsp;</td>\n
Action.c(65):     <td>&nbsp;</td></tr>\n
Action.c(65): Notify: The 1st error message associated with transaction "UC2_FindFlight" is "Error -26366: "Text=User password was correct" not found for web_reg_find"	[MsgId: MMSG-16819]
Action.c(65):     <tr><td>&nbsp;</td>\n
Action.c(65): Notify: The 2nd error message associated with transaction "UC2_FindFlight" is "Error -26366: "Text=<blockquote>Welcome, <b>vinnyShotgun</b>, to the Web Tours" not found for web_reg_find"	[MsgId: MMSG-16819]
Action.c(65):     <td><small>&nbsp;Username</small></td></tr>\n
Action.c(65):     <tr><td>&nbsp;</td>\n
Action.c(65):     <td><input type="text" name="username" value="vinnyShotgun" size="14" maxlength="14"/></td
Action.c(65):     ></tr>\n
Ending action Action.	[MsgId: MMSG-15918]
Action.c(65):     <tr><td>&nbsp;</td>\n
Action.c(65):     <td><small>&nbsp;Password</small></td>\n
Action.c(65):     <tr><td>&nbsp;</td>\n
Ending iteration 4.	[MsgId: MMSG-15965]
Action.c(65):     <td><input type="password" name="password" value="Mobster88" size="14" maxlength="14"/></t
Waiting 24,3220 seconds for iteration pacing.	[MsgId: MMSG-15996]
Action.c(65):     d></tr>\n
Action.c(65):     <tr><td>&nbsp;</td>\n
Action.c(65):     <td>&nbsp;</td></tr>\n
Action.c(65):     <tr><td>&nbsp;</td>\n
Action.c(65):     <td><input type="image" name="login" value="Login" alt="Login" border="1" \n
Action.c(65):     src="/WebTours/images/mer_login.gif"/></td></tr>\n
Action.c(65):     <tr><td>&nbsp;</td><td>&nbsp;</td></tr>\n
Action.c(65):     </table><input type="hidden" name="JSFormSubmit" value="off"/>\n
Action.c(65):     </form>\n
Action.c(65):     \n
Action.c(65):     </body>\n
Action.c(65):     </html>\n
Action.c(65): Resource "http://localhost:1080/WebTours/images/mer_login.gif" is in the cache already and will not be downloaded again  	[MsgId: MMSG-26655]
Action.c(65): t=96064ms: 5-byte chunked response overhead for "http://localhost:1080/cgi-bin/error.pl?error=badPassword" (RelFrameId=1.2, Internal ID=68)
Action.c(65):     0\r\n
Action.c(65):     \r\n
Action.c(65): t=96064ms: Request done "http://localhost:1080/cgi-bin/error.pl?error=badPassword"  	[MsgId: MMSG-26000]
Action.c(65): t=96065ms: 5-byte chunked response overhead for "http://localhost:1080/cgi-bin/error.pl?error=badPassword" (RelFrameId=1.2, Internal ID=68)
Action.c(65):     0\r\n
Action.c(65):     \r\n
Action.c(65): t=96067ms: Request done "http://localhost:1080/cgi-bin/error.pl?error=badPassword"  	[MsgId: MMSG-26000]
Action.c(65): t=96067ms: 5-byte chunked response overhead for "http://localhost:1080/cgi-bin/nav.pl?username=vinnyShotgun&password=Mobster88#" (RelFrameId=1.1, Internal ID=67)
Action.c(65):     0\r\n
Action.c(65):     \r\n
Action.c(65): t=96068ms: Request done "http://localhost:1080/cgi-bin/nav.pl?username=vinnyShotgun&password=Mobster88#"  	[MsgId: MMSG-26000]
Action.c(65): Error -26366: "Text=User password was correct" not found for web_reg_find  	[MsgId: MERR-26366]
Action.c(65): Error -26366: "Text=<blockquote>Welcome, <b>vinnyShotgun</b>, to the Web Tours" not found for web_reg_find  	[MsgId: MERR-26366]
Action.c(65): web_submit_data("login.pl") highest severity level was "ERROR", 3005 body bytes, 700 header bytes, 36 chunking overhead bytes  	[MsgId: MMSG-26387]
Action.c(65): Notify: Transaction "LogIn" ended with a "Fail" status (Duration: 0,3627 Wasted Time: 0,0000).	[MsgId: MMSG-16871]
Action.c(65): Notify: Transaction "LogIn" has 2 error message(s).	[MsgId: MMSG-16818]
Action.c(65): Notify: The 1st error message associated with transaction "LogIn" is "Error -26366: "Text=User password was correct" not found for web_reg_find"	[MsgId: MMSG-16819]
Action.c(65): Notify: The 2nd error message associated with transaction "LogIn" is "Error -26366: "Text=<blockquote>Welcome, <b>vinnyShotgun</b>, to the Web Tours" not found for web_reg_find"	[MsgId: MMSG-16819]
Action.c(65): Notify: Transaction "UC2_FindFlight" ended with a "Fail" status (Duration: 5,6817 Think Time: 5,0123 Wasted Time: 0,0012).	[MsgId: MMSG-16870]
Action.c(65): Notify: Transaction "UC2_FindFlight" has 2 error message(s).	[MsgId: MMSG-16818]
Action.c(65): Notify: The 1st error message associated with transaction "UC2_FindFlight" is "Error -26366: "Text=User password was correct" not found for web_reg_find"	[MsgId: MMSG-16819]
Action.c(65): Notify: The 2nd error message associated with transaction "UC2_FindFlight" is "Error -26366: "Text=<blockquote>Welcome, <b>vinnyShotgun</b>, to the Web Tours" not found for web_reg_find"	[MsgId: MMSG-16819]
Ending action Action.	[MsgId: MMSG-15918]
Ending iteration 4.	[MsgId: MMSG-15965]
Waiting 24,3160 seconds for iteration pacing.	[MsgId: MMSG-15996]
Action.c(65): t=96069ms: 5-byte chunked response overhead for "http://localhost:1080/cgi-bin/nav.pl?username=vinnyShotgun&password=Mobster88#" (RelFrameId=1.1, Internal ID=67)
Action.c(65):     0\r\n
Action.c(65):     \r\n
Action.c(65): t=96069ms: Request done "http://localhost:1080/cgi-bin/nav.pl?username=vinnyShotgun&password=Mobster88#"  	[MsgId: MMSG-26000]
Action.c(65): Error -26366: "Text=User password was correct" not found for web_reg_find  	[MsgId: MERR-26366]
Action.c(65): Error -26366: "Text=<blockquote>Welcome, <b>vinnyShotgun</b>, to the Web Tours" not found for web_reg_find  	[MsgId: MERR-26366]
Action.c(65): web_submit_data("login.pl") highest severity level was "ERROR", 3005 body bytes, 700 header bytes, 36 chunking overhead bytes  	[MsgId: MMSG-26387]
Action.c(65): Notify: Transaction "LogIn" ended with a "Fail" status (Duration: 0,3793 Wasted Time: 0,0000).	[MsgId: MMSG-16871]
Action.c(65): Notify: Transaction "LogIn" has 2 error message(s).	[MsgId: MMSG-16818]
Action.c(65): Notify: The 1st error message associated with transaction "LogIn" is "Error -26366: "Text=User password was correct" not found for web_reg_find"	[MsgId: MMSG-16819]
Action.c(65): Notify: The 2nd error message associated with transaction "LogIn" is "Error -26366: "Text=<blockquote>Welcome, <b>vinnyShotgun</b>, to the Web Tours" not found for web_reg_find"	[MsgId: MMSG-16819]
Action.c(65): Notify: Transaction "UC2_FindFlight" ended with a "Fail" status (Duration: 5,7154 Think Time: 5,0081 Wasted Time: 0,0013).	[MsgId: MMSG-16870]
Action.c(65): Notify: Transaction "UC2_FindFlight" has 2 error message(s).	[MsgId: MMSG-16818]
Action.c(65): Notify: The 1st error message associated with transaction "UC2_FindFlight" is "Error -26366: "Text=User password was correct" not found for web_reg_find"	[MsgId: MMSG-16819]
Action.c(65): Notify: The 2nd error message associated with transaction "UC2_FindFlight" is "Error -26366: "Text=<blockquote>Welcome, <b>vinnyShotgun</b>, to the Web Tours" not found for web_reg_find"	[MsgId: MMSG-16819]
Ending action Action.	[MsgId: MMSG-15918]
Ending iteration 4.	[MsgId: MMSG-15965]
Waiting 24,2830 seconds for iteration pacing.	[MsgId: MMSG-15996]
Action.c(65): t=96077ms: 256-byte response headers for "http://localhost:1080/cgi-bin/nav.pl?username=vinnyShotgun&password=Mobster88#" (RelFrameId=1.1, Internal ID=67)
Action.c(65):     HTTP/1.1 200 OK\r\n
Action.c(65):     Date: Sat, 21 Dec 2024 00:22:25 GMT\r\n
Action.c(65):     Server: Apache/2.2.21 (Win32)\r\n
Action.c(65):     Expires: Fri, 20 Dec 2024 00:22:25 GMT\r\n
Action.c(65):     Keep-Alive: timeout=5, max=100\r\n
Action.c(65):     Connection: Keep-Alive\r\n
Action.c(65):     Transfer-Encoding: chunked\r\n
Action.c(65):     Content-Type: text/html; charset=ISO-8859-1\r\n
Action.c(65):     \r\n
Action.c(65): t=96077ms: 5-byte chunked response overhead for "http://localhost:1080/cgi-bin/nav.pl?username=vinnyShotgun&password=Mobster88#" (RelFrameId=1.1, Internal ID=67)
Action.c(65):     5e5\r\n
Action.c(65): t=96077ms: 2-byte chunked response overhead for "http://localhost:1080/cgi-bin/nav.pl?username=vinnyShotgun&password=Mobster88#" (RelFrameId=1.1, Internal ID=67)
Action.c(65):     \r\n
Action.c(65): t=96077ms: 1509-byte chunked response body for "http://localhost:1080/cgi-bin/nav.pl?username=vinnyShotgun&password=Mobster88#" (RelFrameId=1.1, Internal ID=67)
Action.c(65):     <!DOCTYPE html\n
Action.c(65):     \tPUBLIC "-//W3C//DTD XHTML 1.0 Transitional//EN"\n
Action.c(65):     \t "http://www.w3.org/TR/xhtml1/DTD/xhtml1-transitional.dtd">\n
Action.c(65):     <html xmlns="http://www.w3.org/1999/xhtml" lang="en-US" xml:lang="en-US">\n
Action.c(65):     <head>\n
Action.c(65):     <title>Web Tours Navigation Bar</title>\n
Action.c(65):     <meta http-equiv="Content-Type" content="text/html; charset=iso-8859-1" />\n
Action.c(65):     </head>\n
Action.c(65):     <body bgcolor="#E0E7F1">\n
Action.c(65):     <style>\n
Action.c(65): t=96078ms: 216-byte response headers for "http://localhost:1080/cgi-bin/error.pl?error=badPassword" (RelFrameId=1.2, Internal ID=68)
Action.c(65):     blockquote {font-family: tahoma; font-size : 10pt}\n
Action.c(65):     H1 {font-family: tahoma; font-size : 22pt; color: #993333}\n
Action.c(65):     HTTP/1.1 200 OK\r\n
Action.c(65):     H3 {font-family: tahoma; font-size : 10pt; color: black}\n
Action.c(65):     Date: Sat, 21 Dec 2024 00:22:25 GMT\r\n
Action.c(65):     small {font-family: tahoma; font-size : 8pt}\n
Action.c(65):     Server: Apache/2.2.21 (Win32)\r\n
Action.c(65):     </style>\n
Action.c(65):     Keep-Alive: timeout=5, max=100\r\n
Action.c(65):     <form method="post" action="/cgi-bin/login.pl" target="body">\n
Action.c(65):     Connection: Keep-Alive\r\n
Action.c(65):     <input type="hidden" name="userSession" value="140521.712434184HcciAifpfiDDDDDDtDDzipfVDf"
Action.c(65):     Transfer-Encoding: chunked\r\n
Action.c(65):     />\n
Action.c(65):     Content-Type: text/html; charset=ISO-8859-1\r\n
Action.c(65):     <table border="0"><tr><td>&nbsp;</td>\n
Action.c(65):     \r\n
Action.c(65):     <td>&nbsp;</td></tr>\n
Action.c(65):     <tr><td>&nbsp;</td>\n
Action.c(65): t=96078ms: 5-byte chunked response overhead for "http://localhost:1080/cgi-bin/error.pl?error=badPassword" (RelFrameId=1.2, Internal ID=68)
Action.c(65):     <td>&nbsp;</td></tr>\n
Action.c(65):     406\r\n
Action.c(65):     <tr><td>&nbsp;</td>\n
Action.c(65):     <td><small>&nbsp;Username</small></td></tr>\n
Action.c(65): t=96078ms: 2-byte chunked response overhead for "http://localhost:1080/cgi-bin/error.pl?error=badPassword" (RelFrameId=1.2, Internal ID=68)
Action.c(65):     <tr><td>&nbsp;</td>\n
Action.c(65):     \r\n
Action.c(65):     <td><input type="text" name="username" value="vinnyShotgun" size="14" maxlength="14"/></td
Action.c(65):     ></tr>\n
Action.c(65): t=96078ms: 1030-byte chunked response body for "http://localhost:1080/cgi-bin/error.pl?error=badPassword" (RelFrameId=1.2, Internal ID=68)
Action.c(65):     <tr><td>&nbsp;</td>\n
Action.c(65):     <!DOCTYPE html\n
Action.c(65):     <td><small>&nbsp;Password</small></td>\n
Action.c(65):     \tPUBLIC "-//W3C//DTD XHTML 1.0 Transitional//EN"\n
Action.c(65):     <tr><td>&nbsp;</td>\n
Action.c(65):     \t "http://www.w3.org/TR/xhtml1/DTD/xhtml1-transitional.dtd">\n
Action.c(65):     <td><input type="password" name="password" value="Mobster88" size="14" maxlength="14"/></t
Action.c(65):     <html xmlns="http://www.w3.org/1999/xhtml" lang="en-US" xml:lang="en-US">\n
Action.c(65):     d></tr>\n
Action.c(65):     <head>\n
Action.c(65):     <tr><td>&nbsp;</td>\n
Action.c(65):     <title>Web Tours Error - Incorrect Password</title>\n
Action.c(65):     <td>&nbsp;</td></tr>\n
Action.c(65):     <meta http-equiv="Content-Type" content="text/html; charset=iso-8859-1" />\n
Action.c(65):     <tr><td>&nbsp;</td>\n
Action.c(65):     </head>\n
Action.c(65):     <td><input type="image" name="login" value="Login" alt="Login" border="1" \n
Action.c(65):     <body bgcolor="#E0E7F1">\n
Action.c(65):     src="/WebTours/images/mer_login.gif"/></td></tr>\n
Action.c(65):     <style>blockquote {font-family: tahoma; font-size : 10pt}H1 {font-family: tahoma; font-siz
Action.c(65):     <tr><td>&nbsp;</td><td>&nbsp;</td></tr>\n
Action.c(65):     e : 22pt; color: #003366}small {font-family: tahoma; font-size : 8pt}H3 {font-family: taho
Action.c(65):     </table><input type="hidden" name="JSFormSubmit" value="off"/>\n
Action.c(65):     </form>\n
Action.c(65):     ma; font-size : 10pt; color: black}TD {font-family: tahoma; font-size : 8pt; color: black}
Action.c(65):     \n
Action.c(65):     </style><BR><BR><h1>&nbsp;&nbsp;<b>Error</b></h1><blockquote><center><h3><font color=red>W
Action.c(65):     </body>\n
Action.c(65):     eb Tours Error - Incorrect Password</font></h3></center><blockquote>\n
Action.c(65):     The username/password combination you've entered is invalid.  \n
Action.c(65):     </html>\n
Action.c(65):      Please double check your entry.  If it still does not work, you might \n
Action.c(65):      need to re-register with our site. <p /> Thank you for your patience.\n
Action.c(65):     </blockquote>\n
Action.c(65):     </body>\n
Action.c(65):     </html>
Action.c(65): Resource "http://localhost:1080/WebTours/images/mer_login.gif" is in the cache already and will not be downloaded again  	[MsgId: MMSG-26655]
Action.c(65): t=96081ms: 5-byte chunked response overhead for "http://localhost:1080/cgi-bin/nav.pl?username=vinnyShotgun&password=Mobster88#" (RelFrameId=1.1, Internal ID=67)
Action.c(65):     0\r\n
Action.c(65):     \r\n
Action.c(65): t=96081ms: Request done "http://localhost:1080/cgi-bin/nav.pl?username=vinnyShotgun&password=Mobster88#"  	[MsgId: MMSG-26000]
Action.c(65): t=96082ms: 5-byte chunked response overhead for "http://localhost:1080/cgi-bin/error.pl?error=badPassword" (RelFrameId=1.2, Internal ID=68)
Action.c(65):     0\r\n
Action.c(65):     \r\n
Action.c(65): t=96082ms: Request done "http://localhost:1080/cgi-bin/error.pl?error=badPassword"  	[MsgId: MMSG-26000]
Action.c(65): Error -26366: "Text=User password was correct" not found for web_reg_find  	[MsgId: MERR-26366]
Action.c(65): Error -26366: "Text=<blockquote>Welcome, <b>vinnyShotgun</b>, to the Web Tours" not found for web_reg_find  	[MsgId: MERR-26366]
Action.c(65): t=96083ms: 216-byte response headers for "http://localhost:1080/cgi-bin/error.pl?error=badPassword" (RelFrameId=1.2, Internal ID=68)
Action.c(65): web_submit_data("login.pl") highest severity level was "ERROR", 3005 body bytes, 700 header bytes, 36 chunking overhead bytes  	[MsgId: MMSG-26387]
Action.c(65): Notify: Transaction "LogIn" ended with a "Fail" status (Duration: 0,4230 Wasted Time: 0,0000).	[MsgId: MMSG-16871]
Action.c(65): Notify: Transaction "LogIn" has 2 error message(s).	[MsgId: MMSG-16818]
Action.c(65): Notify: The 1st error message associated with transaction "LogIn" is "Error -26366: "Text=User password was correct" not found for web_reg_find"	[MsgId: MMSG-16819]
Action.c(65): Notify: The 2nd error message associated with transaction "LogIn" is "Error -26366: "Text=<blockquote>Welcome, <b>vinnyShotgun</b>, to the Web Tours" not found for web_reg_find"	[MsgId: MMSG-16819]
Action.c(65):     HTTP/1.1 200 OK\r\n
Action.c(65): Notify: Transaction "UC2_FindFlight" ended with a "Fail" status (Duration: 5,7288 Think Time: 5,0011 Wasted Time: 0,0015).	[MsgId: MMSG-16870]
Action.c(65):     Date: Sat, 21 Dec 2024 00:22:25 GMT\r\n
Action.c(65): Notify: Transaction "UC2_FindFlight" has 2 error message(s).	[MsgId: MMSG-16818]
Action.c(65):     Server: Apache/2.2.21 (Win32)\r\n
Action.c(65):     Keep-Alive: timeout=5, max=100\r\n
Action.c(65): Notify: The 1st error message associated with transaction "UC2_FindFlight" is "Error -26366: "Text=User password was correct" not found for web_reg_find"	[MsgId: MMSG-16819]
Action.c(65):     Connection: Keep-Alive\r\n
Action.c(65): Notify: The 2nd error message associated with transaction "UC2_FindFlight" is "Error -26366: "Text=<blockquote>Welcome, <b>vinnyShotgun</b>, to the Web Tours" not found for web_reg_find"	[MsgId: MMSG-16819]
Action.c(65):     Transfer-Encoding: chunked\r\n
Action.c(65):     Content-Type: text/html; charset=ISO-8859-1\r\n
Action.c(65):     \r\n
Ending action Action.	[MsgId: MMSG-15918]
Action.c(65): t=96084ms: 5-byte chunked response overhead for "http://localhost:1080/cgi-bin/error.pl?error=badPassword" (RelFrameId=1.2, Internal ID=68)
Ending iteration 4.	[MsgId: MMSG-15965]
Action.c(65):     406\r\n
Waiting 24,2690 seconds for iteration pacing.	[MsgId: MMSG-15996]
Action.c(65): t=96084ms: 2-byte chunked response overhead for "http://localhost:1080/cgi-bin/error.pl?error=badPassword" (RelFrameId=1.2, Internal ID=68)
Action.c(65):     \r\n
Action.c(65): t=96084ms: 1030-byte chunked response body for "http://localhost:1080/cgi-bin/error.pl?error=badPassword" (RelFrameId=1.2, Internal ID=68)
Action.c(65):     <!DOCTYPE html\n
Action.c(65):     \tPUBLIC "-//W3C//DTD XHTML 1.0 Transitional//EN"\n
Action.c(65):     \t "http://www.w3.org/TR/xhtml1/DTD/xhtml1-transitional.dtd">\n
Action.c(65):     <html xmlns="http://www.w3.org/1999/xhtml" lang="en-US" xml:lang="en-US">\n
Action.c(65):     <head>\n
Action.c(65):     <title>Web Tours Error - Incorrect Password</title>\n
Action.c(65):     <meta http-equiv="Content-Type" content="text/html; charset=iso-8859-1" />\n
Action.c(65):     </head>\n
Action.c(65):     <body bgcolor="#E0E7F1">\n
Action.c(65):     <style>blockquote {font-family: tahoma; font-size : 10pt}H1 {font-family: tahoma; font-siz
Action.c(65):     e : 22pt; color: #003366}small {font-family: tahoma; font-size : 8pt}H3 {font-family: taho
Action.c(65):     ma; font-size : 10pt; color: black}TD {font-family: tahoma; font-size : 8pt; color: black}
Action.c(65):     </style><BR><BR><h1>&nbsp;&nbsp;<b>Error</b></h1><blockquote><center><h3><font color=red>W
Action.c(65):     eb Tours Error - Incorrect Password</font></h3></center><blockquote>\n
Action.c(65):     The username/password combination you've entered is invalid.  \n
Action.c(65):      Please double check your entry.  If it still does not work, you might \n
Action.c(65):      need to re-register with our site. <p /> Thank you for your patience.\n
Action.c(65):     </blockquote>\n
Action.c(65):     </body>\n
Action.c(65):     </html>
Action.c(65): t=96086ms: 256-byte response headers for "http://localhost:1080/cgi-bin/nav.pl?username=vinnyShotgun&password=Mobster88#" (RelFrameId=1.1, Internal ID=67)
Action.c(65):     HTTP/1.1 200 OK\r\n
Action.c(65):     Date: Sat, 21 Dec 2024 00:22:25 GMT\r\n
Action.c(65):     Server: Apache/2.2.21 (Win32)\r\n
Action.c(65):     Expires: Fri, 20 Dec 2024 00:22:25 GMT\r\n
Action.c(65):     Keep-Alive: timeout=5, max=100\r\n
Action.c(65):     Connection: Keep-Alive\r\n
Action.c(65):     Transfer-Encoding: chunked\r\n
Action.c(65):     Content-Type: text/html; charset=ISO-8859-1\r\n
Action.c(65):     \r\n
Action.c(65): t=96086ms: 5-byte chunked response overhead for "http://localhost:1080/cgi-bin/nav.pl?username=vinnyShotgun&password=Mobster88#" (RelFrameId=1.1, Internal ID=67)
Action.c(65):     5e5\r\n
Action.c(65): t=96086ms: 2-byte chunked response overhead for "http://localhost:1080/cgi-bin/nav.pl?username=vinnyShotgun&password=Mobster88#" (RelFrameId=1.1, Internal ID=67)
Action.c(65):     \r\n
Action.c(65): t=96086ms: 1509-byte chunked response body for "http://localhost:1080/cgi-bin/nav.pl?username=vinnyShotgun&password=Mobster88#" (RelFrameId=1.1, Internal ID=67)
Action.c(65):     <!DOCTYPE html\n
Action.c(65):     \tPUBLIC "-//W3C//DTD XHTML 1.0 Transitional//EN"\n
Action.c(65):     \t "http://www.w3.org/TR/xhtml1/DTD/xhtml1-transitional.dtd">\n
Action.c(65):     <html xmlns="http://www.w3.org/1999/xhtml" lang="en-US" xml:lang="en-US">\n
Action.c(65):     <head>\n
Action.c(65):     <title>Web Tours Navigation Bar</title>\n
Action.c(65):     <meta http-equiv="Content-Type" content="text/html; charset=iso-8859-1" />\n
Action.c(65):     </head>\n
Action.c(65):     <body bgcolor="#E0E7F1">\n
Action.c(65):     <style>\n
Action.c(65):     blockquote {font-family: tahoma; font-size : 10pt}\n
Action.c(65):     H1 {font-family: tahoma; font-size : 22pt; color: #993333}\n
Action.c(65):     H3 {font-family: tahoma; font-size : 10pt; color: black}\n
Action.c(65):     small {font-family: tahoma; font-size : 8pt}\n
Action.c(65):     </style>\n
Action.c(65):     <form method="post" action="/cgi-bin/login.pl" target="body">\n
Action.c(65):     <input type="hidden" name="userSession" value="140521.712434184HcciAifpfiDDDDDDtDDzipfVDf"
Action.c(65):     />\n
Action.c(65):     <table border="0"><tr><td>&nbsp;</td>\n
Action.c(65):     <td>&nbsp;</td></tr>\n
Action.c(65):     <tr><td>&nbsp;</td>\n
Action.c(65):     <td>&nbsp;</td></tr>\n
Action.c(65):     <tr><td>&nbsp;</td>\n
Action.c(65):     <td><small>&nbsp;Username</small></td></tr>\n
Action.c(65):     <tr><td>&nbsp;</td>\n
Action.c(65): t=96087ms: 5-byte chunked response overhead for "http://localhost:1080/cgi-bin/error.pl?error=badPassword" (RelFrameId=1.2, Internal ID=68)
Action.c(65):     <td><input type="text" name="username" value="vinnyShotgun" size="14" maxlength="14"/></td
Action.c(65):     0\r\n
Action.c(65):     ></tr>\n
Action.c(65):     \r\n
Action.c(65):     <tr><td>&nbsp;</td>\n
Action.c(65):     <td><small>&nbsp;Password</small></td>\n
Action.c(65): t=96087ms: Request done "http://localhost:1080/cgi-bin/error.pl?error=badPassword"  	[MsgId: MMSG-26000]
Action.c(65):     <tr><td>&nbsp;</td>\n
Action.c(65):     <td><input type="password" name="password" value="Mobster88" size="14" maxlength="14"/></t
Action.c(65):     d></tr>\n
Action.c(65): Error -26366: "Text=User password was correct" not found for web_reg_find  	[MsgId: MERR-26366]
Action.c(65):     <tr><td>&nbsp;</td>\n
Action.c(65):     <td>&nbsp;</td></tr>\n
Action.c(65):     <tr><td>&nbsp;</td>\n
Action.c(65):     <td><input type="image" name="login" value="Login" alt="Login" border="1" \n
Action.c(65): Error -26366: "Text=<blockquote>Welcome, <b>vinnyShotgun</b>, to the Web Tours" not found for web_reg_find  	[MsgId: MERR-26366]
Action.c(65):     src="/WebTours/images/mer_login.gif"/></td></tr>\n
Action.c(65):     <tr><td>&nbsp;</td><td>&nbsp;</td></tr>\n
Action.c(65):     </table><input type="hidden" name="JSFormSubmit" value="off"/>\n
Action.c(65): web_submit_data("login.pl") highest severity level was "ERROR", 3005 body bytes, 700 header bytes, 36 chunking overhead bytes  	[MsgId: MMSG-26387]
Action.c(65):     </form>\n
Action.c(65):     \n
Action.c(65):     </body>\n
Action.c(65):     </html>\n
Action.c(65): Notify: Transaction "LogIn" ended with a "Fail" status (Duration: 0,4124 Wasted Time: 0,0001).	[MsgId: MMSG-16871]
Action.c(65): Notify: Transaction "LogIn" has 2 error message(s).	[MsgId: MMSG-16818]
Action.c(65): Resource "http://localhost:1080/WebTours/images/mer_login.gif" is in the cache already and will not be downloaded again  	[MsgId: MMSG-26655]
Action.c(65): Notify: The 1st error message associated with transaction "LogIn" is "Error -26366: "Text=User password was correct" not found for web_reg_find"	[MsgId: MMSG-16819]
Action.c(65): Notify: The 2nd error message associated with transaction "LogIn" is "Error -26366: "Text=<blockquote>Welcome, <b>vinnyShotgun</b>, to the Web Tours" not found for web_reg_find"	[MsgId: MMSG-16819]
Action.c(65): t=96088ms: 216-byte response headers for "http://localhost:1080/cgi-bin/error.pl?error=badPassword" (RelFrameId=1.2, Internal ID=68)
Action.c(65): Notify: Transaction "UC2_FindFlight" ended with a "Fail" status (Duration: 5,7336 Think Time: 5,0089 Wasted Time: 0,0027).	[MsgId: MMSG-16870]
Action.c(65):     HTTP/1.1 200 OK\r\n
Action.c(65): Notify: Transaction "UC2_FindFlight" has 2 error message(s).	[MsgId: MMSG-16818]
Action.c(65):     Date: Sat, 21 Dec 2024 00:22:25 GMT\r\n
Action.c(65): Notify: The 1st error message associated with transaction "UC2_FindFlight" is "Error -26366: "Text=User password was correct" not found for web_reg_find"	[MsgId: MMSG-16819]
Action.c(65):     Server: Apache/2.2.21 (Win32)\r\n
Action.c(65):     Keep-Alive: timeout=5, max=100\r\n
Action.c(65): Notify: The 2nd error message associated with transaction "UC2_FindFlight" is "Error -26366: "Text=<blockquote>Welcome, <b>vinnyShotgun</b>, to the Web Tours" not found for web_reg_find"	[MsgId: MMSG-16819]
Action.c(65):     Connection: Keep-Alive\r\n
Action.c(65):     Transfer-Encoding: chunked\r\n
Action.c(65):     Content-Type: text/html; charset=ISO-8859-1\r\n
Action.c(65):     \r\n
Ending action Action.	[MsgId: MMSG-15918]
Action.c(65): t=96089ms: 5-byte chunked response overhead for "http://localhost:1080/cgi-bin/error.pl?error=badPassword" (RelFrameId=1.2, Internal ID=68)
Ending iteration 4.	[MsgId: MMSG-15965]
Action.c(65):     406\r\n
Waiting 24,2650 seconds for iteration pacing.	[MsgId: MMSG-15996]
Action.c(65): t=96089ms: 2-byte chunked response overhead for "http://localhost:1080/cgi-bin/error.pl?error=badPassword" (RelFrameId=1.2, Internal ID=68)
Action.c(65):     \r\n
Action.c(65): t=96089ms: 1030-byte chunked response body for "http://localhost:1080/cgi-bin/error.pl?error=badPassword" (RelFrameId=1.2, Internal ID=68)
Action.c(65):     <!DOCTYPE html\n
Action.c(65):     \tPUBLIC "-//W3C//DTD XHTML 1.0 Transitional//EN"\n
Action.c(65):     \t "http://www.w3.org/TR/xhtml1/DTD/xhtml1-transitional.dtd">\n
Action.c(65):     <html xmlns="http://www.w3.org/1999/xhtml" lang="en-US" xml:lang="en-US">\n
Action.c(65):     <head>\n
Action.c(65):     <title>Web Tours Error - Incorrect Password</title>\n
Action.c(65):     <meta http-equiv="Content-Type" content="text/html; charset=iso-8859-1" />\n
Action.c(65):     </head>\n
Action.c(65):     <body bgcolor="#E0E7F1">\n
Action.c(65):     <style>blockquote {font-family: tahoma; font-size : 10pt}H1 {font-family: tahoma; font-siz
Action.c(65):     e : 22pt; color: #003366}small {font-family: tahoma; font-size : 8pt}H3 {font-family: taho
Action.c(65):     ma; font-size : 10pt; color: black}TD {font-family: tahoma; font-size : 8pt; color: black}
Action.c(65):     </style><BR><BR><h1>&nbsp;&nbsp;<b>Error</b></h1><blockquote><center><h3><font color=red>W
Action.c(65):     eb Tours Error - Incorrect Password</font></h3></center><blockquote>\n
Action.c(65):     The username/password combination you've entered is invalid.  \n
Action.c(65):      Please double check your entry.  If it still does not work, you might \n
Action.c(65):      need to re-register with our site. <p /> Thank you for your patience.\n
Action.c(65):     </blockquote>\n
Action.c(65):     </body>\n
Action.c(65):     </html>
Action.c(65): t=96090ms: 5-byte chunked response overhead for "http://localhost:1080/cgi-bin/nav.pl?username=vinnyShotgun&password=Mobster88#" (RelFrameId=1.1, Internal ID=67)
Action.c(65):     0\r\n
Action.c(65):     \r\n
Action.c(65): t=96090ms: Request done "http://localhost:1080/cgi-bin/nav.pl?username=vinnyShotgun&password=Mobster88#"  	[MsgId: MMSG-26000]
Action.c(65): t=96092ms: 5-byte chunked response overhead for "http://localhost:1080/cgi-bin/error.pl?error=badPassword" (RelFrameId=1.2, Internal ID=68)
Action.c(65):     0\r\n
Action.c(65):     \r\n
Action.c(65): t=96092ms: Request done "http://localhost:1080/cgi-bin/error.pl?error=badPassword"  	[MsgId: MMSG-26000]
Action.c(65): Error -26366: "Text=User password was correct" not found for web_reg_find  	[MsgId: MERR-26366]
Action.c(65): Error -26366: "Text=<blockquote>Welcome, <b>vinnyShotgun</b>, to the Web Tours" not found for web_reg_find  	[MsgId: MERR-26366]
Action.c(65): web_submit_data("login.pl") highest severity level was "ERROR", 3005 body bytes, 700 header bytes, 36 chunking overhead bytes  	[MsgId: MMSG-26387]
Action.c(65): Notify: Transaction "LogIn" ended with a "Fail" status (Duration: 0,4021 Wasted Time: 0,0000).	[MsgId: MMSG-16871]
Action.c(65): Notify: Transaction "LogIn" has 2 error message(s).	[MsgId: MMSG-16818]
Action.c(65): Notify: The 1st error message associated with transaction "LogIn" is "Error -26366: "Text=User password was correct" not found for web_reg_find"	[MsgId: MMSG-16819]
Action.c(65): Notify: The 2nd error message associated with transaction "LogIn" is "Error -26366: "Text=<blockquote>Welcome, <b>vinnyShotgun</b>, to the Web Tours" not found for web_reg_find"	[MsgId: MMSG-16819]
Action.c(65): Notify: Transaction "UC2_FindFlight" ended with a "Fail" status (Duration: 5,7379 Think Time: 5,0152 Wasted Time: 0,0015).	[MsgId: MMSG-16870]
Action.c(65): Notify: Transaction "UC2_FindFlight" has 2 error message(s).	[MsgId: MMSG-16818]
Action.c(65): Notify: The 1st error message associated with transaction "UC2_FindFlight" is "Error -26366: "Text=User password was correct" not found for web_reg_find"	[MsgId: MMSG-16819]
Action.c(65): Notify: The 2nd error message associated with transaction "UC2_FindFlight" is "Error -26366: "Text=<blockquote>Welcome, <b>vinnyShotgun</b>, to the Web Tours" not found for web_reg_find"	[MsgId: MMSG-16819]
Ending action Action.	[MsgId: MMSG-15918]
Ending iteration 4.	[MsgId: MMSG-15965]
Waiting 24,2600 seconds for iteration pacing.	[MsgId: MMSG-15996]
Action was aborted.	[MsgId: MMSG-10694]
Action was aborted.	[MsgId: MMSG-10694]
Action was aborted.	[MsgId: MMSG-10694]
Action was aborted.	[MsgId: MMSG-10694]
Action was aborted.	[MsgId: MMSG-10694]
Action was aborted.	[MsgId: MMSG-10694]
Ending Vuser...	[MsgId: MMSG-15966]
Ending Vuser...	[MsgId: MMSG-15966]
Action was aborted.	[MsgId: MMSG-10694]
Ending Vuser...	[MsgId: MMSG-15966]
Starting action vuser_end.	[MsgId: MMSG-15919]
Action was aborted.	[MsgId: MMSG-10694]
Starting action vuser_end.	[MsgId: MMSG-15919]
Ending Vuser...	[MsgId: MMSG-15966]
Ending Vuser...	[MsgId: MMSG-15966]
Action was aborted.	[MsgId: MMSG-10694]
Ending Vuser...	[MsgId: MMSG-15966]
Ending Vuser...	[MsgId: MMSG-15966]
Starting action vuser_end.	[MsgId: MMSG-15919]
Ending Vuser...	[MsgId: MMSG-15966]
Starting action vuser_end.	[MsgId: MMSG-15919]
Ending Vuser...	[MsgId: MMSG-15966]
Starting action vuser_end.	[MsgId: MMSG-15919]
Ending action vuser_end.	[MsgId: MMSG-15918]
Ending action vuser_end.	[MsgId: MMSG-15918]
Starting action vuser_end.	[MsgId: MMSG-15919]
Starting action vuser_end.	[MsgId: MMSG-15919]
Starting action vuser_end.	[MsgId: MMSG-15919]
Ending action vuser_end.	[MsgId: MMSG-15918]
Vuser Terminated.	[MsgId: MMSG-15963]
Vuser Terminated.	[MsgId: MMSG-15963]
Vuser Terminated.	[MsgId: MMSG-15963]
Ending action vuser_end.	[MsgId: MMSG-15918]
Ending action vuser_end.	[MsgId: MMSG-15918]
Ending action vuser_end.	[MsgId: MMSG-15918]
Action.c(65): t=119701ms: Closed connection [0] to localhost:1080 after completing 4 request(s)  	[MsgId: MMSG-26000]
Ending action vuser_end.	[MsgId: MMSG-15918]
Action.c(65): t=119701ms: Closed connection [0] to localhost:1080 after completing 4 request(s)  	[MsgId: MMSG-26000]
Vuser Terminated.	[MsgId: MMSG-15963]
Ending action vuser_end.	[MsgId: MMSG-15918]
Vuser Terminated.	[MsgId: MMSG-15963]
Vuser Terminated.	[MsgId: MMSG-15963]
Vuser Terminated.	[MsgId: MMSG-15963]
Vuser Terminated.	[MsgId: MMSG-15963]
Action.c(65): t=119701ms: Closed connection [0] to localhost:1080 after completing 4 request(s)  	[MsgId: MMSG-26000]
Action.c(65): t=119701ms: Closed connection [0] to localhost:1080 after completing 4 request(s)  	[MsgId: MMSG-26000]
Action.c(65): t=119701ms: Closed connection [0] to localhost:1080 after completing 4 request(s)  	[MsgId: MMSG-26000]
Action.c(65): t=119701ms: Closed connection [0] to localhost:1080 after completing 4 request(s)  	[MsgId: MMSG-26000]
Action.c(65): t=119701ms: Closed connection [0] to localhost:1080 after completing 4 request(s)  	[MsgId: MMSG-26000]
Action.c(65): t=119701ms: Closed connection [1] to localhost:1080 after completing 1 request(s)  	[MsgId: MMSG-26000]
Action.c(65): t=119701ms: Closed connection [1] to localhost:1080 after completing 1 request(s)  	[MsgId: MMSG-26000]
Action.c(65): t=119702ms: Closed connection [1] to localhost:1080 after completing 1 request(s)  	[MsgId: MMSG-26000]
Action.c(65): t=119702ms: Closed connection [1] to localhost:1080 after completing 1 request(s)  	[MsgId: MMSG-26000]
Action.c(65): t=119702ms: Closed connection [2] to localhost:1080 after completing 1 request(s)  	[MsgId: MMSG-26000]
Action.c(65): t=119702ms: Closed connection [1] to localhost:1080 after completing 1 request(s)  	[MsgId: MMSG-26000]
Action.c(65): t=119702ms: Closed connection [2] to localhost:1080 after completing 1 request(s)  	[MsgId: MMSG-26000]
Action.c(65): t=119702ms: Closed connection [1] to localhost:1080 after completing 1 request(s)  	[MsgId: MMSG-26000]
Action.c(65): t=119702ms: Closed connection [2] to localhost:1080 after completing 1 request(s)  	[MsgId: MMSG-26000]
Action.c(65): t=119702ms: Closed connection [1] to localhost:1080 after completing 1 request(s)  	[MsgId: MMSG-26000]
Action.c(65): t=119702ms: Closed connection [2] to localhost:1080 after completing 1 request(s)  	[MsgId: MMSG-26000]
Action.c(65): t=119702ms: Closed connection [2] to localhost:1080 after completing 1 request(s)  	[MsgId: MMSG-26000]
Action.c(65): t=119702ms: Closed connection [2] to localhost:1080 after completing 1 request(s)  	[MsgId: MMSG-26000]
Action was aborted.	[MsgId: MMSG-10694]
Action.c(65): t=119702ms: Closed connection [2] to localhost:1080 after completing 1 request(s)  	[MsgId: MMSG-26000]
Ending Vuser...	[MsgId: MMSG-15966]
Starting action vuser_end.	[MsgId: MMSG-15919]
Starting action vuser_end.	[MsgId: MMSG-15919]
Ending action vuser_end.	[MsgId: MMSG-15918]
Vuser Terminated.	[MsgId: MMSG-15963]
Action.c(65): t=119703ms: Closed connection [0] to localhost:1080 after completing 4 request(s)  	[MsgId: MMSG-26000]
Ending action vuser_end.	[MsgId: MMSG-15918]
Vuser Terminated.	[MsgId: MMSG-15963]
Action.c(65): t=119703ms: Closed connection [0] to localhost:1080 after completing 4 request(s)  	[MsgId: MMSG-26000]
HTML-Mode memory management statistics: Reusable=5, NonReusable=0, CsMemBlockSize=4096, checks disabled  	[MsgId: MMSG-26000]
Action.c(65): t=119703ms: Closed connection [1] to localhost:1080 after completing 1 request(s)  	[MsgId: MMSG-26000]
Action.c(65): t=119703ms: Closed connection [1] to localhost:1080 after completing 1 request(s)  	[MsgId: MMSG-26000]
Action.c(65): t=119703ms: Closed connection [2] to localhost:1080 after completing 1 request(s)  	[MsgId: MMSG-26000]
Action.c(65): t=119703ms: Closed connection [2] to localhost:1080 after completing 1 request(s)  	[MsgId: MMSG-26000]
HTML-Mode memory management statistics: Reusable=5, NonReusable=0, CsMemBlockSize=4096, checks disabled  	[MsgId: MMSG-26000]
HTML-Mode memory management statistics: Reusable=5, NonReusable=0, CsMemBlockSize=4096, checks disabled  	[MsgId: MMSG-26000]
HTML-Mode memory management statistics: Reusable=5, NonReusable=0, CsMemBlockSize=4096, checks disabled  	[MsgId: MMSG-26000]
HTML-Mode memory management statistics: Reusable=5, NonReusable=0, CsMemBlockSize=4096, checks disabled  	[MsgId: MMSG-26000]
Vuser 2 (thread 12576), ended OK."	[MsgId: MMSG-10695]
HTML-Mode memory management statistics: Reusable=5, NonReusable=0, CsMemBlockSize=4096, checks disabled  	[MsgId: MMSG-26000]
HTML-Mode memory management statistics: Reusable=5, NonReusable=0, CsMemBlockSize=4096, checks disabled  	[MsgId: MMSG-26000]
Vuser 6 (thread 7268), ended OK."	[MsgId: MMSG-10695]
Vuser 7 (thread 13760), ended OK."	[MsgId: MMSG-10695]
Vuser 8 (thread 17860), ended OK."	[MsgId: MMSG-10695]
HTML-Mode memory management statistics: Reusable=5, NonReusable=0, CsMemBlockSize=4096, checks disabled  	[MsgId: MMSG-26000]
HTML-Mode memory management statistics: Reusable=5, NonReusable=0, CsMemBlockSize=4096, checks disabled  	[MsgId: MMSG-26000]
Vuser 1 (thread 25564), ended OK."	[MsgId: MMSG-10695]
Vuser 9 (thread 26556), ended OK."	[MsgId: MMSG-10695]
HTML-Mode memory management statistics: Reusable=5, NonReusable=0, CsMemBlockSize=4096, checks disabled  	[MsgId: MMSG-26000]
Vuser 4 (thread 21052), ended OK."	[MsgId: MMSG-10695]
Vuser 0 (thread 20196), ended OK."	[MsgId: MMSG-10695]
Vuser 5 (thread 16960), ended OK."	[MsgId: MMSG-10695]
Vuser 3 (thread 24428), ended OK."	[MsgId: MMSG-10695]
