Action.c(110): t=1271606ms: 256-byte response headers for "http://localhost:1080/cgi-bin/reservations.pl?page=welcome" (RelFrameId=1.2, Internal ID=570)
Action.c(110):     HTTP/1.1 200 OK\r\n
Action.c(110):     Date: Mon, 23 Dec 2024 17:14:00 GMT\r\n
Action.c(110):     Server: Apache/2.2.21 (Win32)\r\n
Action.c(110):     Expires: Sun, 22 Dec 2024 17:14:00 GMT\r\n
Action.c(110):     Keep-Alive: timeout=5, max=100\r\n
Action.c(110):     Connection: Keep-Alive\r\n
Action.c(110):     Transfer-Encoding: chunked\r\n
Action.c(110):     Content-Type: text/html; charset=ISO-8859-1\r\n
Action.c(110):     \r\n
Action.c(110): t=1271607ms: 5-byte chunked response overhead for "http://localhost:1080/cgi-bin/reservations.pl?page=welcome" (RelFrameId=1.2, Internal ID=570)
Action.c(110):     f84\r\n
Action.c(110): t=1271607ms: 7-byte chunked response overhead for "http://localhost:1080/cgi-bin/reservations.pl?page=welcome" (RelFrameId=1.2, Internal ID=570)
Action.c(110):     \r\n
Action.c(110):     112\r\n
Action.c(110): t=1271607ms: 7-byte chunked response overhead for "http://localhost:1080/cgi-bin/reservations.pl?page=welcome" (RelFrameId=1.2, Internal ID=570)
Action.c(110):     \r\n
Action.c(110):     0\r\n
Action.c(110):     \r\n
Action.c(110): t=1271607ms: 4246-byte chunked response body for "http://localhost:1080/cgi-bin/reservations.pl?page=welcome" (RelFrameId=1.2, Internal ID=570)
Action.c(110):     <!DOCTYPE html\n
Action.c(110):     \tPUBLIC "-//W3C//DTD XHTML 1.0 Transitional//EN"\n
Action.c(110):     \t "http://www.w3.org/TR/xhtml1/DTD/xhtml1-transitional.dtd">\n
Action.c(110):     <html xmlns="http://www.w3.org/1999/xhtml" lang="en-US" xml:lang="en-US">\n
Action.c(110):     <head>\n
Action.c(110):     <title>Flight Selections</title>\n
Action.c(110):     <meta http-equiv="Content-Type" content="text/html; charset=iso-8859-1" />\n
Action.c(110):     </head>\n
Action.c(110):     <body bgcolor="#E0E7F1">\n
Action.c(110):     <style>blockquote {font-family: tahoma; font-size : 10pt}H1 {font-family: tahoma; font-siz
Action.c(110):     e : 22pt; color: #993333}small {font-family: tahoma; font-size : 8pt}H3 {font-family: taho
Action.c(110):     ma; font-size : 10pt; color: black}TD {font-family: tahoma; font-size : 10pt; color: black
Action.c(110):     }</style><BR/><BR/><h1><font color="#003366">&nbsp;&nbsp;<b>Find Flight</font></b></h1><bl
Action.c(110):     ockquote>\n
Action.c(110):     <form method="post" action="reservations.pl" enctype="application/x-www-form-urlencoded" o
Action.c(110):     nsubmit="" name="DestForm">\n
Action.c(110):     <input type="hidden" name="advanceDiscount" value="0"  /><table border="0" cellspacing="5"
Action.c(110):     ><tr><td align="left">Departure City :</td> <td><select name="depart" >\n
Action.c(110):     <option selected="selected" value="Denver">Denver</option>\n
Action.c(110):     <option value="Frankfurt">Frankfurt</option>\n
Action.c(110):     <option value="London">London</option>\n
Action.c(110):     <option value="Los Angeles">Los Angeles</option>\n
Action.c(110):     <option value="Paris">Paris</option>\n
Action.c(110):     <option value="Portland">Portland</option>\n
Action.c(110):     <option value="San Francisco">San Francisco</option>\n
Action.c(110):     <option value="Seattle">Seattle</option>\n
Action.c(110):     <option value="Sydney">Sydney</option>\n
Action.c(110):     <option value="Zurich">Zurich</option>\n
Action.c(110):     </select></td> <td align="left">Departure Date :</td> <td><input type="text" name="departD
Action.c(110):     ate" value="12/24/2024" size="10" maxlength="10" /> \n
Action.c(110):     <!-- Departure Date Applet -->\n
Action.c(110):     <APPLET CODEBASE="/WebTours/classes/" CODE="FormDateUpdate.class" MAYSCRIPT Width=26 Heigh
Action.c(110):     t=28 BORDER=0>\n
Action.c(110):        <PARAM NAME=CalenderTitle  VALUE="Select Departure Date">\n
Action.c(110):        <PARAM NAME=HtmlFormIndex  VALUE=0>\n
Action.c(110):        <PARAM NAME=HtmlEditIndex  VALUE=2>\n
Action.c(110):        <PARAM NAME=AutoClose      VALUE=1>\n
Action.c(110):        <PARAM NAME=Label          VALUE="...">\n
Action.c(110):     </APPLET>\n
Action.c(110):     </td></tr> <tr><td align="left">Arrival City :</td> <td><select name="arrive" >\n
Action.c(110):     <option selected="selected" value="Denver">Denver</option>\n
Action.c(110):     <option value="Frankfurt">Frankfurt</option>\n
Action.c(110):     <option value="London">London</option>\n
Action.c(110):     <option value="Los Angeles">Los Angeles</option>\n
Action.c(110):     <option value="Paris">Paris</option>\n
Action.c(110):     <option value="Portland">Portland</option>\n
Action.c(110):     <option value="San Francisco">San Francisco</option>\n
Action.c(110):     <option value="Seattle">Seattle</option>\n
Action.c(110):     <option value="Sydney">Sydney</option>\n
Action.c(110):     <option value="Zurich">Zurich</option>\n
Action.c(110):     </select></td> <td align="left">Return Date :</td> <td><input type="text" name="returnDate
Action.c(110):     " value="12/25/2024" size="10" maxlength="10" /> \n
Action.c(110):     <!-- Return Date Applet -->\n
Action.c(110):     <APPLET CODEBASE="/WebTours/classes/" CODE="FormDateUpdate.class" MAYSCRIPT Width=26 Heigh
Action.c(110):     t=28 BORDER=0>\n
Action.c(110):        <PARAM NAME=CalenderTitle  VALUE="Select Return Date">\n
Action.c(110):        <PARAM NAME=HtmlFormIndex  VALUE=0>\n
Action.c(110):        <PARAM NAME=HtmlEditIndex  VALUE=4>\n
Action.c(110):        <PARAM NAME=AutoClose      VALUE=1>\n
Action.c(110):        <PARAM NAME=Label          VALUE="...">\n
Action.c(110):     </APPLET>\n
Action.c(110):     </td></tr> <tr><td align="left">No. of Passengers : </td> <td><input type="text" name="num
Action.c(110):     Passengers" value="1" size="3" maxlength="8" /></td> <td colspan="2"><label><input type="c
Action.c(110):     heckbox" name="roundtrip" value="on" />Roundtrip ticket</label></td></tr> <tr><td>Seating 
Action.c(110):     Preference</td> <td /> <td>Type of Seat</td></tr> <tr><td><label><input type="radio" name=
Action.c(110):     "seatPref" value="Aisle" />Aisle</label><br /> <label><input type="radio" name="seatPref" 
Action.c(110):     value="Window" />Window</label><br /> <label><input type="radio" name="seatPref" value="No
Action.c(110):     ne" checked="checked" />None</label><br /></td> <td /> <td><label><input type="radio" name
Action.c(110):     ="seatType" value="First" />First</label><br /> <label><input type="radio" name="seatType"
Action.c(110):      value="Business" />Business</label><br /> <label><input type="radio" name="seatType" valu
Action.c(110):     e="Coach" checked="checked" />Coach</label><br /></td></tr> <tr><td height="10" /></tr> <t
Action.c(110):     r><td align="center" colspan="4"><input type="image" name="findFlights" src="/WebTours/ima
Action.c(110):     ges/button_next.gif" border="0" /></td></tr></table><div><input type="hidden" name=".cgifi
Action.c(110):     elds" value="roundtrip"  /><input type="hidden" name=".cgifields" value="seatType"  /><inp
Action.c(110):     ut type="hidden" name=".cgifields" value="seatPref"  /></div></form>\n
Action.c(110):     </blockquote>\n
Action.c(110):     \n
Action.c(110):     </body>\n
Action.c(110):     </html>\n
Action.c(110): Notify: Saving Parameter "departCity_1 = Frankfurt".	[MsgId: MMSG-13798]
Action.c(110): Notify: Saving Parameter "arriveCity_1 = Frankfurt".	[MsgId: MMSG-13798]
Action.c(110): Notify: Saving Parameter "departCity_2 = London".	[MsgId: MMSG-13798]
Action.c(110): Notify: Saving Parameter "arriveCity_2 = London".	[MsgId: MMSG-13798]
Action.c(110): Notify: Saving Parameter "departCity_3 = Los Angeles".	[MsgId: MMSG-13798]
Action.c(110): Notify: Saving Parameter "arriveCity_3 = Los Angeles".	[MsgId: MMSG-13798]
Action.c(110): Notify: Saving Parameter "departCity_4 = Paris".	[MsgId: MMSG-13798]
Action.c(110): Notify: Saving Parameter "arriveCity_4 = Paris".	[MsgId: MMSG-13798]
Action.c(110): Notify: Saving Parameter "departCity_5 = Portland".	[MsgId: MMSG-13798]
Action.c(110): Notify: Saving Parameter "arriveCity_5 = Portland".	[MsgId: MMSG-13798]
Action.c(110): Notify: Saving Parameter "departCity_6 = San Francisco".	[MsgId: MMSG-13798]
Action.c(110): Notify: Saving Parameter "arriveCity_6 = San Francisco".	[MsgId: MMSG-13798]
Action.c(110): Notify: Saving Parameter "departCity_7 = Seattle".	[MsgId: MMSG-13798]
Action.c(110): Notify: Saving Parameter "arriveCity_7 = Seattle".	[MsgId: MMSG-13798]
Action.c(110): Notify: Saving Parameter "departCity_8 = Sydney".	[MsgId: MMSG-13798]
Action.c(110): Notify: Saving Parameter "arriveCity_8 = Sydney".	[MsgId: MMSG-13798]
Action.c(110): Notify: Saving Parameter "departCity_9 = Zurich".	[MsgId: MMSG-13798]
Action.c(110): Notify: Saving Parameter "arriveCity_9 = Zurich".	[MsgId: MMSG-13798]
Action.c(110): Notify: Saving Parameter "departCity_10 = Frankfurt".	[MsgId: MMSG-13798]
Action.c(110): Notify: Saving Parameter "arriveCity_10 = Frankfurt".	[MsgId: MMSG-13798]
Action.c(110): Notify: Saving Parameter "departCity_11 = London".	[MsgId: MMSG-13798]
Action.c(110): Notify: Saving Parameter "arriveCity_11 = London".	[MsgId: MMSG-13798]
Action.c(110): Notify: Saving Parameter "departCity_12 = Los Angeles".	[MsgId: MMSG-13798]
Action.c(110): Notify: Saving Parameter "arriveCity_12 = Los Angeles".	[MsgId: MMSG-13798]
Action.c(110): Notify: Saving Parameter "departCity_13 = Paris".	[MsgId: MMSG-13798]
Action.c(110): Notify: Saving Parameter "arriveCity_13 = Paris".	[MsgId: MMSG-13798]
Action.c(110): Notify: Saving Parameter "departCity_14 = Portland".	[MsgId: MMSG-13798]
Action.c(110): Notify: Saving Parameter "arriveCity_14 = Portland".	[MsgId: MMSG-13798]
Action.c(110): Notify: Saving Parameter "departCity_15 = San Francisco".	[MsgId: MMSG-13798]
Action.c(110): Notify: Saving Parameter "arriveCity_15 = San Francisco".	[MsgId: MMSG-13798]
Action.c(110): Notify: Saving Parameter "departCity_16 = Seattle".	[MsgId: MMSG-13798]
Action.c(110): Notify: Saving Parameter "arriveCity_16 = Seattle".	[MsgId: MMSG-13798]
Action.c(110): Notify: Saving Parameter "departCity_17 = Sydney".	[MsgId: MMSG-13798]
Action.c(110): Notify: Saving Parameter "arriveCity_17 = Sydney".	[MsgId: MMSG-13798]
Action.c(110): Notify: Saving Parameter "departCity_18 = Zurich".	[MsgId: MMSG-13798]
Action.c(110): Notify: Saving Parameter "arriveCity_18 = Zurich".	[MsgId: MMSG-13798]
Action.c(110): Notify: Saving Parameter "seatPref_1 = Aisle".	[MsgId: MMSG-13798]
Action.c(110): Notify: Saving Parameter "seatPref_2 = Window".	[MsgId: MMSG-13798]
Action.c(110): Notify: Saving Parameter "seatPref_3 = None".	[MsgId: MMSG-13798]
Action.c(110): Notify: Saving Parameter "seatType_1 = First".	[MsgId: MMSG-13798]
Action.c(110): Notify: Saving Parameter "seatType_2 = Business".	[MsgId: MMSG-13798]
Action.c(110): Notify: Saving Parameter "seatType_3 = Coach".	[MsgId: MMSG-13798]
Action.c(110): Found resource "http://localhost:1080/WebTours/images/button_next.gif" in HTML "http://localhost:1080/cgi-bin/reservations.pl?page=welcome"  	[MsgId: MMSG-26659]
Action.c(110): t=1271608ms: Request done "http://localhost:1080/cgi-bin/reservations.pl?page=welcome"  	[MsgId: MMSG-26000]
Action.c(110): t=1271608ms: Already connected [0] to localhost:1080  	[MsgId: MMSG-26000]
Action.c(110): t=1271608ms: 562-byte request headers for "http://localhost:1080/WebTours/images/button_next.gif" (RelFrameId=, Internal ID=573)
Action.c(110):     GET /WebTours/images/button_next.gif HTTP/1.1\r\n
Action.c(110):     Referer: http://localhost:1080/cgi-bin/reservations.pl?page=welcome\r\n
Action.c(110):     Priority: u=4\r\n
Action.c(110):     Upgrade-Insecure-Requests: 1\r\n
Action.c(110):     User-Agent: Mozilla/5.0 (Windows NT 10.0; Win64; x64; rv:132.0) Gecko/20100101 Firefox/132
Action.c(110):     .0\r\n
Action.c(110):     Accept-Encoding: gzip, deflate\r\n
Action.c(110):     Accept-Language: en-US,en;q=0.5\r\n
Action.c(110):     Accept: */*\r\n
Action.c(110):     Connection: Keep-Alive\r\n
Action.c(110):     Host: localhost:1080\r\n
Action.c(110):     Cookie: MSO=SID&1734974030; MTUserInfo=firstName&Tony&address2&New%20York&username&tonyBla
Action.c(110):     ckhands&hash&115&lastName&Blackhands%0A&address1&Brooklyn%20Drive&creditCard&&expDate&%0A\r
Action.c(110):     \n
Action.c(110):     \r\n
Action.c(110): t=1271609ms: 297-byte response headers for "http://localhost:1080/WebTours/images/button_next.gif" (RelFrameId=, Internal ID=573)
Action.c(110):     HTTP/1.1 200 OK\r\n
Action.c(110):     Date: Mon, 23 Dec 2024 17:14:01 GMT\r\n
Action.c(110):     Server: Apache/2.2.21 (Win32)\r\n
Action.c(110):     Last-Modified: Wed, 04 Dec 2024 18:02:12 GMT\r\n
Action.c(110):     ETag: "4000000068dc2-2f6-6287594beebad"\r\n
Action.c(110):     Accept-Ranges: bytes\r\n
Action.c(110):     Content-Length: 758\r\n
Action.c(110):     Keep-Alive: timeout=5, max=98\r\n
Action.c(110):     Connection: Keep-Alive\r\n
Action.c(110):     Content-Type: image/gif\r\n
Action.c(110):     \r\n
Action.c(110): t=1271609ms: 758-byte response body for "http://localhost:1080/WebTours/images/button_next.gif" (RelFrameId=, Internal ID=573)
Action.c(110): t=1271609ms: Request done "http://localhost:1080/WebTours/images/button_next.gif"  	[MsgId: MMSG-26000]
Action.c(110): Registered web_reg_find successful for "Text=User has returned to the search page" (count=1)  	[MsgId: MMSG-26364]
Action.c(110): Notify: Saving Parameter "departCity_count = 18".	[MsgId: MMSG-13798]
Action.c(110): Notify: Saving Parameter "arriveCity_count = 18".	[MsgId: MMSG-13798]
Action.c(110): Notify: Saving Parameter "seatPref_count = 3".	[MsgId: MMSG-13798]
Action.c(110): Notify: Saving Parameter "seatType_count = 3".	[MsgId: MMSG-13798]
Action.c(110): web_url("welcome.pl") was successful, 8516 body bytes, 1622 header bytes, 43 chunking overhead bytes  	[MsgId: MMSG-26385]
Action.c(120): web_add_auto_header("Origin") started  	[MsgId: MMSG-26355]
Action.c(120): An unrecognized header ("Origin") is being added  	[MsgId: MMSG-26595]
Action.c(120): "Origin: http://localhost:1080" header registered for adding to requests from all following Action functions  	[MsgId: MMSG-26505]
Action.c(120): web_add_auto_header("Origin") was successful  	[MsgId: MMSG-26392]
Action.c(124): Notify: Transaction "GoTo Flights" ended with a "Pass" status (Duration: 0,8574 Wasted Time: 0,0009).	[MsgId: MMSG-16871]
Action.c(126): lr_think_time: 5,00 seconds.	[MsgId: MMSG-15948]
Action.c(128): Notify: Transaction "FindFlight" started.	[MsgId: MMSG-16999]
Action.c(136): Notify: Parameter Substitution: parameter "departCity_count" =  "18"	[MsgId: MMSG-13992]
Action.c(136): Notify: Parameter Substitution: parameter "departCity_5" =  "Portland"	[MsgId: MMSG-13992]
Action.c(136): Notify: Saving Parameter "randDepartCity = Portland".	[MsgId: MMSG-13798]
Action.c(138): Notify: Parameter Substitution: parameter "arriveCity_count" =  "18"	[MsgId: MMSG-13992]
Action.c(138): Notify: Parameter Substitution: parameter "arriveCity_16" =  "Seattle"	[MsgId: MMSG-13992]
Action.c(139): Notify: Parameter Substitution: parameter "randDepartCity" =  "Portland"	[MsgId: MMSG-13992]
Action.c(141): Notify: Saving Parameter "randArriveCity = Seattle".	[MsgId: MMSG-13798]
Action.c(143): Notify: Parameter Substitution: parameter "seatPref_count" =  "3"	[MsgId: MMSG-13992]
Action.c(143): Notify: Parameter Substitution: parameter "seatPref_1" =  "Aisle"	[MsgId: MMSG-13992]
Action.c(143): Notify: Saving Parameter "randSeatPref = Aisle".	[MsgId: MMSG-13798]
Action.c(144): Notify: Parameter Substitution: parameter "seatType_count" =  "3"	[MsgId: MMSG-13992]
Action.c(144): Notify: Parameter Substitution: parameter "seatType_3" =  "Coach"	[MsgId: MMSG-13992]
Action.c(144): Notify: Saving Parameter "randSeatType = Coach".	[MsgId: MMSG-13798]
Action.c(146): web_reg_find started  	[MsgId: MMSG-26355]
Action.c(146): Registering web_reg_find was successful  	[MsgId: MMSG-26390]
Action.c(148): web_reg_find started  	[MsgId: MMSG-26355]
Action.c(148): Notify: Parameter Substitution: parameter "randDepartCity" =  "Portland"	[MsgId: MMSG-13992]
Action.c(148): Notify: Parameter Substitution: parameter "randArriveCity" =  "Seattle"	[MsgId: MMSG-13992]
Action.c(148): Registering web_reg_find was successful  	[MsgId: MMSG-26390]
Action.c(151): web_reg_save_param_attrib started  	[MsgId: MMSG-26355]
Action.c(151): Registering web_reg_save_param_attrib was successful  	[MsgId: MMSG-26390]
Action.c(161): web_submit_data("reservations.pl") started  	[MsgId: MMSG-26355]
Action.c(161): Notify: Parameter Substitution: parameter "randDepartCity" =  "Portland"	[MsgId: MMSG-13992]
Action.c(161): Notify: Parameter Substitution: parameter "flight_date" =  "18/10/2024"	[MsgId: MMSG-13992]
Action.c(161): Notify: Parameter Substitution: parameter "randArriveCity" =  "Seattle"	[MsgId: MMSG-13992]
Action.c(161): Notify: Parameter Substitution: parameter "arrival_date" =  "10/25/2024"	[MsgId: MMSG-13992]
Action.c(161): Notify: Parameter Substitution: parameter "numPassengers" =  "3"	[MsgId: MMSG-13992]
Action.c(161): Notify: Parameter Substitution: parameter "randSeatPref" =  "Aisle"	[MsgId: MMSG-13992]
Action.c(161): Notify: Parameter Substitution: parameter "randSeatType" =  "Coach"	[MsgId: MMSG-13992]
Action.c(161): t=1275819ms: Closed connection [0] to localhost:1080 after completing 2 request(s)  	[MsgId: MMSG-26000]
Action.c(161): t=1275820ms: Connecting [0] to host 127.0.0.1:1080  	[MsgId: MMSG-26000]
Action.c(161): t=1275820ms: Connected socket [0] from 127.0.0.1:20865 to 127.0.0.1:1080 in 0 ms  	[MsgId: MMSG-26000]
Action.c(161): t=1275820ms: 656-byte request headers for "http://localhost:1080/cgi-bin/reservations.pl" (RelFrameId=1, Internal ID=574)
Action.c(161):     POST /cgi-bin/reservations.pl HTTP/1.1\r\n
Action.c(161):     Content-Type: application/x-www-form-urlencoded\r\n
Action.c(161):     Referer: http://localhost:1080/cgi-bin/reservations.pl?page=welcome\r\n
Action.c(161):     Priority: u=4\r\n
Action.c(161):     Upgrade-Insecure-Requests: 1\r\n
Action.c(161):     Origin: http://localhost:1080\r\n
Action.c(161):     User-Agent: Mozilla/5.0 (Windows NT 10.0; Win64; x64; rv:132.0) Gecko/20100101 Firefox/132
Action.c(161):     .0\r\n
Action.c(161):     Accept-Encoding: gzip, deflate\r\n
Action.c(161):     Accept-Language: en-US,en;q=0.5\r\n
Action.c(161):     Accept: */*\r\n
Action.c(161):     Connection: Keep-Alive\r\n
Action.c(161):     Host: localhost:1080\r\n
Action.c(161):     Cookie: MSO=SID&1734974030; MTUserInfo=firstName&Tony&address2&New%20York&username&tonyBla
Action.c(161):     ckhands&hash&115&lastName&Blackhands%0A&address1&Brooklyn%20Drive&creditCard&&expDate&%0A\r
Action.c(161):     \n
Action.c(161):     Content-Length: 241\r\n
Action.c(161):     \r\n
Action.c(161): t=1275820ms: 241-byte request body for "http://localhost:1080/cgi-bin/reservations.pl" (RelFrameId=1, Internal ID=574)
Action.c(161):     advanceDiscount=0&depart=Portland&departDate=18%2F10%2F2024&arrive=Seattle&returnDate=10%2
Action.c(161):     F25%2F2024&numPassengers=3&seatPref=Aisle&seatType=Coach&findFlights.x=49&findFlights.y=12
Action.c(161):     &.cgifields=roundtrip&.cgifields=seatType&.cgifields=seatPref
Action.c(161): t=1275821ms: Inactive socket [1] was closed by localhost:1080, probably due to Keep-Alive timeout  	[MsgId: MMSG-26000]
Action.c(161): t=1275821ms: Closed connection [1] to localhost:1080 after completing 2 request(s)  	[MsgId: MMSG-26000]
Action.c(161): t=1275821ms: Inactive socket [2] was closed by localhost:1080, probably due to Keep-Alive timeout  	[MsgId: MMSG-26000]
Action.c(161): t=1275821ms: Closed connection [2] to localhost:1080 after completing 1 request(s)  	[MsgId: MMSG-26000]
Action.c(161): t=1275821ms: Inactive socket [3] was closed by localhost:1080, probably due to Keep-Alive timeout  	[MsgId: MMSG-26000]
Action.c(161): t=1275821ms: Closed connection [3] to localhost:1080 after completing 1 request(s)  	[MsgId: MMSG-26000]
Action.c(128): Notify: Transaction "FindFlight" started.	[MsgId: MMSG-16999]
Action.c(136): Notify: Parameter Substitution: parameter "departCity_count" =  "18"	[MsgId: MMSG-13992]
Action.c(136): Notify: Parameter Substitution: parameter "departCity_5" =  "Portland"	[MsgId: MMSG-13992]
Action.c(136): Notify: Saving Parameter "randDepartCity = Portland".	[MsgId: MMSG-13798]
Action.c(138): Notify: Parameter Substitution: parameter "arriveCity_count" =  "18"	[MsgId: MMSG-13992]
Action.c(138): Notify: Parameter Substitution: parameter "arriveCity_16" =  "Seattle"	[MsgId: MMSG-13992]
Action.c(139): Notify: Parameter Substitution: parameter "randDepartCity" =  "Portland"	[MsgId: MMSG-13992]
Action.c(141): Notify: Saving Parameter "randArriveCity = Seattle".	[MsgId: MMSG-13798]
Action.c(143): Notify: Parameter Substitution: parameter "seatPref_count" =  "3"	[MsgId: MMSG-13992]
Action.c(143): Notify: Parameter Substitution: parameter "seatPref_1" =  "Aisle"	[MsgId: MMSG-13992]
Action.c(143): Notify: Saving Parameter "randSeatPref = Aisle".	[MsgId: MMSG-13798]
Action.c(144): Notify: Parameter Substitution: parameter "seatType_count" =  "3"	[MsgId: MMSG-13992]
Action.c(144): Notify: Parameter Substitution: parameter "seatType_3" =  "Coach"	[MsgId: MMSG-13992]
Action.c(144): Notify: Saving Parameter "randSeatType = Coach".	[MsgId: MMSG-13798]
Action.c(146): web_reg_find started  	[MsgId: MMSG-26355]
Action.c(146): Registering web_reg_find was successful  	[MsgId: MMSG-26390]
Action.c(148): web_reg_find started  	[MsgId: MMSG-26355]
Action.c(148): Notify: Parameter Substitution: parameter "randDepartCity" =  "Portland"	[MsgId: MMSG-13992]
Action.c(148): Notify: Parameter Substitution: parameter "randArriveCity" =  "Seattle"	[MsgId: MMSG-13992]
Action.c(148): Registering web_reg_find was successful  	[MsgId: MMSG-26390]
Action.c(151): web_reg_save_param_attrib started  	[MsgId: MMSG-26355]
Action.c(151): Registering web_reg_save_param_attrib was successful  	[MsgId: MMSG-26390]
Action.c(161): web_submit_data("reservations.pl") started  	[MsgId: MMSG-26355]
Action.c(161): Notify: Parameter Substitution: parameter "randDepartCity" =  "Portland"	[MsgId: MMSG-13992]
Action.c(161): Notify: Parameter Substitution: parameter "flight_date" =  "18/10/2024"	[MsgId: MMSG-13992]
Action.c(161): Notify: Parameter Substitution: parameter "randArriveCity" =  "Seattle"	[MsgId: MMSG-13992]
Action.c(161): Notify: Parameter Substitution: parameter "arrival_date" =  "10/25/2024"	[MsgId: MMSG-13992]
Action.c(161): Notify: Parameter Substitution: parameter "numPassengers" =  "3"	[MsgId: MMSG-13992]
Action.c(161): Notify: Parameter Substitution: parameter "randSeatPref" =  "Aisle"	[MsgId: MMSG-13992]
Action.c(161): Notify: Parameter Substitution: parameter "randSeatType" =  "Coach"	[MsgId: MMSG-13992]
Action.c(161): t=1275868ms: Closed connection [0] to localhost:1080 after completing 3 request(s)  	[MsgId: MMSG-26000]
Action.c(161): t=1275868ms: Connecting [0] to host 127.0.0.1:1080  	[MsgId: MMSG-26000]
Action.c(161): t=1275868ms: Connected socket [0] from 127.0.0.1:20866 to 127.0.0.1:1080 in 0 ms  	[MsgId: MMSG-26000]
Action.c(161): t=1275869ms: 656-byte request headers for "http://localhost:1080/cgi-bin/reservations.pl" (RelFrameId=1, Internal ID=574)
Action.c(161):     POST /cgi-bin/reservations.pl HTTP/1.1\r\n
Action.c(161):     Content-Type: application/x-www-form-urlencoded\r\n
Action.c(161):     Referer: http://localhost:1080/cgi-bin/reservations.pl?page=welcome\r\n
Action.c(161):     Priority: u=4\r\n
Action.c(161):     Upgrade-Insecure-Requests: 1\r\n
Action.c(161):     Origin: http://localhost:1080\r\n
Action.c(161):     User-Agent: Mozilla/5.0 (Windows NT 10.0; Win64; x64; rv:132.0) Gecko/20100101 Firefox/132
Action.c(161):     .0\r\n
Action.c(161):     Accept-Encoding: gzip, deflate\r\n
Action.c(161):     Accept-Language: en-US,en;q=0.5\r\n
Action.c(161):     Accept: */*\r\n
Action.c(161):     Connection: Keep-Alive\r\n
Action.c(161):     Host: localhost:1080\r\n
Action.c(161):     Cookie: MSO=SID&1734974030; MTUserInfo=firstName&Tony&address2&New%20York&username&tonyBla
Action.c(161):     ckhands&hash&115&lastName&Blackhands%0A&address1&Brooklyn%20Drive&creditCard&&expDate&%0A\r
Action.c(161):     \n
Action.c(161):     Content-Length: 241\r\n
Action.c(161):     \r\n
Action.c(161): t=1275869ms: 241-byte request body for "http://localhost:1080/cgi-bin/reservations.pl" (RelFrameId=1, Internal ID=574)
Action.c(161):     advanceDiscount=0&depart=Portland&departDate=18%2F10%2F2024&arrive=Seattle&returnDate=10%2
Action.c(161):     F25%2F2024&numPassengers=3&seatPref=Aisle&seatType=Coach&findFlights.x=49&findFlights.y=12
Action.c(161):     &.cgifields=roundtrip&.cgifields=seatType&.cgifields=seatPref
Action.c(161): t=1275881ms: 256-byte response headers for "http://localhost:1080/cgi-bin/reservations.pl" (RelFrameId=1, Internal ID=574)
Action.c(161):     HTTP/1.1 200 OK\r\n
Action.c(161):     Date: Mon, 23 Dec 2024 17:14:05 GMT\r\n
Action.c(161):     Server: Apache/2.2.21 (Win32)\r\n
Action.c(161):     Expires: Sun, 22 Dec 2024 17:14:05 GMT\r\n
Action.c(161):     Keep-Alive: timeout=5, max=100\r\n
Action.c(161):     Connection: Keep-Alive\r\n
Action.c(161):     Transfer-Encoding: chunked\r\n
Action.c(161):     Content-Type: text/html; charset=ISO-8859-1\r\n
Action.c(161):     \r\n
Action.c(161): t=1275881ms: 5-byte chunked response overhead for "http://localhost:1080/cgi-bin/reservations.pl" (RelFrameId=1, Internal ID=574)
Action.c(161):     2cd\r\n
Action.c(161): t=1275881ms: 2-byte chunked response overhead for "http://localhost:1080/cgi-bin/reservations.pl" (RelFrameId=1, Internal ID=574)
Action.c(161):     \r\n
Action.c(161): t=1275881ms: 717-byte chunked response body for "http://localhost:1080/cgi-bin/reservations.pl" (RelFrameId=1, Internal ID=574)
Action.c(161):     <!DOCTYPE html\n
Action.c(161):     \tPUBLIC "-//W3C//DTD XHTML 1.0 Transitional//EN"\n
Action.c(161):     \t "http://www.w3.org/TR/xhtml1/DTD/xhtml1-transitional.dtd">\n
Action.c(161):     <html xmlns="http://www.w3.org/1999/xhtml" lang="en-US" xml:lang="en-US">\n
Action.c(161):     <head>\n
Action.c(161):     <title>Flight Selections</title>\n
Action.c(161):     <meta http-equiv="Content-Type" content="text/html; charset=iso-8859-1" />\n
Action.c(161):     </head>\n
Action.c(161):     <body bgcolor="#E0E7F1">\n
Action.c(161):     <style>blockquote {font-family: tahoma; font-size : 10pt}H1 {font-family: tahoma; font-siz
Action.c(161):     e : 22pt; color: #993333}small {font-family: tahoma; font-size : 8pt}H3 {font-family: taho
Action.c(161):     ma; font-size : 10pt; color: black}TD {font-family: tahoma; font-size : 10pt; color: black
Action.c(161):     }</style><BR/><BR/><h1><font color="#003366">&nbsp;&nbsp;<b>Find Flight</font></b></h1><bl
Action.c(161):     ockquote>\n
Action.c(161): t=1275884ms: 5-byte chunked response overhead for "http://localhost:1080/cgi-bin/reservations.pl" (RelFrameId=1, Internal ID=574)
Action.c(161):     0\r\n
Action.c(161):     \r\n
Action.c(161): t=1275884ms: Request done "http://localhost:1080/cgi-bin/reservations.pl"  	[MsgId: MMSG-26000]
Action.c(161): Notify: Saving Parameter "outboundFlight = ".	[MsgId: MMSG-13798]
Action.c(161): Error -35048: No match found for the requested parameter "outboundFlight". Check whether the tag with specific attributes exists in the response data  	[MsgId: MERR-35048]
Action.c(161): Registered web_reg_find successful for "Text=<title>Flight Selections</title>" (count=1)  	[MsgId: MMSG-26364]
Action.c(161): Error -26366: "Text=Flight departing from <B>Portland</B> to <B>Seattle</B>" not found for web_reg_find  	[MsgId: MERR-26366]
Action.c(161): web_submit_data("reservations.pl") highest severity level was "ERROR", 717 body bytes, 256 header bytes, 12 chunking overhead bytes  	[MsgId: MMSG-26387]
Action.c(161): Notify: Transaction "FindFlight" ended with a "Fail" status (Duration: 0,0660 Wasted Time: 0,0002).	[MsgId: MMSG-16871]
Action.c(161): Notify: Transaction "FindFlight" has 1 error message(s).	[MsgId: MMSG-16818]
Action.c(161): Notify: The 1st error message associated with transaction "FindFlight" is "Error -26366: "Text=Flight departing from <B>Portland</B> to <B>Seattle</B>" not found for web_reg_find"	[MsgId: MMSG-16819]
Action.c(161): Notify: Transaction "UC3_BuyTicket" ended with a "Fail" status (Duration: 15,4579 Think Time: 15,0190 Wasted Time: 0,0023).	[MsgId: MMSG-16870]
Action.c(161): Notify: Transaction "UC3_BuyTicket" has 1 error message(s).	[MsgId: MMSG-16818]
Action.c(161): Notify: The 1st error message associated with transaction "UC3_BuyTicket" is "Error -26366: "Text=Flight departing from <B>Portland</B> to <B>Seattle</B>" not found for web_reg_find"	[MsgId: MMSG-16819]
Ending action Action.	[MsgId: MMSG-15918]
Ending iteration 22.	[MsgId: MMSG-15965]
Waiting 44,5400 seconds for iteration pacing.	[MsgId: MMSG-15996]
Action.c(161): t=1275894ms: Inactive socket [1] was closed by localhost:1080, probably due to Keep-Alive timeout  	[MsgId: MMSG-26000]
Action.c(161): t=1275894ms: Closed connection [1] to localhost:1080 after completing 2 request(s)  	[MsgId: MMSG-26000]
Action.c(161): t=1275911ms: Inactive socket [2] was closed by localhost:1080, probably due to Keep-Alive timeout  	[MsgId: MMSG-26000]
Action.c(161): t=1275911ms: Closed connection [2] to localhost:1080 after completing 2 request(s)  	[MsgId: MMSG-26000]
Action.c(161): t=1275925ms: 256-byte response headers for "http://localhost:1080/cgi-bin/reservations.pl" (RelFrameId=1, Internal ID=574)
Action.c(161):     HTTP/1.1 200 OK\r\n
Action.c(161):     Date: Mon, 23 Dec 2024 17:14:05 GMT\r\n
Action.c(161):     Server: Apache/2.2.21 (Win32)\r\n
Action.c(161):     Expires: Sun, 22 Dec 2024 17:14:05 GMT\r\n
Action.c(161):     Keep-Alive: timeout=5, max=100\r\n
Action.c(161):     Connection: Keep-Alive\r\n
Action.c(161):     Transfer-Encoding: chunked\r\n
Action.c(161):     Content-Type: text/html; charset=ISO-8859-1\r\n
Action.c(161):     \r\n
Action.c(161): t=1275925ms: 5-byte chunked response overhead for "http://localhost:1080/cgi-bin/reservations.pl" (RelFrameId=1, Internal ID=574)
Action.c(161):     2cd\r\n
Action.c(161): t=1275925ms: 2-byte chunked response overhead for "http://localhost:1080/cgi-bin/reservations.pl" (RelFrameId=1, Internal ID=574)
Action.c(161):     \r\n
Action.c(161): t=1275925ms: 717-byte chunked response body for "http://localhost:1080/cgi-bin/reservations.pl" (RelFrameId=1, Internal ID=574)
Action.c(161):     <!DOCTYPE html\n
Action.c(161):     \tPUBLIC "-//W3C//DTD XHTML 1.0 Transitional//EN"\n
Action.c(161):     \t "http://www.w3.org/TR/xhtml1/DTD/xhtml1-transitional.dtd">\n
Action.c(161):     <html xmlns="http://www.w3.org/1999/xhtml" lang="en-US" xml:lang="en-US">\n
Action.c(161):     <head>\n
Action.c(161):     <title>Flight Selections</title>\n
Action.c(161):     <meta http-equiv="Content-Type" content="text/html; charset=iso-8859-1" />\n
Action.c(161):     </head>\n
Action.c(161):     <body bgcolor="#E0E7F1">\n
Action.c(161):     <style>blockquote {font-family: tahoma; font-size : 10pt}H1 {font-family: tahoma; font-siz
Action.c(161):     e : 22pt; color: #993333}small {font-family: tahoma; font-size : 8pt}H3 {font-family: taho
Action.c(161):     ma; font-size : 10pt; color: black}TD {font-family: tahoma; font-size : 10pt; color: black
Action.c(161):     }</style><BR/><BR/><h1><font color="#003366">&nbsp;&nbsp;<b>Find Flight</font></b></h1><bl
Action.c(161):     ockquote>\n
Action.c(161): t=1275929ms: 5-byte chunked response overhead for "http://localhost:1080/cgi-bin/reservations.pl" (RelFrameId=1, Internal ID=574)
Action.c(161):     0\r\n
Action.c(161):     \r\n
Action.c(161): t=1275929ms: Request done "http://localhost:1080/cgi-bin/reservations.pl"  	[MsgId: MMSG-26000]
Action.c(161): Notify: Saving Parameter "outboundFlight = ".	[MsgId: MMSG-13798]
Action.c(161): Error -35048: No match found for the requested parameter "outboundFlight". Check whether the tag with specific attributes exists in the response data  	[MsgId: MERR-35048]
Action.c(161): Registered web_reg_find successful for "Text=<title>Flight Selections</title>" (count=1)  	[MsgId: MMSG-26364]
Action.c(161): Error -26366: "Text=Flight departing from <B>Portland</B> to <B>Seattle</B>" not found for web_reg_find  	[MsgId: MERR-26366]
Action.c(161): web_submit_data("reservations.pl") highest severity level was "ERROR", 717 body bytes, 256 header bytes, 12 chunking overhead bytes  	[MsgId: MMSG-26387]
Action.c(161): Notify: Transaction "FindFlight" ended with a "Fail" status (Duration: 0,0622 Wasted Time: 0,0002).	[MsgId: MMSG-16871]
Action.c(161): Notify: Transaction "FindFlight" has 1 error message(s).	[MsgId: MMSG-16818]
Action.c(161): Notify: The 1st error message associated with transaction "FindFlight" is "Error -26366: "Text=Flight departing from <B>Portland</B> to <B>Seattle</B>" not found for web_reg_find"	[MsgId: MMSG-16819]
Action.c(161): Notify: Transaction "UC3_BuyTicket" ended with a "Fail" status (Duration: 15,4222 Think Time: 15,0502 Wasted Time: 0,0017).	[MsgId: MMSG-16870]
Action.c(161): Notify: Transaction "UC3_BuyTicket" has 1 error message(s).	[MsgId: MMSG-16818]
Action.c(161): Notify: The 1st error message associated with transaction "UC3_BuyTicket" is "Error -26366: "Text=Flight departing from <B>Portland</B> to <B>Seattle</B>" not found for web_reg_find"	[MsgId: MMSG-16819]
Ending action Action.	[MsgId: MMSG-15918]
Ending iteration 22.	[MsgId: MMSG-15965]
Waiting 44,5770 seconds for iteration pacing.	[MsgId: MMSG-15996]
Action.c(128): Notify: Transaction "FindFlight" started.	[MsgId: MMSG-16999]
Action.c(136): Notify: Parameter Substitution: parameter "departCity_count" =  "18"	[MsgId: MMSG-13992]
Action.c(136): Notify: Parameter Substitution: parameter "departCity_5" =  "Portland"	[MsgId: MMSG-13992]
Action.c(136): Notify: Saving Parameter "randDepartCity = Portland".	[MsgId: MMSG-13798]
Action.c(138): Notify: Parameter Substitution: parameter "arriveCity_count" =  "18"	[MsgId: MMSG-13992]
Action.c(138): Notify: Parameter Substitution: parameter "arriveCity_16" =  "Seattle"	[MsgId: MMSG-13992]
Action.c(139): Notify: Parameter Substitution: parameter "randDepartCity" =  "Portland"	[MsgId: MMSG-13992]
Action.c(141): Notify: Saving Parameter "randArriveCity = Seattle".	[MsgId: MMSG-13798]
Action.c(143): Notify: Parameter Substitution: parameter "seatPref_count" =  "3"	[MsgId: MMSG-13992]
Action.c(143): Notify: Parameter Substitution: parameter "seatPref_1" =  "Aisle"	[MsgId: MMSG-13992]
Action.c(143): Notify: Saving Parameter "randSeatPref = Aisle".	[MsgId: MMSG-13798]
Action.c(144): Notify: Parameter Substitution: parameter "seatType_count" =  "3"	[MsgId: MMSG-13992]
Action.c(144): Notify: Parameter Substitution: parameter "seatType_3" =  "Coach"	[MsgId: MMSG-13992]
Action.c(144): Notify: Saving Parameter "randSeatType = Coach".	[MsgId: MMSG-13798]
Action.c(146): web_reg_find started  	[MsgId: MMSG-26355]
Action.c(146): Registering web_reg_find was successful  	[MsgId: MMSG-26390]
Action.c(148): web_reg_find started  	[MsgId: MMSG-26355]
Action.c(148): Notify: Parameter Substitution: parameter "randDepartCity" =  "Portland"	[MsgId: MMSG-13992]
Action.c(148): Notify: Parameter Substitution: parameter "randArriveCity" =  "Seattle"	[MsgId: MMSG-13992]
Action.c(148): Registering web_reg_find was successful  	[MsgId: MMSG-26390]
Action.c(151): web_reg_save_param_attrib started  	[MsgId: MMSG-26355]
Action.c(151): Registering web_reg_save_param_attrib was successful  	[MsgId: MMSG-26390]
Action.c(161): web_submit_data("reservations.pl") started  	[MsgId: MMSG-26355]
Action.c(161): Notify: Parameter Substitution: parameter "randDepartCity" =  "Portland"	[MsgId: MMSG-13992]
Action.c(161): Notify: Parameter Substitution: parameter "flight_date" =  "18/10/2024"	[MsgId: MMSG-13992]
Action.c(161): Notify: Parameter Substitution: parameter "randArriveCity" =  "Seattle"	[MsgId: MMSG-13992]
Action.c(161): Notify: Parameter Substitution: parameter "arrival_date" =  "10/25/2024"	[MsgId: MMSG-13992]
Action.c(161): Notify: Parameter Substitution: parameter "numPassengers" =  "3"	[MsgId: MMSG-13992]
Action.c(161): Notify: Parameter Substitution: parameter "randSeatPref" =  "Aisle"	[MsgId: MMSG-13992]
Action.c(161): Notify: Parameter Substitution: parameter "randSeatType" =  "Coach"	[MsgId: MMSG-13992]
Action.c(161): t=1276614ms: Closed connection [0] to localhost:1080 after completing 3 request(s)  	[MsgId: MMSG-26000]
Action.c(161): t=1276617ms: Connecting [0] to host 127.0.0.1:1080  	[MsgId: MMSG-26000]
Action.c(161): t=1276617ms: Connected socket [0] from 127.0.0.1:20868 to 127.0.0.1:1080 in 0 ms  	[MsgId: MMSG-26000]
Action.c(161): t=1276617ms: 656-byte request headers for "http://localhost:1080/cgi-bin/reservations.pl" (RelFrameId=1, Internal ID=574)
Action.c(161):     POST /cgi-bin/reservations.pl HTTP/1.1\r\n
Action.c(161):     Content-Type: application/x-www-form-urlencoded\r\n
Action.c(161):     Referer: http://localhost:1080/cgi-bin/reservations.pl?page=welcome\r\n
Action.c(161):     Priority: u=4\r\n
Action.c(161):     Upgrade-Insecure-Requests: 1\r\n
Action.c(161):     Origin: http://localhost:1080\r\n
Action.c(161):     User-Agent: Mozilla/5.0 (Windows NT 10.0; Win64; x64; rv:132.0) Gecko/20100101 Firefox/132
Action.c(161):     .0\r\n
Action.c(161):     Accept-Encoding: gzip, deflate\r\n
Action.c(161):     Accept-Language: en-US,en;q=0.5\r\n
Action.c(161):     Accept: */*\r\n
Action.c(161):     Connection: Keep-Alive\r\n
Action.c(161):     Host: localhost:1080\r\n
Action.c(161):     Cookie: MSO=SID&1734974030; MTUserInfo=firstName&Tony&address2&New%20York&username&tonyBla
Action.c(161):     ckhands&hash&115&lastName&Blackhands%0A&address1&Brooklyn%20Drive&creditCard&&expDate&%0A\r
Action.c(161):     \n
Action.c(161):     Content-Length: 241\r\n
Action.c(161):     \r\n
Action.c(161): t=1276618ms: 241-byte request body for "http://localhost:1080/cgi-bin/reservations.pl" (RelFrameId=1, Internal ID=574)
Action.c(161):     advanceDiscount=0&depart=Portland&departDate=18%2F10%2F2024&arrive=Seattle&returnDate=10%2
Action.c(161):     F25%2F2024&numPassengers=3&seatPref=Aisle&seatType=Coach&findFlights.x=49&findFlights.y=12
Action.c(161):     &.cgifields=roundtrip&.cgifields=seatType&.cgifields=seatPref
Action.c(161): t=1276618ms: Inactive socket [1] was closed by localhost:1080, probably due to Keep-Alive timeout  	[MsgId: MMSG-26000]
Action.c(161): t=1276618ms: Closed connection [1] to localhost:1080 after completing 1 request(s)  	[MsgId: MMSG-26000]
Action.c(161): t=1276619ms: Inactive socket [3] was closed by localhost:1080, probably due to Keep-Alive timeout  	[MsgId: MMSG-26000]
Action.c(161): t=1276619ms: Closed connection [3] to localhost:1080 after completing 1 request(s)  	[MsgId: MMSG-26000]
Action.c(161): t=1276663ms: 256-byte response headers for "http://localhost:1080/cgi-bin/reservations.pl" (RelFrameId=1, Internal ID=574)
Action.c(161):     HTTP/1.1 200 OK\r\n
Action.c(161):     Date: Mon, 23 Dec 2024 17:14:06 GMT\r\n
Action.c(161):     Server: Apache/2.2.21 (Win32)\r\n
Action.c(161):     Expires: Sun, 22 Dec 2024 17:14:06 GMT\r\n
Action.c(161):     Keep-Alive: timeout=5, max=100\r\n
Action.c(161):     Connection: Keep-Alive\r\n
Action.c(161):     Transfer-Encoding: chunked\r\n
Action.c(161):     Content-Type: text/html; charset=ISO-8859-1\r\n
Action.c(161):     \r\n
Action.c(161): t=1276664ms: 5-byte chunked response overhead for "http://localhost:1080/cgi-bin/reservations.pl" (RelFrameId=1, Internal ID=574)
Action.c(161):     2cd\r\n
Action.c(161): t=1276664ms: 2-byte chunked response overhead for "http://localhost:1080/cgi-bin/reservations.pl" (RelFrameId=1, Internal ID=574)
Action.c(161):     \r\n
Action.c(161): t=1276664ms: 717-byte chunked response body for "http://localhost:1080/cgi-bin/reservations.pl" (RelFrameId=1, Internal ID=574)
Action.c(161):     <!DOCTYPE html\n
Action.c(161):     \tPUBLIC "-//W3C//DTD XHTML 1.0 Transitional//EN"\n
Action.c(161):     \t "http://www.w3.org/TR/xhtml1/DTD/xhtml1-transitional.dtd">\n
Action.c(161):     <html xmlns="http://www.w3.org/1999/xhtml" lang="en-US" xml:lang="en-US">\n
Action.c(161):     <head>\n
Action.c(161):     <title>Flight Selections</title>\n
Action.c(161):     <meta http-equiv="Content-Type" content="text/html; charset=iso-8859-1" />\n
Action.c(161):     </head>\n
Action.c(161):     <body bgcolor="#E0E7F1">\n
Action.c(161):     <style>blockquote {font-family: tahoma; font-size : 10pt}H1 {font-family: tahoma; font-siz
Action.c(161):     e : 22pt; color: #993333}small {font-family: tahoma; font-size : 8pt}H3 {font-family: taho
Action.c(161):     ma; font-size : 10pt; color: black}TD {font-family: tahoma; font-size : 10pt; color: black
Action.c(161):     }</style><BR/><BR/><h1><font color="#003366">&nbsp;&nbsp;<b>Find Flight</font></b></h1><bl
Action.c(161):     ockquote>\n
Action.c(161): t=1276666ms: 5-byte chunked response overhead for "http://localhost:1080/cgi-bin/reservations.pl" (RelFrameId=1, Internal ID=574)
Action.c(161):     0\r\n
Action.c(161):     \r\n
Action.c(161): t=1276666ms: Request done "http://localhost:1080/cgi-bin/reservations.pl"  	[MsgId: MMSG-26000]
Action.c(161): Notify: Saving Parameter "outboundFlight = ".	[MsgId: MMSG-13798]
Action.c(161): Error -35048: No match found for the requested parameter "outboundFlight". Check whether the tag with specific attributes exists in the response data  	[MsgId: MERR-35048]
Action.c(161): Registered web_reg_find successful for "Text=<title>Flight Selections</title>" (count=1)  	[MsgId: MMSG-26364]
Action.c(161): Error -26366: "Text=Flight departing from <B>Portland</B> to <B>Seattle</B>" not found for web_reg_find  	[MsgId: MERR-26366]
Action.c(161): web_submit_data("reservations.pl") highest severity level was "ERROR", 717 body bytes, 256 header bytes, 12 chunking overhead bytes  	[MsgId: MMSG-26387]
Action.c(161): Notify: Transaction "FindFlight" ended with a "Fail" status (Duration: 0,0539 Wasted Time: 0,0008).	[MsgId: MMSG-16871]
Action.c(161): Notify: Transaction "FindFlight" has 1 error message(s).	[MsgId: MMSG-16818]
Action.c(161): Notify: The 1st error message associated with transaction "FindFlight" is "Error -26366: "Text=Flight departing from <B>Portland</B> to <B>Seattle</B>" not found for web_reg_find"	[MsgId: MMSG-16819]
Action.c(161): Notify: Transaction "UC3_BuyTicket" ended with a "Fail" status (Duration: 16,1758 Think Time: 15,0721 Wasted Time: 0,0022).	[MsgId: MMSG-16870]
Action.c(161): Notify: Transaction "UC3_BuyTicket" has 1 error message(s).	[MsgId: MMSG-16818]
Action.c(161): Notify: The 1st error message associated with transaction "UC3_BuyTicket" is "Error -26366: "Text=Flight departing from <B>Portland</B> to <B>Seattle</B>" not found for web_reg_find"	[MsgId: MMSG-16819]
Ending action Action.	[MsgId: MMSG-15918]
Ending iteration 22.	[MsgId: MMSG-15965]
Waiting 43,8230 seconds for iteration pacing.	[MsgId: MMSG-15996]
Action was aborted.	[MsgId: MMSG-10694]
Ending Vuser...	[MsgId: MMSG-15966]
Starting action vuser_end.	[MsgId: MMSG-15919]
Ending action vuser_end.	[MsgId: MMSG-15918]
Vuser Terminated.	[MsgId: MMSG-15963]
Action.c(161): t=1319742ms: Closed connection [0] to localhost:1080 after completing 1 request(s)  	[MsgId: MMSG-26000]
HTML-Mode memory management statistics: Reusable=5, NonReusable=0, CsMemBlockSize=4096, checks disabled  	[MsgId: MMSG-26000]
Action was aborted.	[MsgId: MMSG-10694]
Ending Vuser...	[MsgId: MMSG-15966]
Starting action vuser_end.	[MsgId: MMSG-15919]
Ending action vuser_end.	[MsgId: MMSG-15918]
Vuser Terminated.	[MsgId: MMSG-15963]
Action.c(161): t=1319747ms: Closed connection [0] to localhost:1080 after completing 1 request(s)  	[MsgId: MMSG-26000]
Action.c(161): t=1319747ms: Closed connection [3] to localhost:1080 after completing 1 request(s)  	[MsgId: MMSG-26000]
HTML-Mode memory management statistics: Reusable=5, NonReusable=0, CsMemBlockSize=4096, checks disabled  	[MsgId: MMSG-26000]
Vuser 2 (thread 20140), ended OK."	[MsgId: MMSG-10695]
Action was aborted.	[MsgId: MMSG-10694]
Ending Vuser...	[MsgId: MMSG-15966]
Starting action vuser_end.	[MsgId: MMSG-15919]
Ending action vuser_end.	[MsgId: MMSG-15918]
Vuser Terminated.	[MsgId: MMSG-15963]
Action.c(161): t=1319809ms: Closed connection [0] to localhost:1080 after completing 1 request(s)  	[MsgId: MMSG-26000]
Action.c(161): t=1319809ms: Closed connection [2] to localhost:1080 after completing 1 request(s)  	[MsgId: MMSG-26000]
HTML-Mode memory management statistics: Reusable=5, NonReusable=0, CsMemBlockSize=4096, checks disabled  	[MsgId: MMSG-26000]
Vuser 1 (thread 26004), ended OK."	[MsgId: MMSG-10695]
Vuser 0 (thread 19892), ended OK."	[MsgId: MMSG-10695]
