Action.c(238):     Accept-Encoding: gzip, deflate\r\n
Action.c(238):     Accept-Language: en-US,en;q=0.5\r\n
Action.c(238):     Accept: */*\r\n
Action.c(238):     Connection: Keep-Alive\r\n
Action.c(238):     Host: localhost:1080\r\n
Action.c(238):     Cookie: MSO=SID&1734798758; MTUserInfo=firstName&Joey&username&joeySlick&address2&Bronx&ha
Action.c(238):     sh&11&address1&Coney%20Island%20Boulevard&lastName&Slick%0A\r\n
Action.c(238):     \r\n
Action.c(238): t=128118ms: 5-byte chunked response overhead for "http://localhost:1080/cgi-bin/reservations.pl" (RelFrameId=1, Internal ID=124)
Action.c(238):     0\r\n
Action.c(238):     \r\n
Action.c(238): t=128118ms: Request done "http://localhost:1080/cgi-bin/reservations.pl"  	[MsgId: MMSG-26000]
Action.c(238): t=128119ms: 299-byte response headers for "http://localhost:1080/WebTours/images/bookanother.gif" (RelFrameId=, Internal ID=125)
Action.c(238):     HTTP/1.1 200 OK\r\n
Action.c(238):     Date: Sat, 21 Dec 2024 16:33:04 GMT\r\n
Action.c(238):     Server: Apache/2.2.21 (Win32)\r\n
Action.c(238):     Last-Modified: Wed, 04 Dec 2024 18:02:12 GMT\r\n
Action.c(238):     ETag: "11000000068dbf-326-6287594beaa9b"\r\n
Action.c(238):     Accept-Ranges: bytes\r\n
Action.c(238):     Content-Length: 806\r\n
Action.c(238):     Keep-Alive: timeout=5, max=100\r\n
Action.c(238):     Connection: Keep-Alive\r\n
Action.c(238):     Content-Type: image/gif\r\n
Action.c(238):     \r\n
Action.c(238): t=128119ms: 806-byte response body for "http://localhost:1080/WebTours/images/bookanother.gif" (RelFrameId=, Internal ID=125)
Action.c(238): t=128119ms: Request done "http://localhost:1080/WebTours/images/bookanother.gif"  	[MsgId: MMSG-26000]
Action.c(238): Registered web_reg_find successful for "Text=<title>Reservation Made!</title>" (count=1)  	[MsgId: MMSG-26364]
Action.c(238): Registered web_reg_find successful for "Text=First Class ticket" (count=1)  	[MsgId: MMSG-26364]
Action.c(238): Registered web_reg_find successful for "Text=from Frankfurt to Zurich" (count=1)  	[MsgId: MMSG-26364]
Action.c(238): web_submit_data("reservations.pl_3") was successful, 3293 body bytes, 697 header bytes, 12 chunking overhead bytes  	[MsgId: MMSG-26385]
Action.c(267): Notify: Transaction "Payment details" ended with a "Pass" status (Duration: 0,0553 Wasted Time: 0,0000).	[MsgId: MMSG-16871]
Action.c(290): Notify: Transaction "UC3_BuyTicket" ended with a "Pass" status (Duration: 25,5728 Think Time: 25,0379 Wasted Time: 0,0027).	[MsgId: MMSG-16870]
Ending action Action.	[MsgId: MMSG-15918]
Action was aborted.	[MsgId: MMSG-10694]
Ending Vuser...	[MsgId: MMSG-15966]
Starting action vuser_end.	[MsgId: MMSG-15919]
Ending action vuser_end.	[MsgId: MMSG-15918]
Vuser Terminated.	[MsgId: MMSG-15963]
t=128120ms: Closed connection [0] to localhost:1080 after completing 3 request(s)  	[MsgId: MMSG-26000]
t=128120ms: Closed connection [3] to localhost:1080 after completing 1 request(s)  	[MsgId: MMSG-26000]
HTML-Mode memory management statistics: Reusable=5, NonReusable=0, CsMemBlockSize=4096, checks disabled  	[MsgId: MMSG-26000]
Vuser 0 (thread 1968), ended OK."	[MsgId: MMSG-10695]
Action.c(217): Notify: Transaction "Payment details" started.	[MsgId: MMSG-16999]
Action.c(219): web_add_auto_header("Priority") started  	[MsgId: MMSG-26355]
Action.c(219): An unrecognized header ("Priority") is being added  	[MsgId: MMSG-26595]
Action.c(219): "Priority: u=4" header registered (superseding previous registration) for adding to requests from all following Action functions  	[MsgId: MMSG-26504]
Action.c(219): web_add_auto_header("Priority") was successful  	[MsgId: MMSG-26392]
Action.c(222): web_add_auto_header("Origin") started  	[MsgId: MMSG-26355]
Action.c(222): An unrecognized header ("Origin") is being added  	[MsgId: MMSG-26595]
Action.c(222): "Origin: http://localhost:1080" header registered (superseding previous registration) for adding to requests from all following Action functions  	[MsgId: MMSG-26504]
Action.c(222): web_add_auto_header("Origin") was successful  	[MsgId: MMSG-26392]
Action.c(225): web_add_auto_header("Upgrade-Insecure-Requests") started  	[MsgId: MMSG-26355]
Action.c(225): An unrecognized header ("Upgrade-Insecure-Requests") is being added  	[MsgId: MMSG-26595]
Action.c(225): "Upgrade-Insecure-Requests: 1" header registered (superseding previous registration) for adding to requests from all following Action functions  	[MsgId: MMSG-26504]
Action.c(225): web_add_auto_header("Upgrade-Insecure-Requests") was successful  	[MsgId: MMSG-26392]
Action.c(229): web_reg_find started  	[MsgId: MMSG-26355]
Action.c(229): Registering web_reg_find was successful  	[MsgId: MMSG-26390]
Action.c(234): web_reg_find started  	[MsgId: MMSG-26355]
Action.c(234): Notify: Parameter Substitution: parameter "randSeatType" =  "First"	[MsgId: MMSG-13992]
Action.c(234): Registering web_reg_find was successful  	[MsgId: MMSG-26390]
Action.c(235): web_reg_find started  	[MsgId: MMSG-26355]
Action.c(235): Notify: Parameter Substitution: parameter "randDepartCity" =  "Frankfurt"	[MsgId: MMSG-13992]
Action.c(235): Notify: Parameter Substitution: parameter "randArriveCity" =  "Zurich"	[MsgId: MMSG-13992]
Action.c(235): Registering web_reg_find was successful  	[MsgId: MMSG-26390]
Action.c(238): web_submit_data("reservations.pl_3") started  	[MsgId: MMSG-26355]
Action.c(238): Notify: Parameter Substitution: parameter "firstName" =  "Joey"	[MsgId: MMSG-13992]
Action.c(238): Notify: Parameter Substitution: parameter "secondName" =  "Slick"	[MsgId: MMSG-13992]
Action.c(238): Notify: Parameter Substitution: parameter "street" =  "Coney Island Boulevard"	[MsgId: MMSG-13992]
Action.c(238): Notify: Parameter Substitution: parameter "firstName" =  "Joey"	[MsgId: MMSG-13992]
Action.c(238): Notify: Parameter Substitution: parameter "secondName" =  "Slick"	[MsgId: MMSG-13992]
Action.c(238): Notify: Parameter Substitution: parameter "creditCard" =  "3890 6453 1122 9988"	[MsgId: MMSG-13992]
Action.c(238): Notify: Parameter Substitution: parameter "expDate" =  "12/25"	[MsgId: MMSG-13992]
Action.c(238): Notify: Parameter Substitution: parameter "numPassengers" =  "3"	[MsgId: MMSG-13992]
Action.c(238): Notify: Parameter Substitution: parameter "randSeatType" =  "First"	[MsgId: MMSG-13992]
Action.c(238): Notify: Parameter Substitution: parameter "randSeatPref" =  "None"	[MsgId: MMSG-13992]
Action.c(238): Notify: Parameter Substitution: parameter "outboundFlight" =  "190;371;05/01/2024"	[MsgId: MMSG-13992]
Action.c(238): t=128127ms: Already connected [0] to localhost:1080  	[MsgId: MMSG-26000]
Action.c(238): t=128127ms: 637-byte request headers for "http://localhost:1080/cgi-bin/reservations.pl" (RelFrameId=1, Internal ID=124)
Action.c(238):     POST /cgi-bin/reservations.pl HTTP/1.1\r\n
Action.c(238):     Content-Type: application/x-www-form-urlencoded\r\n
Action.c(238):     Referer: http://localhost:1080/cgi-bin/reservations.pl\r\n
Action.c(238):     Priority: u=4\r\n
Action.c(238):     Upgrade-Insecure-Requests: 1\r\n
Action.c(238):     Origin: http://localhost:1080\r\n
Action.c(238):     User-Agent: Mozilla/5.0 (Windows NT 10.0; Win64; x64; rv:132.0) Gecko/20100101 Firefox/132
Action.c(238):     .0\r\n
Action.c(238):     Accept-Encoding: gzip, deflate\r\n
Action.c(238):     Accept-Language: en-US,en;q=0.5\r\n
Action.c(238):     Accept: */*\r\n
Action.c(238):     Connection: Keep-Alive\r\n
Action.c(238):     Host: localhost:1080\r\n
Action.c(238):     Cookie: MSO=SID&1734798758; MTUserInfo=firstName&Joey&address2&Bronx&username&joeySlick&ha
Action.c(238):     sh&11&lastName&Slick%0A&address1&Coney%20Island%20Boulevard&creditCard&&expDate&%0A\r\n
Action.c(238):     Content-Length: 347\r\n
Action.c(238):     \r\n
Action.c(238): t=128127ms: 347-byte request body for "http://localhost:1080/cgi-bin/reservations.pl" (RelFrameId=1, Internal ID=124)
Action.c(238):     firstName=Joey&lastName=Slick&address1=Coney+Island+Boulevard&address2=Pcity%7D&pass1=%7BJ
Action.c(238):     oey+Slick%7D&creditCard=3890+6453+1122+9988&expDate=12%2F25&oldCCOption=&numPassengers=3&s
Action.c(238):     eatType=First&seatPref=None&outboundFlight=190%3B371%3B05%2F01%2F2024&advanceDiscount=0&re
Action.c(238):     turnFlight=&JSFormSubmit=off&buyFlights.x=34&buyFlights.y=7&.cgifields=saveCC
Action.c(238): t=128164ms: 398-byte response headers for "http://localhost:1080/cgi-bin/reservations.pl" (RelFrameId=1, Internal ID=124)
Action.c(238):     HTTP/1.1 200 OK\r\n
Action.c(238):     Date: Sat, 21 Dec 2024 16:33:04 GMT\r\n
Action.c(238):     Server: Apache/2.2.21 (Win32)\r\n
Action.c(238):     Expires: Fri, 20 Dec 2024 16:33:04 GMT\r\n
Action.c(238):     Set-Cookie: MTUserInfo=firstName&Joey&username&joeySlick&address2&Bronx&hash&11&address1&C
Action.c(238):     oney%20Island%20Boulevard&lastName&Slick%0A; path=/\r\n
Action.c(238):     Keep-Alive: timeout=5, max=98\r\n
Action.c(238):     Connection: Keep-Alive\r\n
Action.c(238):     Transfer-Encoding: chunked\r\n
Action.c(238):     Content-Type: text/html; charset=ISO-8859-1\r\n
Action.c(238):     \r\n
Action.c(238): t=128165ms: 5-byte chunked response overhead for "http://localhost:1080/cgi-bin/reservations.pl" (RelFrameId=1, Internal ID=124)
Action.c(238):     9c0\r\n
Action.c(238): t=128165ms: 2-byte chunked response overhead for "http://localhost:1080/cgi-bin/reservations.pl" (RelFrameId=1, Internal ID=124)
Action.c(238):     \r\n
Action.c(238): t=128165ms: 2496-byte chunked response body for "http://localhost:1080/cgi-bin/reservations.pl" (RelFrameId=1, Internal ID=124)
Action.c(238):     <!DOCTYPE html\n
Action.c(238):     \tPUBLIC "-//W3C//DTD XHTML 1.0 Transitional//EN"\n
Action.c(238):     \t "http://www.w3.org/TR/xhtml1/DTD/xhtml1-transitional.dtd">\n
Action.c(238):     <html xmlns="http://www.w3.org/1999/xhtml" lang="en-US" xml:lang="en-US">\n
Action.c(238):     <head>\n
Action.c(238):     <title>Reservation Made!</title>\n
Action.c(238):     <meta http-equiv="Content-Type" content="text/html; charset=iso-8859-1" />\n
Action.c(238):     </head>\n
Action.c(238):     <body bgcolor="#E0E7F1">\n
Action.c(238):     <style>blockquote {font-family: tahoma; font-size : 10pt}H1 {font-family: tahoma; font-siz
Action.c(238):     e : 22pt; color: #993333}small {font-family: tahoma; font-size : 8pt}H3 {font-family: taho
Action.c(238):     ma; font-size : 10pt; color: black}TD {font-family: tahoma; font-size : 10pt; color: black
Action.c(238):     }</style><BR/><BR/><h1><font color="#003366">&nbsp;&nbsp;<b>Invoice</font></b></h1><blockq
Action.c(238):     uote>\n
Action.c(238):     <CENTER>\n
Action.c(238):     <small><B>Thank you for booking through Web Tours.</B></small>\n
Action.c(238):     <BR/>\n
Action.c(238):     <BR/>\n
Action.c(238):     <!-- Customer Name header -->\n
Action.c(238):     <Table width="85%" border="0" cellspacing="0" >\n
Action.c(238):       <TR bgcolor="#5E7884">\n
Action.c(238):          <TD colspan="2" align="center">\n
Action.c(238):             <font color="white"><b>JoeySlick's Flight Invoice</b></font>\n
Action.c(238):          </TD>\n
Action.c(238):          <TD width="160" align="right">\n
Action.c(238):              <font color="white"><small>Sat Dec 21 20:33:04 2024\n
Action.c(238):     </small>\n
Action.c(238):          </TD>\n
Action.c(238):       </TR>\n
Action.c(238):     </Table>\n
Action.c(238):     \n
Action.c(238):     <Table width="85%" border="0" cellspacing="1" >\n
Action.c(238):     <!-- Flight Item header -->\n
Action.c(238):       <TR bgcolor="#EFF2F7">\n
Action.c(238):          <TD colspan="2" align="left">\n
Action.c(238):              Flights Reservation Requests:\n
Action.c(238):         </TD>\n
Action.c(238):         <TD align="center">Cost\n
Action.c(238):         </TD>\n
Action.c(238):       </TR>\n
Action.c(238):     \n
Action.c(238):     <!-- Flight reserved -->\n
Action.c(238):     <TR bgcolor="#EFF2F7">\n
Action.c(238):         <TD valign="top">1.</TD>\n
Action.c(238):         <TD align="left">\n
Action.c(238):            <b><u>3 First Class tickets from Frankfurt to Zurich.</u></b>\n
Action.c(238):     <br/>\n
Action.c(238):     <center>\n
Action.c(238):            <i>\n
Action.c(238):               05/01/2024 :  8am : Flight 190 leaves Frankfurt  for Zurich.<br>\n
Action.c(238):            <br/>\n
Action.c(238):         </TD>\n
Action.c(238):         <TD valign="top">\n
Action.c(238):              $1113\n
Action.c(238):         </TD>\n
Action.c(238):       </TR>\n
Action.c(238):     <!-- Total Cost -->\n
Action.c(238):       <TR bgcolor="#EFF2F7">\n
Action.c(238):         <TD>*\n
Action.c(238):         </TD>\n
Action.c(238):         <TD > Total Cost\n
Action.c(238):         </TD>\n
Action.c(238):         <TD>\n
Action.c(238):            <b> $1113 </b>\n
Action.c(238):         </TD>\n
Action.c(238):       </TR>\n
Action.c(238):     \n
Action.c(238):       <TR bgcolor="#EFF2F7">\n
Action.c(238):         <TD>-\n
Action.c(238):         </TD>\n
Action.c(238):         <TD >\n
Action.c(238):            Total Charged to Credit Card # 3890 6453 1122 9988\n
Action.c(238):         </TD>\n
Action.c(238):         <TD>\n
Action.c(238):            <b> $1113 </b>\n
Action.c(238):         </TD>\n
Action.c(238):       </TR>\n
Action.c(238):     \n
Action.c(238):       <TR bgcolor="#EFF2F7">\n
Action.c(238):         <TD>*\n
Action.c(238):         </TD>\n
Action.c(238):         <TD >\n
Action.c(238):             Credit Account Balance\n
Action.c(238):         </TD>\n
Action.c(238):         <TD>\n
Action.c(238):            <b> $0.00 </b>\n
Action.c(238):         </TD>\n
Action.c(238):       </TR></Table>\n
Action.c(238):     <BR/>\n
Action.c(238):     <Table width="85%" border="0">\n
Action.c(238):       <tr>\n
Action.c(238):         <td align=right>\n
Action.c(238):     <form method="post" action="" enctype="application/x-www-form-urlencoded">\n
Action.c(238):     <input type="image" name="Book Another" src="/WebTours/images/bookanother.gif" border="0" 
Action.c(238):     /></form>    </td>\n
Action.c(238):       </tr>\n
Action.c(238):     </Table>\n
Action.c(238):     \n
Action.c(238):     </Center>\n
Action.c(238):     \n
Action.c(238):     </body>\n
Action.c(238):     </html>
Action.c(238): Found resource "http://localhost:1080/WebTours/images/bookanother.gif" in HTML "http://localhost:1080/cgi-bin/reservations.pl"  	[MsgId: MMSG-26659]
Action.c(238): t=128166ms: 5-byte chunked response overhead for "http://localhost:1080/cgi-bin/reservations.pl" (RelFrameId=1, Internal ID=124)
Action.c(238):     0\r\n
Action.c(238):     \r\n
Action.c(238): t=128167ms: Request done "http://localhost:1080/cgi-bin/reservations.pl"  	[MsgId: MMSG-26000]
Action.c(238): t=128167ms: Connecting [1] to host 127.0.0.1:1080  	[MsgId: MMSG-26000]
Action.c(238): t=128167ms: Connected socket [1] from 127.0.0.1:49554 to 127.0.0.1:1080 in 0 ms  	[MsgId: MMSG-26000]
Action.c(238): t=128167ms: 550-byte request headers for "http://localhost:1080/WebTours/images/bookanother.gif" (RelFrameId=, Internal ID=125)
Action.c(238):     GET /WebTours/images/bookanother.gif HTTP/1.1\r\n
Action.c(238):     Referer: http://localhost:1080/cgi-bin/reservations.pl\r\n
Action.c(238):     Priority: u=4\r\n
Action.c(238):     Upgrade-Insecure-Requests: 1\r\n
Action.c(238):     Origin: http://localhost:1080\r\n
Action.c(238):     User-Agent: Mozilla/5.0 (Windows NT 10.0; Win64; x64; rv:132.0) Gecko/20100101 Firefox/132
Action.c(238):     .0\r\n
Action.c(238):     Accept-Encoding: gzip, deflate\r\n
Action.c(238):     Accept-Language: en-US,en;q=0.5\r\n
Action.c(238):     Accept: */*\r\n
Action.c(238):     Connection: Keep-Alive\r\n
Action.c(238):     Host: localhost:1080\r\n
Action.c(238):     Cookie: MSO=SID&1734798758; MTUserInfo=firstName&Joey&username&joeySlick&address2&Bronx&ha
Action.c(238):     sh&11&address1&Coney%20Island%20Boulevard&lastName&Slick%0A\r\n
Action.c(238):     \r\n
Action.c(238): t=128168ms: 299-byte response headers for "http://localhost:1080/WebTours/images/bookanother.gif" (RelFrameId=, Internal ID=125)
Action.c(238):     HTTP/1.1 200 OK\r\n
Action.c(238):     Date: Sat, 21 Dec 2024 16:33:04 GMT\r\n
Action.c(238):     Server: Apache/2.2.21 (Win32)\r\n
Action.c(238):     Last-Modified: Wed, 04 Dec 2024 18:02:12 GMT\r\n
Action.c(238):     ETag: "11000000068dbf-326-6287594beaa9b"\r\n
Action.c(238):     Accept-Ranges: bytes\r\n
Action.c(238):     Content-Length: 806\r\n
Action.c(238):     Keep-Alive: timeout=5, max=100\r\n
Action.c(238):     Connection: Keep-Alive\r\n
Action.c(238):     Content-Type: image/gif\r\n
Action.c(238):     \r\n
Action.c(238): t=128168ms: 806-byte response body for "http://localhost:1080/WebTours/images/bookanother.gif" (RelFrameId=, Internal ID=125)
Action.c(238): t=128168ms: Request done "http://localhost:1080/WebTours/images/bookanother.gif"  	[MsgId: MMSG-26000]
Action.c(238): Registered web_reg_find successful for "Text=<title>Reservation Made!</title>" (count=1)  	[MsgId: MMSG-26364]
Action.c(238): Registered web_reg_find successful for "Text=First Class ticket" (count=1)  	[MsgId: MMSG-26364]
Action.c(238): Registered web_reg_find successful for "Text=from Frankfurt to Zurich" (count=1)  	[MsgId: MMSG-26364]
Action.c(238): web_submit_data("reservations.pl_3") was successful, 3302 body bytes, 697 header bytes, 12 chunking overhead bytes  	[MsgId: MMSG-26385]
Action.c(267): Notify: Transaction "Payment details" ended with a "Pass" status (Duration: 0,0420 Wasted Time: 0,0000).	[MsgId: MMSG-16871]
Action.c(290): Notify: Transaction "UC3_BuyTicket" ended with a "Pass" status (Duration: 25,6453 Think Time: 25,0382 Wasted Time: 0,0026).	[MsgId: MMSG-16870]
Ending action Action.	[MsgId: MMSG-15918]
Action was aborted.	[MsgId: MMSG-10694]
Ending Vuser...	[MsgId: MMSG-15966]
Starting action vuser_end.	[MsgId: MMSG-15919]
Ending action vuser_end.	[MsgId: MMSG-15918]
Vuser Terminated.	[MsgId: MMSG-15963]
t=128168ms: Closed connection [0] to localhost:1080 after completing 3 request(s)  	[MsgId: MMSG-26000]
t=128168ms: Closed connection [1] to localhost:1080 after completing 1 request(s)  	[MsgId: MMSG-26000]
HTML-Mode memory management statistics: Reusable=5, NonReusable=0, CsMemBlockSize=4096, checks disabled  	[MsgId: MMSG-26000]
Vuser 3 (thread 22172), ended OK."	[MsgId: MMSG-10695]
