Action.c(296):     <head>\n
Action.c(296):     <title>Web Tours Navigation Bar</title>\n
Action.c(296):     <meta http-equiv="Content-Type" content="text/html; charset=iso-8859-1" />\n
Action.c(296):     </head>\n
Action.c(296):     <body bgcolor="#E0E7F1">\n
Action.c(296):     <style>\n
Action.c(296):     blockquote {font-family: tahoma; font-size : 10pt}\n
Action.c(296):     H1 {font-family: tahoma; font-size : 22pt; color: #993333}\n
Action.c(296):     H3 {font-family: tahoma; font-size : 10pt; color: black}\n
Action.c(296):     small {font-family: tahoma; font-size : 8pt}\n
Action.c(296):     </style>\n
Action.c(296):     <form method="post" action="/cgi-bin/login.pl" target="body">\n
Action.c(296):     <input type="hidden" name="userSession" value="140547.498663426HccQtVVpQzcftDDHzptHVHHf"/>
Action.c(296):     \n
Action.c(296):     <table border="0"><tr><td>&nbsp;</td>\n
Action.c(296):     <td>&nbsp;</td></tr>\n
Action.c(296):     <tr><td>&nbsp;</td>\n
Action.c(296):     <td>&nbsp;</td></tr>\n
Action.c(296):     <tr><td>&nbsp;</td>\n
Action.c(296):     <td><small>&nbsp;Username</small></td></tr>\n
Action.c(296):     <tr><td>&nbsp;</td>\n
Action.c(296):     <td><input type="text" name="username" value="" size="14" maxlength="14"/></td></tr>\n
Action.c(296):     <tr><td>&nbsp;</td>\n
Action.c(296):     <td><small>&nbsp;Password</small></td>\n
Action.c(296):     <tr><td>&nbsp;</td>\n
Action.c(296):     <td><input type="password" name="password" value="" size="14" maxlength="14"/></td></tr>\n
Action.c(296):     <tr><td>&nbsp;</td>\n
Action.c(296):     <td>&nbsp;</td></tr>\n
Action.c(296):     <tr><td>&nbsp;</td>\n
Action.c(296):     <td><input type="image" name="login" value="Login" alt="Login" border="1" \n
Action.c(296):     src="/WebTours/images/mer_login.gif"/></td></tr>\n
Action.c(296):     <tr><td>&nbsp;</td><td>&nbsp;</td></tr>\n
Action.c(296):     </table><input type="hidden" name="JSFormSubmit" value="off"/>\n
Action.c(296):     </form>\n
Action.c(296):     \n
Action.c(296):     </body>\n
Action.c(296):     </html>\n
Action.c(296): Resource "http://localhost:1080/WebTours/images/mer_login.gif" is in the cache already and will not be downloaded again  	[MsgId: MMSG-26655]
Action.c(296): t=31422ms: 5-byte chunked response overhead for "http://localhost:1080/cgi-bin/nav.pl?in=home" (RelFrameId=1.1, Internal ID=895)
Action.c(296):     0\r\n
Action.c(296):     \r\n
Action.c(296): t=31422ms: Request done "http://localhost:1080/cgi-bin/nav.pl?in=home"  	[MsgId: MMSG-26000]
Action.c(296): Registered web_reg_find successful for "Text=A Session ID has been created" (count=1)  	[MsgId: MMSG-26364]
Action.c(296): web_url("SignOff Button") was successful, 2172 body bytes, 582 header bytes, 24 chunking overhead bytes  	[MsgId: MMSG-26385]
Action.c(307): Notify: Transaction "logout" ended with a "Pass" status (Duration: 0,1284 Wasted Time: 0,0000).	[MsgId: MMSG-16871]
Action.c(310): Notify: Transaction "UC3_BuyTicket" ended with a "Pass" status (Duration: 1,0941 Wasted Time: 0,0035).	[MsgId: MMSG-16871]
Ending action Action.	[MsgId: MMSG-15918]
Action was aborted.	[MsgId: MMSG-10694]
Ending Vuser...	[MsgId: MMSG-15966]
Starting action vuser_end.	[MsgId: MMSG-15919]
Ending action vuser_end.	[MsgId: MMSG-15918]
Vuser Terminated.	[MsgId: MMSG-15963]
t=31422ms: Closed connection [0] to localhost:1080 after completing 12 request(s)  	[MsgId: MMSG-26000]
t=31422ms: Closed connection [1] to localhost:1080 after completing 7 request(s)  	[MsgId: MMSG-26000]
t=31422ms: Closed connection [2] to localhost:1080 after completing 3 request(s)  	[MsgId: MMSG-26000]
t=31422ms: Closed connection [3] to localhost:1080 after completing 3 request(s)  	[MsgId: MMSG-26000]
t=31422ms: Closed connection [4] to localhost:1080 after completing 1 request(s)  	[MsgId: MMSG-26000]
t=31423ms: Closed connection [5] to localhost:1080 after completing 1 request(s)  	[MsgId: MMSG-26000]
HTML-Mode memory management statistics: Reusable=5, NonReusable=0, CsMemBlockSize=4096, checks disabled  	[MsgId: MMSG-26000]
Vuser 0 (thread 19232), ended OK."	[MsgId: MMSG-10695]
