Action.c(161): Notify: Parameter Substitution: parameter "randSeatType" =  "Business"	[MsgId: MMSG-13992]
Action.c(161): t=1337509ms: Closed connection [0] to localhost:1080 after completing 3 request(s)  	[MsgId: MMSG-26000]
Action.c(161): t=1337509ms: Connecting [0] to host 127.0.0.1:1080  	[MsgId: MMSG-26000]
Action.c(161): t=1337510ms: Connected socket [0] from 127.0.0.1:10726 to 127.0.0.1:1080 in 0 ms  	[MsgId: MMSG-26000]
Action.c(161): t=1337510ms: 661-byte request headers for "http://localhost:1080/cgi-bin/reservations.pl" (RelFrameId=1, Internal ID=638)
Action.c(161):     POST /cgi-bin/reservations.pl HTTP/1.1\r\n
Action.c(161):     Content-Type: application/x-www-form-urlencoded\r\n
Action.c(161):     Referer: http://localhost:1080/cgi-bin/reservations.pl?page=welcome\r\n
Action.c(161):     Priority: u=4\r\n
Action.c(161):     Upgrade-Insecure-Requests: 1\r\n
Action.c(161):     Origin: http://localhost:1080\r\n
Action.c(161):     User-Agent: Mozilla/5.0 (Windows NT 10.0; Win64; x64; rv:132.0) Gecko/20100101 Firefox/132
Action.c(161):     .0\r\n
Action.c(161):     Accept-Encoding: gzip, deflate\r\n
Action.c(161):     Accept-Language: en-US,en;q=0.5\r\n
Action.c(161):     Accept: */*\r\n
Action.c(161):     Connection: Keep-Alive\r\n
Action.c(161):     Host: localhost:1080\r\n
Action.c(161):     Cookie: MSO=SID&1735054297; MTUserInfo=firstName&Frankie&address2&Chicago&username&frankie
Action.c(161):     Deadeye&hash&69&lastName&Deadeye%0A&address1&Hell%27s%20Kitchen%20Road&creditCard&&expDate
Action.c(161):     &%0A\r\n
Action.c(161):     Content-Length: 251\r\n
Action.c(161):     \r\n
Action.c(161): t=1337512ms: 251-byte request body for "http://localhost:1080/cgi-bin/reservations.pl" (RelFrameId=1, Internal ID=638)
Action.c(161):     advanceDiscount=0&depart=Portland&departDate=05%2F25%2F2024&arrive=San+Francisco&returnDat
Action.c(161):     e=06%2F01%2F2024&numPassengers=2&seatPref=Window&seatType=Business&findFlights.x=49&findFl
Action.c(161):     ights.y=12&.cgifields=roundtrip&.cgifields=seatType&.cgifields=seatPref
Action.c(161): t=1337512ms: Inactive socket [2] was closed by localhost:1080, probably due to Keep-Alive timeout  	[MsgId: MMSG-26000]
Action.c(161): t=1337512ms: Closed connection [2] to localhost:1080 after completing 1 request(s)  	[MsgId: MMSG-26000]
Action.c(161): t=1337513ms: Inactive socket [5] was closed by localhost:1080, probably due to Keep-Alive timeout  	[MsgId: MMSG-26000]
Action.c(161): t=1337513ms: Closed connection [5] to localhost:1080 after completing 1 request(s)  	[MsgId: MMSG-26000]
Action.c(161): t=1337556ms: 256-byte response headers for "http://localhost:1080/cgi-bin/reservations.pl" (RelFrameId=1, Internal ID=638)
Action.c(161):     HTTP/1.1 200 OK\r\n
Action.c(161):     Date: Tue, 24 Dec 2024 15:31:54 GMT\r\n
Action.c(161):     Server: Apache/2.2.21 (Win32)\r\n
Action.c(161):     Expires: Mon, 23 Dec 2024 15:31:54 GMT\r\n
Action.c(161):     Keep-Alive: timeout=5, max=100\r\n
Action.c(161):     Connection: Keep-Alive\r\n
Action.c(161):     Transfer-Encoding: chunked\r\n
Action.c(161):     Content-Type: text/html; charset=ISO-8859-1\r\n
Action.c(161):     \r\n
Action.c(161): t=1337557ms: 5-byte chunked response overhead for "http://localhost:1080/cgi-bin/reservations.pl" (RelFrameId=1, Internal ID=638)
Action.c(161):     997\r\n
Action.c(161): t=1337557ms: 2-byte chunked response overhead for "http://localhost:1080/cgi-bin/reservations.pl" (RelFrameId=1, Internal ID=638)
Action.c(161):     \r\n
Action.c(161): t=1337557ms: 2455-byte chunked response body for "http://localhost:1080/cgi-bin/reservations.pl" (RelFrameId=1, Internal ID=638)
Action.c(161):     <!DOCTYPE html\n
Action.c(161):     \tPUBLIC "-//W3C//DTD XHTML 1.0 Transitional//EN"\n
Action.c(161):     \t "http://www.w3.org/TR/xhtml1/DTD/xhtml1-transitional.dtd">\n
Action.c(161):     <html xmlns="http://www.w3.org/1999/xhtml" lang="en-US" xml:lang="en-US">\n
Action.c(161):     <head>\n
Action.c(161):     <title>Flight Selections</title>\n
Action.c(161):     <meta http-equiv="Content-Type" content="text/html; charset=iso-8859-1" />\n
Action.c(161):     </head>\n
Action.c(161):     <body bgcolor="#E0E7F1">\n
Action.c(161):     <style>blockquote {font-family: tahoma; font-size : 10pt}H1 {font-family: tahoma; font-siz
Action.c(161):     e : 22pt; color: #993333}small {font-family: tahoma; font-size : 8pt}H3 {font-family: taho
Action.c(161):     ma; font-size : 10pt; color: black}TD {font-family: tahoma; font-size : 10pt; color: black
Action.c(161):     }</style><BR/><BR/><h1><font color="#003366">&nbsp;&nbsp;<b>Find Flight</font></b></h1><bl
Action.c(161):     ockquote>\n
Action.c(161):     <form method="post" action="reservations.pl" enctype="application/x-www-form-urlencoded">\n
Action.c(161):     \n
Action.c(161):     <center>\n
Action.c(161):     <!-- From Portland (5) To San Francisco (6) -->\n
Action.c(161):     <table cellspacing="2" border="0" width="50%">\n
Action.c(161):     <blockquote>Flight departing from <B>Portland</B> to <B>San Francisco</B> on <B>05/25/2024
Action.c(161):     </B><BR/><BR/><tr bgcolor="#5E7884"><td align="center"><font color="white"><B>Flight</B></
Action.c(161):     font>\n
Action.c(161):           \t\t<td align="center"><font color="white"><B>Departure time</B>\n
Action.c(161):           \t\t<td align="center"><font color="white"><B>Cost</B>\n
Action.c(161):     <tr bgcolor="#EFF2F7"><td align="center"><input type="radio" name="outboundFlight" value="
Action.c(161):     560;110;05/25/2024" checked="checked" >Blue Sky Air 560<td align="center">8am<td align="ce
Action.c(161):     nter">$ 110</TD></TR><tr bgcolor="#EFF2F7"><td align="center"><input type="radio" name="ou
Action.c(161):     tboundFlight" value="561;98;05/25/2024">Blue Sky Air 561<td align="center">1pm<td align="c
Action.c(161):     enter">$ 98</TD></TR><tr bgcolor="#EFF2F7"><td align="center"><input type="radio" name="ou
Action.c(161):     tboundFlight" value="562;104;05/25/2024">Blue Sky Air 562<td align="center">5pm<td align="
Action.c(161):     center">$ 104</TD></TR><tr bgcolor="#EFF2F7"><td align="center"><input type="radio" name="
Action.c(161):     outboundFlight" value="563;90;05/25/2024">Blue Sky Air 563<td align="center">11pm<td align
Action.c(161):     ="center">$ 90</TD></TR></table>\n
Action.c(161):     \n
Action.c(161):     <input type="hidden" name="numPassengers" value="2"  /><input type="hidden" name="advanceD
Action.c(161):     iscount" value="0"  /><input type="hidden" name="seatType" value="Business"  /><input type
Action.c(161):     ="hidden" name="seatPref" value="Window"  />\n
Action.c(161):     <P><center><table width=80% cellspacing=1><tr><td align=center>\n
Action.c(161):     <input type="image" name="reserveFlights" src="/WebTours/images/button_next.gif" border="0
Action.c(161):     " />\n
Action.c(161):     <td>&nbsp;<td align=center></table></center></form></center>\n
Action.c(161):     </blockquote>\n
Action.c(161):     \n
Action.c(161):     </body>\n
Action.c(161):     </html>
Action.c(161): Resource "http://localhost:1080/WebTours/images/button_next.gif" is in the cache already and will not be downloaded again  	[MsgId: MMSG-26655]
Action.c(161): t=1337560ms: 5-byte chunked response overhead for "http://localhost:1080/cgi-bin/reservations.pl" (RelFrameId=1, Internal ID=638)
Action.c(161):     0\r\n
Action.c(161):     \r\n
Action.c(161): t=1337560ms: Request done "http://localhost:1080/cgi-bin/reservations.pl"  	[MsgId: MMSG-26000]
Action.c(161): Notify: Saving Parameter "outboundFlight = 560;110;05/25/2024".	[MsgId: MMSG-13798]
Action.c(161): Registered web_reg_find successful for "Text=<title>Flight Selections</title>" (count=1)  	[MsgId: MMSG-26364]
Action.c(161): Registered web_reg_find successful for "Text=Flight departing from <B>Portland</B> to <B>San Francisco</B>" (count=1)  	[MsgId: MMSG-26364]
Action.c(161): web_submit_data("reservations.pl") was successful, 2455 body bytes, 256 header bytes, 12 chunking overhead bytes  	[MsgId: MMSG-26385]
Action.c(186): Notify: Transaction "FindFlight" ended with a "Pass" status (Duration: 0,9246 Wasted Time: 0,0009).	[MsgId: MMSG-16871]
Action.c(188): lr_think_time: 4,00 seconds.	[MsgId: MMSG-15948]
Action.c(128): Notify: Transaction "FindFlight" started.	[MsgId: MMSG-16999]
Action.c(136): Notify: Parameter Substitution: parameter "departCity_count" =  "18"	[MsgId: MMSG-13992]
Action.c(136): Notify: Parameter Substitution: parameter "departCity_10" =  "Frankfurt"	[MsgId: MMSG-13992]
Action.c(136): Notify: Saving Parameter "randDepartCity = Frankfurt".	[MsgId: MMSG-13798]
Action.c(138): Notify: Parameter Substitution: parameter "arriveCity_count" =  "18"	[MsgId: MMSG-13992]
Action.c(138): Notify: Parameter Substitution: parameter "arriveCity_6" =  "San Francisco"	[MsgId: MMSG-13992]
Action.c(139): Notify: Parameter Substitution: parameter "randDepartCity" =  "Frankfurt"	[MsgId: MMSG-13992]
Action.c(141): Notify: Saving Parameter "randArriveCity = San Francisco".	[MsgId: MMSG-13798]
Action.c(143): Notify: Parameter Substitution: parameter "seatPref_count" =  "3"	[MsgId: MMSG-13992]
Action.c(143): Notify: Parameter Substitution: parameter "seatPref_1" =  "Aisle"	[MsgId: MMSG-13992]
Action.c(143): Notify: Saving Parameter "randSeatPref = Aisle".	[MsgId: MMSG-13798]
Action.c(144): Notify: Parameter Substitution: parameter "seatType_count" =  "3"	[MsgId: MMSG-13992]
Action.c(144): Notify: Parameter Substitution: parameter "seatType_1" =  "First"	[MsgId: MMSG-13992]
Action.c(144): Notify: Saving Parameter "randSeatType = First".	[MsgId: MMSG-13798]
Action.c(146): web_reg_find started  	[MsgId: MMSG-26355]
Action.c(146): Registering web_reg_find was successful  	[MsgId: MMSG-26390]
Action.c(148): web_reg_find started  	[MsgId: MMSG-26355]
Action.c(148): Notify: Parameter Substitution: parameter "randDepartCity" =  "Frankfurt"	[MsgId: MMSG-13992]
Action.c(148): Notify: Parameter Substitution: parameter "randArriveCity" =  "San Francisco"	[MsgId: MMSG-13992]
Action.c(148): Registering web_reg_find was successful  	[MsgId: MMSG-26390]
Action.c(151): web_reg_save_param_attrib started  	[MsgId: MMSG-26355]
Action.c(151): Registering web_reg_save_param_attrib was successful  	[MsgId: MMSG-26390]
Action.c(161): web_submit_data("reservations.pl") started  	[MsgId: MMSG-26355]
Action.c(161): Notify: Parameter Substitution: parameter "randDepartCity" =  "Frankfurt"	[MsgId: MMSG-13992]
Action.c(161): Notify: Parameter Substitution: parameter "flight_date" =  "05/25/2024"	[MsgId: MMSG-13992]
Action.c(161): Notify: Parameter Substitution: parameter "randArriveCity" =  "San Francisco"	[MsgId: MMSG-13992]
Action.c(161): Notify: Parameter Substitution: parameter "arrival_date" =  "06/01/2024"	[MsgId: MMSG-13992]
Action.c(161): Notify: Parameter Substitution: parameter "numPassengers" =  "2"	[MsgId: MMSG-13992]
Action.c(161): Notify: Parameter Substitution: parameter "randSeatPref" =  "Aisle"	[MsgId: MMSG-13992]
Action.c(161): Notify: Parameter Substitution: parameter "randSeatType" =  "First"	[MsgId: MMSG-13992]
Action.c(161): t=1339221ms: Closed connection [0] to localhost:1080 after completing 3 request(s)  	[MsgId: MMSG-26000]
Action.c(161): t=1339222ms: Connecting [0] to host 127.0.0.1:1080  	[MsgId: MMSG-26000]
Action.c(161): t=1339222ms: Connected socket [0] from 127.0.0.1:10727 to 127.0.0.1:1080 in 0 ms  	[MsgId: MMSG-26000]
Action.c(161): t=1339222ms: 661-byte request headers for "http://localhost:1080/cgi-bin/reservations.pl" (RelFrameId=1, Internal ID=638)
Action.c(161):     POST /cgi-bin/reservations.pl HTTP/1.1\r\n
Action.c(161):     Content-Type: application/x-www-form-urlencoded\r\n
Action.c(161):     Referer: http://localhost:1080/cgi-bin/reservations.pl?page=welcome\r\n
Action.c(161):     Priority: u=4\r\n
Action.c(161):     Upgrade-Insecure-Requests: 1\r\n
Action.c(161):     Origin: http://localhost:1080\r\n
Action.c(161):     User-Agent: Mozilla/5.0 (Windows NT 10.0; Win64; x64; rv:132.0) Gecko/20100101 Firefox/132
Action.c(161):     .0\r\n
Action.c(161):     Accept-Encoding: gzip, deflate\r\n
Action.c(161):     Accept-Language: en-US,en;q=0.5\r\n
Action.c(161):     Accept: */*\r\n
Action.c(161):     Connection: Keep-Alive\r\n
Action.c(161):     Host: localhost:1080\r\n
Action.c(161):     Cookie: MSO=SID&1735054300; MTUserInfo=firstName&Frankie&address2&Chicago&username&frankie
Action.c(161):     Deadeye&hash&69&lastName&Deadeye%0A&address1&Hell%27s%20Kitchen%20Road&creditCard&&expDate
Action.c(161):     &%0A\r\n
Action.c(161):     Content-Length: 248\r\n
Action.c(161):     \r\n
Action.c(161): t=1339223ms: 248-byte request body for "http://localhost:1080/cgi-bin/reservations.pl" (RelFrameId=1, Internal ID=638)
Action.c(161):     advanceDiscount=0&depart=Frankfurt&departDate=05%2F25%2F2024&arrive=San+Francisco&returnDa
Action.c(161):     te=06%2F01%2F2024&numPassengers=2&seatPref=Aisle&seatType=First&findFlights.x=49&findFligh
Action.c(161):     ts.y=12&.cgifields=roundtrip&.cgifields=seatType&.cgifields=seatPref
Action.c(161): t=1339249ms: Inactive socket [2] was closed by localhost:1080, probably due to Keep-Alive timeout  	[MsgId: MMSG-26000]
Action.c(161): t=1339249ms: Closed connection [2] to localhost:1080 after completing 2 request(s)  	[MsgId: MMSG-26000]
Action.c(161): t=1339263ms: Inactive socket [1] was closed by localhost:1080, probably due to Keep-Alive timeout  	[MsgId: MMSG-26000]
Action.c(161): t=1339264ms: Closed connection [1] to localhost:1080 after completing 1 request(s)  	[MsgId: MMSG-26000]
Action.c(161): t=1339277ms: 256-byte response headers for "http://localhost:1080/cgi-bin/reservations.pl" (RelFrameId=1, Internal ID=638)
Action.c(161):     HTTP/1.1 200 OK\r\n
Action.c(161):     Date: Tue, 24 Dec 2024 15:31:55 GMT\r\n
Action.c(161):     Server: Apache/2.2.21 (Win32)\r\n
Action.c(161):     Expires: Mon, 23 Dec 2024 15:31:55 GMT\r\n
Action.c(161):     Keep-Alive: timeout=5, max=100\r\n
Action.c(161):     Connection: Keep-Alive\r\n
Action.c(161):     Transfer-Encoding: chunked\r\n
Action.c(161):     Content-Type: text/html; charset=ISO-8859-1\r\n
Action.c(161):     \r\n
Action.c(161): t=1339277ms: 5-byte chunked response overhead for "http://localhost:1080/cgi-bin/reservations.pl" (RelFrameId=1, Internal ID=638)
Action.c(161):     999\r\n
Action.c(161): t=1339277ms: 2-byte chunked response overhead for "http://localhost:1080/cgi-bin/reservations.pl" (RelFrameId=1, Internal ID=638)
Action.c(161):     \r\n
Action.c(161): t=1339277ms: 2457-byte chunked response body for "http://localhost:1080/cgi-bin/reservations.pl" (RelFrameId=1, Internal ID=638)
Action.c(161):     <!DOCTYPE html\n
Action.c(161):     \tPUBLIC "-//W3C//DTD XHTML 1.0 Transitional//EN"\n
Action.c(161):     \t "http://www.w3.org/TR/xhtml1/DTD/xhtml1-transitional.dtd">\n
Action.c(161):     <html xmlns="http://www.w3.org/1999/xhtml" lang="en-US" xml:lang="en-US">\n
Action.c(161):     <head>\n
Action.c(161):     <title>Flight Selections</title>\n
Action.c(161):     <meta http-equiv="Content-Type" content="text/html; charset=iso-8859-1" />\n
Action.c(161):     </head>\n
Action.c(161):     <body bgcolor="#E0E7F1">\n
Action.c(161):     <style>blockquote {font-family: tahoma; font-size : 10pt}H1 {font-family: tahoma; font-siz
Action.c(161):     e : 22pt; color: #993333}small {font-family: tahoma; font-size : 8pt}H3 {font-family: taho
Action.c(161):     ma; font-size : 10pt; color: black}TD {font-family: tahoma; font-size : 10pt; color: black
Action.c(161):     }</style><BR/><BR/><h1><font color="#003366">&nbsp;&nbsp;<b>Find Flight</font></b></h1><bl
Action.c(161):     ockquote>\n
Action.c(161):     <form method="post" action="reservations.pl" enctype="application/x-www-form-urlencoded">\n
Action.c(161):     \n
Action.c(161):     <center>\n
Action.c(161):     <!-- From Frankfurt (1) To San Francisco (6) -->\n
Action.c(161):     <table cellspacing="2" border="0" width="50%">\n
Action.c(161):     <blockquote>Flight departing from <B>Frankfurt</B> to <B>San Francisco</B> on <B>05/25/202
Action.c(161):     4</B><BR/><BR/><tr bgcolor="#5E7884"><td align="center"><font color="white"><B>Flight</B><
Action.c(161):     /font>\n
Action.c(161):           \t\t<td align="center"><font color="white"><B>Departure time</B>\n
Action.c(161):           \t\t<td align="center"><font color="white"><B>Cost</B>\n
Action.c(161):     <tr bgcolor="#EFF2F7"><td align="center"><input type="radio" name="outboundFlight" value="
Action.c(161):     160;808;05/25/2024" checked="checked" >Blue Sky Air 160<td align="center">8am<td align="ce
Action.c(161):     nter">$ 808</TD></TR><tr bgcolor="#EFF2F7"><td align="center"><input type="radio" name="ou
Action.c(161):     tboundFlight" value="161;720;05/25/2024">Blue Sky Air 161<td align="center">1pm<td align="
Action.c(161):     center">$ 720</TD></TR><tr bgcolor="#EFF2F7"><td align="center"><input type="radio" name="
Action.c(161):     outboundFlight" value="162;764;05/25/2024">Blue Sky Air 162<td align="center">5pm<td align
Action.c(161):     ="center">$ 764</TD></TR><tr bgcolor="#EFF2F7"><td align="center"><input type="radio" name
Action.c(161):     ="outboundFlight" value="163;661;05/25/2024">Blue Sky Air 163<td align="center">11pm<td al
Action.c(161):     ign="center">$ 661</TD></TR></table>\n
Action.c(161):     \n
Action.c(161):     <input type="hidden" name="numPassengers" value="2"  /><input type="hidden" name="advanceD
Action.c(161):     iscount" value="0"  /><input type="hidden" name="seatType" value="First"  /><input type="h
Action.c(161):     idden" name="seatPref" value="Aisle"  />\n
Action.c(161):     <P><center><table width=80% cellspacing=1><tr><td align=center>\n
Action.c(161):     <input type="image" name="reserveFlights" src="/WebTours/images/button_next.gif" border="0
Action.c(161):     " />\n
Action.c(161):     <td>&nbsp;<td align=center></table></center></form></center>\n
Action.c(161):     </blockquote>\n
Action.c(161):     \n
Action.c(161):     </body>\n
Action.c(161):     </html>
Action.c(161): Resource "http://localhost:1080/WebTours/images/button_next.gif" is in the cache already and will not be downloaded again  	[MsgId: MMSG-26655]
Action.c(161): t=1339280ms: 5-byte chunked response overhead for "http://localhost:1080/cgi-bin/reservations.pl" (RelFrameId=1, Internal ID=638)
Action.c(161):     0\r\n
Action.c(161):     \r\n
Action.c(161): t=1339280ms: Request done "http://localhost:1080/cgi-bin/reservations.pl"  	[MsgId: MMSG-26000]
Action.c(161): Notify: Saving Parameter "outboundFlight = 160;808;05/25/2024".	[MsgId: MMSG-13798]
Action.c(161): Registered web_reg_find successful for "Text=<title>Flight Selections</title>" (count=1)  	[MsgId: MMSG-26364]
Action.c(161): Registered web_reg_find successful for "Text=Flight departing from <B>Frankfurt</B> to <B>San Francisco</B>" (count=1)  	[MsgId: MMSG-26364]
Action.c(161): web_submit_data("reservations.pl") was successful, 2457 body bytes, 256 header bytes, 12 chunking overhead bytes  	[MsgId: MMSG-26385]
Action.c(186): Notify: Transaction "FindFlight" ended with a "Pass" status (Duration: 0,0618 Wasted Time: 0,0003).	[MsgId: MMSG-16871]
Action.c(188): lr_think_time: 4,00 seconds.	[MsgId: MMSG-15948]
Action.c(190): Notify: Transaction "ChooseTicket" started.	[MsgId: MMSG-16999]
Action.c(192): web_reg_find started  	[MsgId: MMSG-26355]
Action.c(192): Registering web_reg_find was successful  	[MsgId: MMSG-26390]
Action.c(193): web_reg_find started  	[MsgId: MMSG-26355]
Action.c(193): Notify: Parameter Substitution: parameter "firstName" =  "Frankie"	[MsgId: MMSG-13992]
Action.c(193): Registering web_reg_find was successful  	[MsgId: MMSG-26390]
Action.c(195): web_submit_data("reservations.pl_2") started  	[MsgId: MMSG-26355]
Action.c(195): Notify: Parameter Substitution: parameter "outboundFlight" =  "560;110;05/25/2024"	[MsgId: MMSG-13992]
Action.c(195): Notify: Parameter Substitution: parameter "numPassengers" =  "2"	[MsgId: MMSG-13992]
Action.c(195): Notify: Parameter Substitution: parameter "randSeatType" =  "Business"	[MsgId: MMSG-13992]
Action.c(195): Notify: Parameter Substitution: parameter "randSeatPref" =  "Window"	[MsgId: MMSG-13992]
Action.c(195): t=1341580ms: Already connected [0] to localhost:1080  	[MsgId: MMSG-26000]
Action.c(195): t=1341580ms: 648-byte request headers for "http://localhost:1080/cgi-bin/reservations.pl" (RelFrameId=1, Internal ID=639)
Action.c(195):     POST /cgi-bin/reservations.pl HTTP/1.1\r\n
Action.c(195):     Content-Type: application/x-www-form-urlencoded\r\n
Action.c(195):     Referer: http://localhost:1080/cgi-bin/reservations.pl\r\n
Action.c(195):     Priority: u=4\r\n
Action.c(195):     Upgrade-Insecure-Requests: 1\r\n
Action.c(195):     Origin: http://localhost:1080\r\n
Action.c(195):     User-Agent: Mozilla/5.0 (Windows NT 10.0; Win64; x64; rv:132.0) Gecko/20100101 Firefox/132
Action.c(195):     .0\r\n
Action.c(195):     Accept-Encoding: gzip, deflate\r\n
Action.c(195):     Accept-Language: en-US,en;q=0.5\r\n
Action.c(195):     Accept: */*\r\n
Action.c(195):     Connection: Keep-Alive\r\n
Action.c(195):     Host: localhost:1080\r\n
Action.c(195):     Cookie: MSO=SID&1735054297; MTUserInfo=firstName&Frankie&address2&Chicago&username&frankie
Action.c(195):     Deadeye&hash&69&lastName&Deadeye%0A&address1&Hell%27s%20Kitchen%20Road&creditCard&&expDate
Action.c(195):     &%0A\r\n
Action.c(195):     Content-Length: 148\r\n
Action.c(195):     \r\n
Action.c(195): t=1341581ms: 148-byte request body for "http://localhost:1080/cgi-bin/reservations.pl" (RelFrameId=1, Internal ID=639)
Action.c(195):     outboundFlight=560%3B110%3B05%2F25%2F2024&numPassengers=2&advanceDiscount=0&seatType=Busin
Action.c(195):     ess&seatPref=Window&reserveFlights.x=58&reserveFlights.y=6
Action.c(195): t=1341647ms: 255-byte response headers for "http://localhost:1080/cgi-bin/reservations.pl" (RelFrameId=1, Internal ID=639)
Action.c(195):     HTTP/1.1 200 OK\r\n
Action.c(195):     Date: Tue, 24 Dec 2024 15:31:58 GMT\r\n
Action.c(195):     Server: Apache/2.2.21 (Win32)\r\n
Action.c(195):     Expires: Mon, 23 Dec 2024 15:31:58 GMT\r\n
Action.c(195):     Keep-Alive: timeout=5, max=99\r\n
Action.c(195):     Connection: Keep-Alive\r\n
Action.c(195):     Transfer-Encoding: chunked\r\n
Action.c(195):     Content-Type: text/html; charset=ISO-8859-1\r\n
Action.c(195):     \r\n
Action.c(195): t=1341648ms: 5-byte chunked response overhead for "http://localhost:1080/cgi-bin/reservations.pl" (RelFrameId=1, Internal ID=639)
Action.c(195):     b0e\r\n
Action.c(195): t=1341648ms: 2-byte chunked response overhead for "http://localhost:1080/cgi-bin/reservations.pl" (RelFrameId=1, Internal ID=639)
Action.c(195):     \r\n
Action.c(195): t=1341648ms: 2830-byte chunked response body for "http://localhost:1080/cgi-bin/reservations.pl" (RelFrameId=1, Internal ID=639)
Action.c(195):     <!DOCTYPE html\n
Action.c(195):     \tPUBLIC "-//W3C//DTD XHTML 1.0 Transitional//EN"\n
Action.c(195):     \t "http://www.w3.org/TR/xhtml1/DTD/xhtml1-transitional.dtd">\n
Action.c(195):     <html xmlns="http://www.w3.org/1999/xhtml" lang="en-US" xml:lang="en-US">\n
Action.c(195):     <head>\n
Action.c(195):     <title>Flight Reservation</title>\n
Action.c(195):     <meta http-equiv="Content-Type" content="text/html; charset=iso-8859-1" />\n
Action.c(195):     </head>\n
Action.c(195):     <body bgcolor="#E0E7F1">\n
Action.c(195):     <style>blockquote {font-family: tahoma; font-size : 10pt}H1 {font-family: tahoma; font-siz
Action.c(195):     e : 22pt; color: #993333}small {font-family: tahoma; font-size : 8pt}H3 {font-family: taho
Action.c(195):     ma; font-size : 10pt; color: black}TD {font-family: tahoma; font-size : 10pt; color: black
Action.c(195):     }</style><BR/><BR/><h1><font color="#003366">&nbsp;&nbsp;<b>Payment Details</font></b></h1
Action.c(195):     ><blockquote><form method="post" action="reservations.pl" enctype="application/x-www-form-
Action.c(195):     urlencoded" onsubmit="return true ;">\n
Action.c(195):     <table><tr><td align="right">First Name : <td><input type="text" name="firstName" value="F
Action.c(195):     rankie" size="15" /><tr><td align="right">Last Name : <td><input type="text" name="lastNam
Action.c(195):     e" value="Deadeye&#10;" size="15" /><tr><td align="right">Street Address : <td colspan="3"
Action.c(195):     ><input type="text" name="address1" value="Hell&#39;s Kitchen Road" size="30" /><tr><td al
Action.c(195):     ign="right">City/State/Zip : <td colspan="3"><input type="text" name="address2" value="Chi
Action.c(195):     cago" size="30" /><tr><td align="right">Passenger Names : <td colspan="3"><input type="tex
Action.c(195):     t" name="pass1" value="Frankie Deadeye&#10;" size="30" /><tr><td><td colspan="3"><input ty
Action.c(195):     pe="text" name="pass2"  size="30" /><tr><td height="10"><tr><td height="10" align="center"
Action.c(195):      colspan="4">Total for 2 ticket(s) is = $ 220<tr><td align="right">Credit Card : <td><inpu
Action.c(195):     t type="text" name="creditCard"  size="20" maxlength="20" /><td align="right">Exp Date : <
Action.c(195):     td><input type="text" name="expDate" value="&#10;" size="5" maxlength="5" /><tr><TD><td co
Action.c(195):     lspan="3" align="left"><label><input type="checkbox" name="saveCC" value="on" />Save this 
Action.c(195):     Credit Card Information</label><input type="hidden" name="oldCCOption" value=""  /></table
Action.c(195):     ><input type="hidden" name="numPassengers" value="2"  /><input type="hidden" name="seatTyp
Action.c(195):     e" value="Business"  /><input type="hidden" name="seatPref" value="Window"  /><input type=
Action.c(195):     "hidden" name="outboundFlight" value="560;110;05/25/2024"  /><input type="hidden" name="ad
Action.c(195):     vanceDiscount" value="0"  /><input type="hidden" name="returnFlight" value=""  /><input ty
Action.c(195):     pe="hidden" name="JSFormSubmit" value="off"  /><center><table width=80% cellspacing=1><tr>
Action.c(195):     <td align=center>\n
Action.c(195):     <input type="image" name="buyFlights" src="/WebTours/images/button_next.gif" border="0" />
Action.c(195):     <div><input type="hidden" name=".cgifields" value="saveCC"  /></div></form>\n
Action.c(195):     <td>&nbsp;<td align=center><form method="post" action="reservations.pl" enctype="applicati
Action.c(195):     on/x-www-form-urlencoded" onsubmit="void(0);">\n
Action.c(195):     </form></table></center></blockquote>\n
Action.c(195):     </body>\n
Action.c(195):     </html>
Action.c(195): Resource "http://localhost:1080/WebTours/images/button_next.gif" is in the cache already and will not be downloaded again  	[MsgId: MMSG-26655]
Action.c(195): t=1341649ms: 5-byte chunked response overhead for "http://localhost:1080/cgi-bin/reservations.pl" (RelFrameId=1, Internal ID=639)
Action.c(195):     0\r\n
Action.c(195):     \r\n
Action.c(195): t=1341650ms: Request done "http://localhost:1080/cgi-bin/reservations.pl"  	[MsgId: MMSG-26000]
Action.c(195): Registered web_reg_find successful for "Text=<title>Flight Reservation</title>" (count=1)  	[MsgId: MMSG-26364]
Action.c(195): Registered web_reg_find successful for "Text=firstName" value="Frankie"" (count=1)  	[MsgId: MMSG-26364]
Action.c(195): web_submit_data("reservations.pl_2") was successful, 2830 body bytes, 255 header bytes, 12 chunking overhead bytes  	[MsgId: MMSG-26385]
Action.c(213): Notify: Transaction "ChooseTicket" ended with a "Pass" status (Duration: 0,0716 Wasted Time: 0,0000).	[MsgId: MMSG-16871]
Action.c(215): lr_think_time: 3,00 seconds.	[MsgId: MMSG-15948]
Action.c(190): Notify: Transaction "ChooseTicket" started.	[MsgId: MMSG-16999]
Action.c(192): web_reg_find started  	[MsgId: MMSG-26355]
Action.c(192): Registering web_reg_find was successful  	[MsgId: MMSG-26390]
Action.c(193): web_reg_find started  	[MsgId: MMSG-26355]
Action.c(193): Notify: Parameter Substitution: parameter "firstName" =  "Frankie"	[MsgId: MMSG-13992]
Action.c(193): Registering web_reg_find was successful  	[MsgId: MMSG-26390]
Action.c(195): web_submit_data("reservations.pl_2") started  	[MsgId: MMSG-26355]
Action.c(195): Notify: Parameter Substitution: parameter "outboundFlight" =  "160;808;05/25/2024"	[MsgId: MMSG-13992]
Action.c(195): Notify: Parameter Substitution: parameter "numPassengers" =  "2"	[MsgId: MMSG-13992]
Action.c(195): Notify: Parameter Substitution: parameter "randSeatType" =  "First"	[MsgId: MMSG-13992]
Action.c(195): Notify: Parameter Substitution: parameter "randSeatPref" =  "Aisle"	[MsgId: MMSG-13992]
Action.c(195): t=1343294ms: Already connected [0] to localhost:1080  	[MsgId: MMSG-26000]
Action.c(195): t=1343294ms: 648-byte request headers for "http://localhost:1080/cgi-bin/reservations.pl" (RelFrameId=1, Internal ID=639)
Action.c(195):     POST /cgi-bin/reservations.pl HTTP/1.1\r\n
Action.c(195):     Content-Type: application/x-www-form-urlencoded\r\n
Action.c(195):     Referer: http://localhost:1080/cgi-bin/reservations.pl\r\n
Action.c(195):     Priority: u=4\r\n
Action.c(195):     Upgrade-Insecure-Requests: 1\r\n
Action.c(195):     Origin: http://localhost:1080\r\n
Action.c(195):     User-Agent: Mozilla/5.0 (Windows NT 10.0; Win64; x64; rv:132.0) Gecko/20100101 Firefox/132
Action.c(195):     .0\r\n
Action.c(195):     Accept-Encoding: gzip, deflate\r\n
Action.c(195):     Accept-Language: en-US,en;q=0.5\r\n
Action.c(195):     Accept: */*\r\n
Action.c(195):     Connection: Keep-Alive\r\n
Action.c(195):     Host: localhost:1080\r\n
Action.c(195):     Cookie: MSO=SID&1735054300; MTUserInfo=firstName&Frankie&address2&Chicago&username&frankie
Action.c(195):     Deadeye&hash&69&lastName&Deadeye%0A&address1&Hell%27s%20Kitchen%20Road&creditCard&&expDate
Action.c(195):     &%0A\r\n
Action.c(195):     Content-Length: 144\r\n
Action.c(195):     \r\n
Action.c(195): t=1343295ms: 144-byte request body for "http://localhost:1080/cgi-bin/reservations.pl" (RelFrameId=1, Internal ID=639)
Action.c(195):     outboundFlight=160%3B808%3B05%2F25%2F2024&numPassengers=2&advanceDiscount=0&seatType=First
Action.c(195):     &seatPref=Aisle&reserveFlights.x=58&reserveFlights.y=6
Action.c(195): t=1343342ms: 255-byte response headers for "http://localhost:1080/cgi-bin/reservations.pl" (RelFrameId=1, Internal ID=639)
Action.c(195):     HTTP/1.1 200 OK\r\n
Action.c(195):     Date: Tue, 24 Dec 2024 15:31:59 GMT\r\n
Action.c(195):     Server: Apache/2.2.21 (Win32)\r\n
Action.c(195):     Expires: Mon, 23 Dec 2024 15:31:59 GMT\r\n
Action.c(195):     Keep-Alive: timeout=5, max=99\r\n
Action.c(195):     Connection: Keep-Alive\r\n
Action.c(195):     Transfer-Encoding: chunked\r\n
Action.c(195):     Content-Type: text/html; charset=ISO-8859-1\r\n
Action.c(195):     \r\n
Action.c(195): t=1343342ms: 5-byte chunked response overhead for "http://localhost:1080/cgi-bin/reservations.pl" (RelFrameId=1, Internal ID=639)
Action.c(195):     b0b\r\n
Action.c(195): t=1343342ms: 2-byte chunked response overhead for "http://localhost:1080/cgi-bin/reservations.pl" (RelFrameId=1, Internal ID=639)
Action.c(195):     \r\n
Action.c(195): t=1343342ms: 2827-byte chunked response body for "http://localhost:1080/cgi-bin/reservations.pl" (RelFrameId=1, Internal ID=639)
Action.c(195):     <!DOCTYPE html\n
Action.c(195):     \tPUBLIC "-//W3C//DTD XHTML 1.0 Transitional//EN"\n
Action.c(195):     \t "http://www.w3.org/TR/xhtml1/DTD/xhtml1-transitional.dtd">\n
Action.c(195):     <html xmlns="http://www.w3.org/1999/xhtml" lang="en-US" xml:lang="en-US">\n
Action.c(195):     <head>\n
Action.c(195):     <title>Flight Reservation</title>\n
Action.c(195):     <meta http-equiv="Content-Type" content="text/html; charset=iso-8859-1" />\n
Action.c(195):     </head>\n
Action.c(195):     <body bgcolor="#E0E7F1">\n
Action.c(195):     <style>blockquote {font-family: tahoma; font-size : 10pt}H1 {font-family: tahoma; font-siz
Action.c(195):     e : 22pt; color: #993333}small {font-family: tahoma; font-size : 8pt}H3 {font-family: taho
Action.c(195):     ma; font-size : 10pt; color: black}TD {font-family: tahoma; font-size : 10pt; color: black
Action.c(195):     }</style><BR/><BR/><h1><font color="#003366">&nbsp;&nbsp;<b>Payment Details</font></b></h1
Action.c(195):     ><blockquote><form method="post" action="reservations.pl" enctype="application/x-www-form-
Action.c(195):     urlencoded" onsubmit="return true ;">\n
Action.c(195):     <table><tr><td align="right">First Name : <td><input type="text" name="firstName" value="F
Action.c(195):     rankie" size="15" /><tr><td align="right">Last Name : <td><input type="text" name="lastNam
Action.c(195):     e" value="Deadeye&#10;" size="15" /><tr><td align="right">Street Address : <td colspan="3"
Action.c(195):     ><input type="text" name="address1" value="Hell&#39;s Kitchen Road" size="30" /><tr><td al
Action.c(195):     ign="right">City/State/Zip : <td colspan="3"><input type="text" name="address2" value="Chi
Action.c(195):     cago" size="30" /><tr><td align="right">Passenger Names : <td colspan="3"><input type="tex
Action.c(195):     t" name="pass1" value="Frankie Deadeye&#10;" size="30" /><tr><td><td colspan="3"><input ty
Action.c(195):     pe="text" name="pass2"  size="30" /><tr><td height="10"><tr><td height="10" align="center"
Action.c(195):      colspan="4">Total for 2 ticket(s) is = $ 1616<tr><td align="right">Credit Card : <td><inp
Action.c(195):     ut type="text" name="creditCard"  size="20" maxlength="20" /><td align="right">Exp Date : 
Action.c(195):     <td><input type="text" name="expDate" value="&#10;" size="5" maxlength="5" /><tr><TD><td c
Action.c(195):     olspan="3" align="left"><label><input type="checkbox" name="saveCC" value="on" />Save this
Action.c(195):      Credit Card Information</label><input type="hidden" name="oldCCOption" value=""  /></tabl
Action.c(195):     e><input type="hidden" name="numPassengers" value="2"  /><input type="hidden" name="seatTy
Action.c(195):     pe" value="First"  /><input type="hidden" name="seatPref" value="Aisle"  /><input type="hi
Action.c(195):     dden" name="outboundFlight" value="160;808;05/25/2024"  /><input type="hidden" name="advan
Action.c(195):     ceDiscount" value="0"  /><input type="hidden" name="returnFlight" value=""  /><input type=
Action.c(195):     "hidden" name="JSFormSubmit" value="off"  /><center><table width=80% cellspacing=1><tr><td
Action.c(195):      align=center>\n
Action.c(195):     <input type="image" name="buyFlights" src="/WebTours/images/button_next.gif" border="0" />
Action.c(195):     <div><input type="hidden" name=".cgifields" value="saveCC"  /></div></form>\n
Action.c(195):     <td>&nbsp;<td align=center><form method="post" action="reservations.pl" enctype="applicati
Action.c(195):     on/x-www-form-urlencoded" onsubmit="void(0);">\n
Action.c(195):     </form></table></center></blockquote>\n
Action.c(195):     </body>\n
Action.c(195):     </html>
Action.c(195): Resource "http://localhost:1080/WebTours/images/button_next.gif" is in the cache already and will not be downloaded again  	[MsgId: MMSG-26655]
Action.c(195): t=1343344ms: 5-byte chunked response overhead for "http://localhost:1080/cgi-bin/reservations.pl" (RelFrameId=1, Internal ID=639)
Action.c(195):     0\r\n
Action.c(195):     \r\n
Action.c(195): t=1343345ms: Request done "http://localhost:1080/cgi-bin/reservations.pl"  	[MsgId: MMSG-26000]
Action.c(195): Registered web_reg_find successful for "Text=<title>Flight Reservation</title>" (count=1)  	[MsgId: MMSG-26364]
Action.c(195): Registered web_reg_find successful for "Text=firstName" value="Frankie"" (count=1)  	[MsgId: MMSG-26364]
Action.c(195): web_submit_data("reservations.pl_2") was successful, 2827 body bytes, 255 header bytes, 12 chunking overhead bytes  	[MsgId: MMSG-26385]
Action.c(213): Notify: Transaction "ChooseTicket" ended with a "Pass" status (Duration: 0,0527 Wasted Time: 0,0000).	[MsgId: MMSG-16871]
Action.c(215): lr_think_time: 3,00 seconds.	[MsgId: MMSG-15948]
Action.c(217): Notify: Transaction "Payment details" started.	[MsgId: MMSG-16999]
Action.c(219): web_add_auto_header("Priority") started  	[MsgId: MMSG-26355]
Action.c(219): An unrecognized header ("Priority") is being added  	[MsgId: MMSG-26595]
Action.c(219): "Priority: u=4" header registered (superseding previous registration) for adding to requests from all following Action functions  	[MsgId: MMSG-26504]
Action.c(219): web_add_auto_header("Priority") was successful  	[MsgId: MMSG-26392]
Action.c(222): web_add_auto_header("Origin") started  	[MsgId: MMSG-26355]
Action.c(222): An unrecognized header ("Origin") is being added  	[MsgId: MMSG-26595]
Action.c(222): "Origin: http://localhost:1080" header registered (superseding previous registration) for adding to requests from all following Action functions  	[MsgId: MMSG-26504]
Action.c(222): web_add_auto_header("Origin") was successful  	[MsgId: MMSG-26392]
Action.c(225): web_add_auto_header("Upgrade-Insecure-Requests") started  	[MsgId: MMSG-26355]
Action.c(225): An unrecognized header ("Upgrade-Insecure-Requests") is being added  	[MsgId: MMSG-26595]
Action.c(225): "Upgrade-Insecure-Requests: 1" header registered (superseding previous registration) for adding to requests from all following Action functions  	[MsgId: MMSG-26504]
Action.c(225): web_add_auto_header("Upgrade-Insecure-Requests") was successful  	[MsgId: MMSG-26392]
Action.c(229): web_reg_find started  	[MsgId: MMSG-26355]
Action.c(229): Registering web_reg_find was successful  	[MsgId: MMSG-26390]
Action.c(234): web_reg_find started  	[MsgId: MMSG-26355]
Action.c(234): Notify: Parameter Substitution: parameter "randSeatType" =  "Business"	[MsgId: MMSG-13992]
Action.c(234): Registering web_reg_find was successful  	[MsgId: MMSG-26390]
Action.c(235): web_reg_find started  	[MsgId: MMSG-26355]
Action.c(235): Notify: Parameter Substitution: parameter "randDepartCity" =  "Portland"	[MsgId: MMSG-13992]
Action.c(235): Notify: Parameter Substitution: parameter "randArriveCity" =  "San Francisco"	[MsgId: MMSG-13992]
Action.c(235): Registering web_reg_find was successful  	[MsgId: MMSG-26390]
Action.c(238): web_submit_data("reservations.pl_3") started  	[MsgId: MMSG-26355]
Action.c(238): Notify: Parameter Substitution: parameter "firstName" =  "Frankie"	[MsgId: MMSG-13992]
Action.c(238): Notify: Parameter Substitution: parameter "secondName" =  "Deadeye"	[MsgId: MMSG-13992]
Action.c(238): Notify: Parameter Substitution: parameter "street" =  "Hell's Kitchen Road"	[MsgId: MMSG-13992]
Action.c(238): Notify: Parameter Substitution: parameter "firstName" =  "Frankie"	[MsgId: MMSG-13992]
Action.c(238): Notify: Parameter Substitution: parameter "secondName" =  "Deadeye"	[MsgId: MMSG-13992]
Action.c(238): Notify: Parameter Substitution: parameter "creditCard" =  "9876 5432 1456 7890"	[MsgId: MMSG-13992]
Action.c(238): Notify: Parameter Substitution: parameter "expDate" =  "03/26"	[MsgId: MMSG-13992]
Action.c(238): Notify: Parameter Substitution: parameter "numPassengers" =  "1"	[MsgId: MMSG-13992]
Action.c(238): Notify: Parameter Substitution: parameter "randSeatType" =  "Business"	[MsgId: MMSG-13992]
Action.c(238): Notify: Parameter Substitution: parameter "randSeatPref" =  "Window"	[MsgId: MMSG-13992]
Action.c(238): Notify: Parameter Substitution: parameter "outboundFlight" =  "560;110;05/25/2024"	[MsgId: MMSG-13992]
Action.c(238): t=1344658ms: Already connected [0] to localhost:1080  	[MsgId: MMSG-26000]
Action.c(238): t=1344658ms: 648-byte request headers for "http://localhost:1080/cgi-bin/reservations.pl" (RelFrameId=1, Internal ID=640)
Action.c(238):     POST /cgi-bin/reservations.pl HTTP/1.1\r\n
Action.c(238):     Content-Type: application/x-www-form-urlencoded\r\n
Action.c(238):     Referer: http://localhost:1080/cgi-bin/reservations.pl\r\n
Action.c(238):     Priority: u=4\r\n
Action.c(238):     Upgrade-Insecure-Requests: 1\r\n
Action.c(238):     Origin: http://localhost:1080\r\n
Action.c(238):     User-Agent: Mozilla/5.0 (Windows NT 10.0; Win64; x64; rv:132.0) Gecko/20100101 Firefox/132
Action.c(238):     .0\r\n
Action.c(238):     Accept-Encoding: gzip, deflate\r\n
Action.c(238):     Accept-Language: en-US,en;q=0.5\r\n
Action.c(238):     Accept: */*\r\n
Action.c(238):     Connection: Keep-Alive\r\n
Action.c(238):     Host: localhost:1080\r\n
Action.c(238):     Cookie: MSO=SID&1735054297; MTUserInfo=firstName&Frankie&address2&Chicago&username&frankie
Action.c(238):     Deadeye&hash&69&lastName&Deadeye%0A&address1&Hell%27s%20Kitchen%20Road&creditCard&&expDate
Action.c(238):     &%0A\r\n
Action.c(238):     Content-Length: 361\r\n
Action.c(238):     \r\n
Action.c(238): t=1344660ms: 361-byte request body for "http://localhost:1080/cgi-bin/reservations.pl" (RelFrameId=1, Internal ID=640)
Action.c(238):     firstName=Frankie&lastName=Deadeye&address1=Hell%27s+Kitchen+Road&address2=Pcity%7D&pass1=
Action.c(238):     %7BFrankie+Deadeye%7D&creditCard=9876+5432+1456+7890&expDate=03%2F26&oldCCOption=&numPasse
Action.c(238):     ngers=1&seatType=Business&seatPref=Window&outboundFlight=560%3B110%3B05%2F25%2F2024&advanc
Action.c(238):     eDiscount=0&returnFlight=&JSFormSubmit=off&buyFlights.x=34&buyFlights.y=7&.cgifields=saveC
Action.c(238):     C
Action.c(238): t=1344708ms: 409-byte response headers for "http://localhost:1080/cgi-bin/reservations.pl" (RelFrameId=1, Internal ID=640)
Action.c(238):     HTTP/1.1 200 OK\r\n
Action.c(238):     Date: Tue, 24 Dec 2024 15:32:01 GMT\r\n
Action.c(238):     Server: Apache/2.2.21 (Win32)\r\n
Action.c(238):     Expires: Mon, 23 Dec 2024 15:32:01 GMT\r\n
Action.c(238):     Set-Cookie: MTUserInfo=firstName&Frankie&username&frankieDeadeye&address2&Chicago&hash&69&
Action.c(238):     address1&Hell%27s%20Kitchen%20Road&lastName&Deadeye%0A; path=/\r\n
Action.c(238):     Keep-Alive: timeout=5, max=98\r\n
Action.c(238):     Connection: Keep-Alive\r\n
Action.c(238):     Transfer-Encoding: chunked\r\n
Action.c(238):     Content-Type: text/html; charset=ISO-8859-1\r\n
Action.c(238):     \r\n
Action.c(238): t=1344708ms: 5-byte chunked response overhead for "http://localhost:1080/cgi-bin/reservations.pl" (RelFrameId=1, Internal ID=640)
Action.c(238):     9cb\r\n
Action.c(238): t=1344708ms: 2-byte chunked response overhead for "http://localhost:1080/cgi-bin/reservations.pl" (RelFrameId=1, Internal ID=640)
Action.c(238):     \r\n
Action.c(238): t=1344708ms: 2507-byte chunked response body for "http://localhost:1080/cgi-bin/reservations.pl" (RelFrameId=1, Internal ID=640)
Action.c(238):     <!DOCTYPE html\n
Action.c(238):     \tPUBLIC "-//W3C//DTD XHTML 1.0 Transitional//EN"\n
Action.c(238):     \t "http://www.w3.org/TR/xhtml1/DTD/xhtml1-transitional.dtd">\n
Action.c(238):     <html xmlns="http://www.w3.org/1999/xhtml" lang="en-US" xml:lang="en-US">\n
Action.c(238):     <head>\n
Action.c(238):     <title>Reservation Made!</title>\n
Action.c(238):     <meta http-equiv="Content-Type" content="text/html; charset=iso-8859-1" />\n
Action.c(238):     </head>\n
Action.c(238):     <body bgcolor="#E0E7F1">\n
Action.c(238):     <style>blockquote {font-family: tahoma; font-size : 10pt}H1 {font-family: tahoma; font-siz
Action.c(238):     e : 22pt; color: #993333}small {font-family: tahoma; font-size : 8pt}H3 {font-family: taho
Action.c(238):     ma; font-size : 10pt; color: black}TD {font-family: tahoma; font-size : 10pt; color: black
Action.c(238):     }</style><BR/><BR/><h1><font color="#003366">&nbsp;&nbsp;<b>Invoice</font></b></h1><blockq
Action.c(238):     uote>\n
Action.c(238):     <CENTER>\n
Action.c(238):     <small><B>Thank you for booking through Web Tours.</B></small>\n
Action.c(238):     <BR/>\n
Action.c(238):     <BR/>\n
Action.c(238):     <!-- Customer Name header -->\n
Action.c(238):     <Table width="85%" border="0" cellspacing="0" >\n
Action.c(238):       <TR bgcolor="#5E7884">\n
Action.c(238):          <TD colspan="2" align="center">\n
Action.c(238):             <font color="white"><b>FrankieDeadeye's Flight Invoice</b></font>\n
Action.c(238):          </TD>\n
Action.c(238):          <TD width="160" align="right">\n
Action.c(238):              <font color="white"><small>Tue Dec 24 19:32:01 2024\n
Action.c(238):     </small>\n
Action.c(238):          </TD>\n
Action.c(238):       </TR>\n
Action.c(238):     </Table>\n
Action.c(238):     \n
Action.c(238):     <Table width="85%" border="0" cellspacing="1" >\n
Action.c(238):     <!-- Flight Item header -->\n
Action.c(238):       <TR bgcolor="#EFF2F7">\n
Action.c(238):          <TD colspan="2" align="left">\n
Action.c(238):              Flights Reservation Requests:\n
Action.c(238):         </TD>\n
Action.c(238):         <TD align="center">Cost\n
Action.c(238):         </TD>\n
Action.c(238):       </TR>\n
Action.c(238):     \n
Action.c(238):     <!-- Flight reserved -->\n
Action.c(238):     <TR bgcolor="#EFF2F7">\n
Action.c(238):         <TD valign="top">1.</TD>\n
Action.c(238):         <TD align="left">\n
Action.c(238):            A Business Class ticket\n
Action.c(238):      from Portland to San Francisco.</u></b>\n
Action.c(238):     <br/>\n
Action.c(238):     <center>\n
Action.c(238):            <i>\n
Action.c(238):               05/25/2024 :  8am : Flight 560 leaves Portland  for San Francisco.<br>\n
Action.c(238):            <br/>\n
Action.c(238):         </TD>\n
Action.c(238):         <TD valign="top">\n
Action.c(238):              $110\n
Action.c(238):         </TD>\n
Action.c(238):       </TR>\n
Action.c(238):     <!-- Total Cost -->\n
Action.c(238):       <TR bgcolor="#EFF2F7">\n
Action.c(238):         <TD>*\n
Action.c(238):         </TD>\n
Action.c(238):         <TD > Total Cost\n
Action.c(238):         </TD>\n
Action.c(238):         <TD>\n
Action.c(238):            <b> $110 </b>\n
Action.c(238):         </TD>\n
Action.c(238):       </TR>\n
Action.c(238):     \n
Action.c(238):       <TR bgcolor="#EFF2F7">\n
Action.c(238):         <TD>-\n
Action.c(238):         </TD>\n
Action.c(238):         <TD >\n
Action.c(238):            Total Charged to Credit Card # 9876 5432 1456 7890\n
Action.c(238):         </TD>\n
Action.c(238):         <TD>\n
Action.c(238):            <b> $110 </b>\n
Action.c(238):         </TD>\n
Action.c(238):       </TR>\n
Action.c(238):     \n
Action.c(238):       <TR bgcolor="#EFF2F7">\n
Action.c(238):         <TD>*\n
Action.c(238):         </TD>\n
Action.c(238):         <TD >\n
Action.c(238):             Credit Account Balance\n
Action.c(238):         </TD>\n
Action.c(238):         <TD>\n
Action.c(238):            <b> $0.00 </b>\n
Action.c(238):         </TD>\n
Action.c(238):       </TR></Table>\n
Action.c(238):     <BR/>\n
Action.c(238):     <Table width="85%" border="0">\n
Action.c(238):       <tr>\n
Action.c(238):         <td align=right>\n
Action.c(238):     <form method="post" action="" enctype="application/x-www-form-urlencoded">\n
Action.c(238):     <input type="image" name="Book Another" src="/WebTours/images/bookanother.gif" border="0" 
Action.c(238):     /></form>    </td>\n
Action.c(238):       </tr>\n
Action.c(238):     </Table>\n
Action.c(238):     \n
Action.c(238):     </Center>\n
Action.c(238):     \n
Action.c(238):     </body>\n
Action.c(238):     </html>
Action.c(238): Found resource "http://localhost:1080/WebTours/images/bookanother.gif" in HTML "http://localhost:1080/cgi-bin/reservations.pl"  	[MsgId: MMSG-26659]
Action.c(238): t=1344711ms: 5-byte chunked response overhead for "http://localhost:1080/cgi-bin/reservations.pl" (RelFrameId=1, Internal ID=640)
Action.c(238):     0\r\n
Action.c(238):     \r\n
Action.c(238): t=1344711ms: Request done "http://localhost:1080/cgi-bin/reservations.pl"  	[MsgId: MMSG-26000]
Action.c(238): t=1344711ms: Already connected [1] to localhost:1080  	[MsgId: MMSG-26000]
Action.c(238): t=1344711ms: 561-byte request headers for "http://localhost:1080/WebTours/images/bookanother.gif" (RelFrameId=, Internal ID=641)
Action.c(238):     GET /WebTours/images/bookanother.gif HTTP/1.1\r\n
Action.c(238):     Referer: http://localhost:1080/cgi-bin/reservations.pl\r\n
Action.c(238):     Priority: u=4\r\n
Action.c(238):     Upgrade-Insecure-Requests: 1\r\n
Action.c(238):     Origin: http://localhost:1080\r\n
Action.c(238):     User-Agent: Mozilla/5.0 (Windows NT 10.0; Win64; x64; rv:132.0) Gecko/20100101 Firefox/132
Action.c(238):     .0\r\n
Action.c(238):     Accept-Encoding: gzip, deflate\r\n
Action.c(238):     Accept-Language: en-US,en;q=0.5\r\n
Action.c(238):     Accept: */*\r\n
Action.c(238):     Connection: Keep-Alive\r\n
Action.c(238):     Host: localhost:1080\r\n
Action.c(238):     Cookie: MSO=SID&1735054297; MTUserInfo=firstName&Frankie&username&frankieDeadeye&address2&
Action.c(238):     Chicago&hash&69&address1&Hell%27s%20Kitchen%20Road&lastName&Deadeye%0A\r\n
Action.c(238):     \r\n
Action.c(238): t=1344712ms: reporting user data point RETRY_KEEP_ALIVE  	[MsgId: MMSG-26000]
Action.c(238): RETRY 0: WSA_IO_PENDING  	[MsgId: MMSG-26000]
Action.c(238): t=1344712ms: Closed connection [1] to localhost:1080 after completing 1 request(s)  	[MsgId: MMSG-26000]
Action.c(238): t=1344712ms: Connecting [1] to host 127.0.0.1:1080  	[MsgId: MMSG-26000]
Action.c(238): t=1344712ms: Connected socket [1] from 127.0.0.1:10732 to 127.0.0.1:1080 in 0 ms  	[MsgId: MMSG-26000]
Action.c(238): t=1344712ms: 561-byte request headers for "http://localhost:1080/WebTours/images/bookanother.gif" (RelFrameId=, Internal ID=641)
Action.c(238):     GET /WebTours/images/bookanother.gif HTTP/1.1\r\n
Action.c(238):     Referer: http://localhost:1080/cgi-bin/reservations.pl\r\n
Action.c(238):     Priority: u=4\r\n
Action.c(238):     Upgrade-Insecure-Requests: 1\r\n
Action.c(238):     Origin: http://localhost:1080\r\n
Action.c(238):     User-Agent: Mozilla/5.0 (Windows NT 10.0; Win64; x64; rv:132.0) Gecko/20100101 Firefox/132
Action.c(238):     .0\r\n
Action.c(238):     Accept-Encoding: gzip, deflate\r\n
Action.c(238):     Accept-Language: en-US,en;q=0.5\r\n
Action.c(238):     Accept: */*\r\n
Action.c(238):     Connection: Keep-Alive\r\n
Action.c(238):     Host: localhost:1080\r\n
Action.c(238):     Cookie: MSO=SID&1735054297; MTUserInfo=firstName&Frankie&username&frankieDeadeye&address2&
Action.c(238):     Chicago&hash&69&address1&Hell%27s%20Kitchen%20Road&lastName&Deadeye%0A\r\n
Action.c(238):     \r\n
Action.c(238): t=1344714ms: 299-byte response headers for "http://localhost:1080/WebTours/images/bookanother.gif" (RelFrameId=, Internal ID=641)
Action.c(238):     HTTP/1.1 200 OK\r\n
Action.c(238):     Date: Tue, 24 Dec 2024 15:32:01 GMT\r\n
Action.c(238):     Server: Apache/2.2.21 (Win32)\r\n
Action.c(238):     Last-Modified: Wed, 04 Dec 2024 18:02:12 GMT\r\n
Action.c(238):     ETag: "11000000068dbf-326-6287594beaa9b"\r\n
Action.c(238):     Accept-Ranges: bytes\r\n
Action.c(238):     Content-Length: 806\r\n
Action.c(238):     Keep-Alive: timeout=5, max=100\r\n
Action.c(238):     Connection: Keep-Alive\r\n
Action.c(238):     Content-Type: image/gif\r\n
Action.c(238):     \r\n
Action.c(238): t=1344714ms: 806-byte response body for "http://localhost:1080/WebTours/images/bookanother.gif" (RelFrameId=, Internal ID=641)
Action.c(238): t=1344714ms: Request done "http://localhost:1080/WebTours/images/bookanother.gif"  	[MsgId: MMSG-26000]
Action.c(238): Registered web_reg_find successful for "Text=<title>Reservation Made!</title>" (count=1)  	[MsgId: MMSG-26364]
Action.c(238): Registered web_reg_find successful for "Text=Business Class ticket" (count=1)  	[MsgId: MMSG-26364]
Action.c(238): Registered web_reg_find successful for "Text=from Portland to San Francisco" (count=1)  	[MsgId: MMSG-26364]
Action.c(238): web_submit_data("reservations.pl_3") was successful, 3313 body bytes, 708 header bytes, 12 chunking overhead bytes  	[MsgId: MMSG-26385]
Action.c(267): Notify: Transaction "Payment details" ended with a "Pass" status (Duration: 0,0594 Wasted Time: 0,0000).	[MsgId: MMSG-16871]
Action.c(290): lr_think_time: 3,00 seconds.	[MsgId: MMSG-15948]
Action.c(217): Notify: Transaction "Payment details" started.	[MsgId: MMSG-16999]
Action.c(219): web_add_auto_header("Priority") started  	[MsgId: MMSG-26355]
Action.c(219): An unrecognized header ("Priority") is being added  	[MsgId: MMSG-26595]
Action.c(219): "Priority: u=4" header registered (superseding previous registration) for adding to requests from all following Action functions  	[MsgId: MMSG-26504]
Action.c(219): web_add_auto_header("Priority") was successful  	[MsgId: MMSG-26392]
Action.c(222): web_add_auto_header("Origin") started  	[MsgId: MMSG-26355]
Action.c(222): An unrecognized header ("Origin") is being added  	[MsgId: MMSG-26595]
Action.c(222): "Origin: http://localhost:1080" header registered (superseding previous registration) for adding to requests from all following Action functions  	[MsgId: MMSG-26504]
Action.c(222): web_add_auto_header("Origin") was successful  	[MsgId: MMSG-26392]
Action.c(225): web_add_auto_header("Upgrade-Insecure-Requests") started  	[MsgId: MMSG-26355]
Action.c(225): An unrecognized header ("Upgrade-Insecure-Requests") is being added  	[MsgId: MMSG-26595]
Action.c(225): "Upgrade-Insecure-Requests: 1" header registered (superseding previous registration) for adding to requests from all following Action functions  	[MsgId: MMSG-26504]
Action.c(225): web_add_auto_header("Upgrade-Insecure-Requests") was successful  	[MsgId: MMSG-26392]
Action.c(229): web_reg_find started  	[MsgId: MMSG-26355]
Action.c(229): Registering web_reg_find was successful  	[MsgId: MMSG-26390]
Action.c(234): web_reg_find started  	[MsgId: MMSG-26355]
Action.c(234): Notify: Parameter Substitution: parameter "randSeatType" =  "First"	[MsgId: MMSG-13992]
Action.c(234): Registering web_reg_find was successful  	[MsgId: MMSG-26390]
Action.c(235): web_reg_find started  	[MsgId: MMSG-26355]
Action.c(235): Notify: Parameter Substitution: parameter "randDepartCity" =  "Frankfurt"	[MsgId: MMSG-13992]
Action.c(235): Notify: Parameter Substitution: parameter "randArriveCity" =  "San Francisco"	[MsgId: MMSG-13992]
Action.c(235): Registering web_reg_find was successful  	[MsgId: MMSG-26390]
Action.c(238): web_submit_data("reservations.pl_3") started  	[MsgId: MMSG-26355]
Action.c(238): Notify: Parameter Substitution: parameter "firstName" =  "Frankie"	[MsgId: MMSG-13992]
Action.c(238): Notify: Parameter Substitution: parameter "secondName" =  "Deadeye"	[MsgId: MMSG-13992]
Action.c(238): Notify: Parameter Substitution: parameter "street" =  "Hell's Kitchen Road"	[MsgId: MMSG-13992]
Action.c(238): Notify: Parameter Substitution: parameter "firstName" =  "Frankie"	[MsgId: MMSG-13992]
Action.c(238): Notify: Parameter Substitution: parameter "secondName" =  "Deadeye"	[MsgId: MMSG-13992]
Action.c(238): Notify: Parameter Substitution: parameter "creditCard" =  "9876 5432 1456 7890"	[MsgId: MMSG-13992]
Action.c(238): Notify: Parameter Substitution: parameter "expDate" =  "03/26"	[MsgId: MMSG-13992]
Action.c(238): Notify: Parameter Substitution: parameter "numPassengers" =  "2"	[MsgId: MMSG-13992]
Action.c(238): Notify: Parameter Substitution: parameter "randSeatType" =  "First"	[MsgId: MMSG-13992]
Action.c(238): Notify: Parameter Substitution: parameter "randSeatPref" =  "Aisle"	[MsgId: MMSG-13992]
Action.c(238): Notify: Parameter Substitution: parameter "outboundFlight" =  "160;808;05/25/2024"	[MsgId: MMSG-13992]
Action.c(238): t=1346349ms: Already connected [0] to localhost:1080  	[MsgId: MMSG-26000]
Action.c(238): t=1346349ms: 648-byte request headers for "http://localhost:1080/cgi-bin/reservations.pl" (RelFrameId=1, Internal ID=640)
Action.c(238):     POST /cgi-bin/reservations.pl HTTP/1.1\r\n
Action.c(238):     Content-Type: application/x-www-form-urlencoded\r\n
Action.c(238):     Referer: http://localhost:1080/cgi-bin/reservations.pl\r\n
Action.c(238):     Priority: u=4\r\n
Action.c(238):     Upgrade-Insecure-Requests: 1\r\n
Action.c(238):     Origin: http://localhost:1080\r\n
Action.c(238):     User-Agent: Mozilla/5.0 (Windows NT 10.0; Win64; x64; rv:132.0) Gecko/20100101 Firefox/132
Action.c(238):     .0\r\n
Action.c(238):     Accept-Encoding: gzip, deflate\r\n
Action.c(238):     Accept-Language: en-US,en;q=0.5\r\n
Action.c(238):     Accept: */*\r\n
Action.c(238):     Connection: Keep-Alive\r\n
Action.c(238):     Host: localhost:1080\r\n
Action.c(238):     Cookie: MSO=SID&1735054300; MTUserInfo=firstName&Frankie&address2&Chicago&username&frankie
Action.c(238):     Deadeye&hash&69&lastName&Deadeye%0A&address1&Hell%27s%20Kitchen%20Road&creditCard&&expDate
Action.c(238):     &%0A\r\n
Action.c(238):     Content-Length: 357\r\n
Action.c(238):     \r\n
Action.c(238): t=1346350ms: 357-byte request body for "http://localhost:1080/cgi-bin/reservations.pl" (RelFrameId=1, Internal ID=640)
Action.c(238):     firstName=Frankie&lastName=Deadeye&address1=Hell%27s+Kitchen+Road&address2=Pcity%7D&pass1=
Action.c(238):     %7BFrankie+Deadeye%7D&creditCard=9876+5432+1456+7890&expDate=03%2F26&oldCCOption=&numPasse
Action.c(238):     ngers=2&seatType=First&seatPref=Aisle&outboundFlight=160%3B808%3B05%2F25%2F2024&advanceDis
Action.c(238):     count=0&returnFlight=&JSFormSubmit=off&buyFlights.x=34&buyFlights.y=7&.cgifields=saveCC
Action.c(238): t=1346398ms: 409-byte response headers for "http://localhost:1080/cgi-bin/reservations.pl" (RelFrameId=1, Internal ID=640)
Action.c(238):     HTTP/1.1 200 OK\r\n
Action.c(238):     Date: Tue, 24 Dec 2024 15:32:02 GMT\r\n
Action.c(238):     Server: Apache/2.2.21 (Win32)\r\n
Action.c(238):     Expires: Mon, 23 Dec 2024 15:32:02 GMT\r\n
Action.c(238):     Set-Cookie: MTUserInfo=firstName&Frankie&username&frankieDeadeye&address2&Chicago&hash&69&
Action.c(238):     address1&Hell%27s%20Kitchen%20Road&lastName&Deadeye%0A; path=/\r\n
Action.c(238):     Keep-Alive: timeout=5, max=98\r\n
Action.c(238):     Connection: Keep-Alive\r\n
Action.c(238):     Transfer-Encoding: chunked\r\n
Action.c(238):     Content-Type: text/html; charset=ISO-8859-1\r\n
Action.c(238):     \r\n
Action.c(238): t=1346398ms: 5-byte chunked response overhead for "http://localhost:1080/cgi-bin/reservations.pl" (RelFrameId=1, Internal ID=640)
Action.c(238):     9d3\r\n
Action.c(238): t=1346398ms: 2-byte chunked response overhead for "http://localhost:1080/cgi-bin/reservations.pl" (RelFrameId=1, Internal ID=640)
Action.c(238):     \r\n
Action.c(238): t=1346398ms: 2515-byte chunked response body for "http://localhost:1080/cgi-bin/reservations.pl" (RelFrameId=1, Internal ID=640)
Action.c(238):     <!DOCTYPE html\n
Action.c(238):     \tPUBLIC "-//W3C//DTD XHTML 1.0 Transitional//EN"\n
Action.c(238):     \t "http://www.w3.org/TR/xhtml1/DTD/xhtml1-transitional.dtd">\n
Action.c(238):     <html xmlns="http://www.w3.org/1999/xhtml" lang="en-US" xml:lang="en-US">\n
Action.c(238):     <head>\n
Action.c(238):     <title>Reservation Made!</title>\n
Action.c(238):     <meta http-equiv="Content-Type" content="text/html; charset=iso-8859-1" />\n
Action.c(238):     </head>\n
Action.c(238):     <body bgcolor="#E0E7F1">\n
Action.c(238):     <style>blockquote {font-family: tahoma; font-size : 10pt}H1 {font-family: tahoma; font-siz
Action.c(238):     e : 22pt; color: #993333}small {font-family: tahoma; font-size : 8pt}H3 {font-family: taho
Action.c(238):     ma; font-size : 10pt; color: black}TD {font-family: tahoma; font-size : 10pt; color: black
Action.c(238):     }</style><BR/><BR/><h1><font color="#003366">&nbsp;&nbsp;<b>Invoice</font></b></h1><blockq
Action.c(238):     uote>\n
Action.c(238):     <CENTER>\n
Action.c(238):     <small><B>Thank you for booking through Web Tours.</B></small>\n
Action.c(238):     <BR/>\n
Action.c(238):     <BR/>\n
Action.c(238):     <!-- Customer Name header -->\n
Action.c(238):     <Table width="85%" border="0" cellspacing="0" >\n
Action.c(238):       <TR bgcolor="#5E7884">\n
Action.c(238):          <TD colspan="2" align="center">\n
Action.c(238):             <font color="white"><b>FrankieDeadeye's Flight Invoice</b></font>\n
Action.c(238):          </TD>\n
Action.c(238):          <TD width="160" align="right">\n
Action.c(238):              <font color="white"><small>Tue Dec 24 19:32:02 2024\n
Action.c(238):     </small>\n
Action.c(238):          </TD>\n
Action.c(238):       </TR>\n
Action.c(238):     </Table>\n
Action.c(238):     \n
Action.c(238):     <Table width="85%" border="0" cellspacing="1" >\n
Action.c(238):     <!-- Flight Item header -->\n
Action.c(238):       <TR bgcolor="#EFF2F7">\n
Action.c(238):          <TD colspan="2" align="left">\n
Action.c(238):              Flights Reservation Requests:\n
Action.c(238):         </TD>\n
Action.c(238):         <TD align="center">Cost\n
Action.c(238):         </TD>\n
Action.c(238):       </TR>\n
Action.c(238):     \n
Action.c(238):     <!-- Flight reserved -->\n
Action.c(238):     <TR bgcolor="#EFF2F7">\n
Action.c(238):         <TD valign="top">1.</TD>\n
Action.c(238):         <TD align="left">\n
Action.c(238):            <b><u>2 First Class tickets from Frankfurt to San Francisco.</u></b>\n
Action.c(238):     <br/>\n
Action.c(238):     <center>\n
Action.c(238):            <i>\n
Action.c(238):               05/25/2024 :  8am : Flight 160 leaves Frankfurt  for San Francisco.<br>\n
Action.c(238):            <br/>\n
Action.c(238):         </TD>\n
Action.c(238):         <TD valign="top">\n
Action.c(238):              $1616\n
Action.c(238):         </TD>\n
Action.c(238):       </TR>\n
Action.c(238):     <!-- Total Cost -->\n
Action.c(238):       <TR bgcolor="#EFF2F7">\n
Action.c(238):         <TD>*\n
Action.c(238):         </TD>\n
Action.c(238):         <TD > Total Cost\n
Action.c(238):         </TD>\n
Action.c(238):         <TD>\n
Action.c(238):            <b> $1616 </b>\n
Action.c(238):         </TD>\n
Action.c(238):       </TR>\n
Action.c(238):     \n
Action.c(238):       <TR bgcolor="#EFF2F7">\n
Action.c(238):         <TD>-\n
Action.c(238):         </TD>\n
Action.c(238):         <TD >\n
Action.c(238):            Total Charged to Credit Card # 9876 5432 1456 7890\n
Action.c(238):         </TD>\n
Action.c(238):         <TD>\n
Action.c(238):            <b> $1616 </b>\n
Action.c(238):         </TD>\n
Action.c(238):       </TR>\n
Action.c(238):     \n
Action.c(238):       <TR bgcolor="#EFF2F7">\n
Action.c(238):         <TD>*\n
Action.c(238):         </TD>\n
Action.c(238):         <TD >\n
Action.c(238):             Credit Account Balance\n
Action.c(238):         </TD>\n
Action.c(238):         <TD>\n
Action.c(238):            <b> $0.00 </b>\n
Action.c(238):         </TD>\n
Action.c(238):       </TR></Table>\n
Action.c(238):     <BR/>\n
Action.c(238):     <Table width="85%" border="0">\n
Action.c(238):       <tr>\n
Action.c(238):         <td align=right>\n
Action.c(238):     <form method="post" action="" enctype="application/x-www-form-urlencoded">\n
Action.c(238):     <input type="image" name="Book Another" src="/WebTours/images/bookanother.gif" border="0" 
Action.c(238):     /></form>    </td>\n
Action.c(238):       </tr>\n
Action.c(238):     </Table>\n
Action.c(238):     \n
Action.c(238):     </Center>\n
Action.c(238):     \n
Action.c(238):     </body>\n
Action.c(238):     </html>
Action.c(238): Found resource "http://localhost:1080/WebTours/images/bookanother.gif" in HTML "http://localhost:1080/cgi-bin/reservations.pl"  	[MsgId: MMSG-26659]
Action.c(238): t=1346400ms: Already connected [3] to localhost:1080  	[MsgId: MMSG-26000]
Action.c(238): t=1346400ms: 561-byte request headers for "http://localhost:1080/WebTours/images/bookanother.gif" (RelFrameId=, Internal ID=641)
Action.c(238):     GET /WebTours/images/bookanother.gif HTTP/1.1\r\n
Action.c(238):     Referer: http://localhost:1080/cgi-bin/reservations.pl\r\n
Action.c(238):     Priority: u=4\r\n
Action.c(238):     Upgrade-Insecure-Requests: 1\r\n
Action.c(238):     Origin: http://localhost:1080\r\n
Action.c(238):     User-Agent: Mozilla/5.0 (Windows NT 10.0; Win64; x64; rv:132.0) Gecko/20100101 Firefox/132
Action.c(238):     .0\r\n
Action.c(238):     Accept-Encoding: gzip, deflate\r\n
Action.c(238):     Accept-Language: en-US,en;q=0.5\r\n
Action.c(238):     Accept: */*\r\n
Action.c(238):     Connection: Keep-Alive\r\n
Action.c(238):     Host: localhost:1080\r\n
Action.c(238):     Cookie: MSO=SID&1735054300; MTUserInfo=firstName&Frankie&username&frankieDeadeye&address2&
Action.c(238):     Chicago&hash&69&address1&Hell%27s%20Kitchen%20Road&lastName&Deadeye%0A\r\n
Action.c(238):     \r\n
Action.c(238): t=1346401ms: Server localhost has shut down the connection [3] prematurely (empty response, no HTTP headers received). Considering retry  	[MsgId: MMSG-26000]
Action.c(238): t=1346401ms: Closed connection [3] to localhost:1080 after completing 1 request(s)  	[MsgId: MMSG-26000]
Action.c(238): t=1346401ms: reporting user data point RETRY_KEEP_ALIVE  	[MsgId: MMSG-26000]
Action.c(238): t=1346401ms: Connecting [3] to host 127.0.0.1:1080  	[MsgId: MMSG-26000]
Action.c(238): t=1346402ms: 5-byte chunked response overhead for "http://localhost:1080/cgi-bin/reservations.pl" (RelFrameId=1, Internal ID=640)
Action.c(238):     0\r\n
Action.c(238):     \r\n
Action.c(238): t=1346402ms: Request done "http://localhost:1080/cgi-bin/reservations.pl"  	[MsgId: MMSG-26000]
Action.c(238): t=1346402ms: Connected socket [3] from 127.0.0.1:10734 to 127.0.0.1:1080 in 1 ms  	[MsgId: MMSG-26000]
Action.c(238): t=1346402ms: 561-byte request headers for "http://localhost:1080/WebTours/images/bookanother.gif" (RelFrameId=, Internal ID=641)
Action.c(238):     GET /WebTours/images/bookanother.gif HTTP/1.1\r\n
Action.c(238):     Referer: http://localhost:1080/cgi-bin/reservations.pl\r\n
Action.c(238):     Priority: u=4\r\n
Action.c(238):     Upgrade-Insecure-Requests: 1\r\n
Action.c(238):     Origin: http://localhost:1080\r\n
Action.c(238):     User-Agent: Mozilla/5.0 (Windows NT 10.0; Win64; x64; rv:132.0) Gecko/20100101 Firefox/132
Action.c(238):     .0\r\n
Action.c(238):     Accept-Encoding: gzip, deflate\r\n
Action.c(238):     Accept-Language: en-US,en;q=0.5\r\n
Action.c(238):     Accept: */*\r\n
Action.c(238):     Connection: Keep-Alive\r\n
Action.c(238):     Host: localhost:1080\r\n
Action.c(238):     Cookie: MSO=SID&1735054300; MTUserInfo=firstName&Frankie&username&frankieDeadeye&address2&
Action.c(238):     Chicago&hash&69&address1&Hell%27s%20Kitchen%20Road&lastName&Deadeye%0A\r\n
Action.c(238):     \r\n
Action.c(238): t=1346403ms: 299-byte response headers for "http://localhost:1080/WebTours/images/bookanother.gif" (RelFrameId=, Internal ID=641)
Action.c(238):     HTTP/1.1 200 OK\r\n
Action.c(238):     Date: Tue, 24 Dec 2024 15:32:02 GMT\r\n
Action.c(238):     Server: Apache/2.2.21 (Win32)\r\n
Action.c(238):     Last-Modified: Wed, 04 Dec 2024 18:02:12 GMT\r\n
Action.c(238):     ETag: "11000000068dbf-326-6287594beaa9b"\r\n
Action.c(238):     Accept-Ranges: bytes\r\n
Action.c(238):     Content-Length: 806\r\n
Action.c(238):     Keep-Alive: timeout=5, max=100\r\n
Action.c(238):     Connection: Keep-Alive\r\n
Action.c(238):     Content-Type: image/gif\r\n
Action.c(238):     \r\n
Action.c(238): t=1346404ms: 806-byte response body for "http://localhost:1080/WebTours/images/bookanother.gif" (RelFrameId=, Internal ID=641)
Action.c(238): t=1346405ms: Request done "http://localhost:1080/WebTours/images/bookanother.gif"  	[MsgId: MMSG-26000]
Action.c(238): Registered web_reg_find successful for "Text=<title>Reservation Made!</title>" (count=1)  	[MsgId: MMSG-26364]
Action.c(238): Registered web_reg_find successful for "Text=First Class ticket" (count=1)  	[MsgId: MMSG-26364]
Action.c(238): Registered web_reg_find successful for "Text=from Frankfurt to San Francisco" (count=1)  	[MsgId: MMSG-26364]
Action.c(238): web_submit_data("reservations.pl_3") was successful, 3321 body bytes, 708 header bytes, 12 chunking overhead bytes  	[MsgId: MMSG-26385]
Action.c(267): Notify: Transaction "Payment details" ended with a "Pass" status (Duration: 0,0592 Wasted Time: 0,0000).	[MsgId: MMSG-16871]
Action.c(290): lr_think_time: 3,00 seconds.	[MsgId: MMSG-15948]
Action.c(292): Notify: Transaction "logout" started.	[MsgId: MMSG-16999]
Action.c(294): web_reg_find started  	[MsgId: MMSG-26355]
Action.c(294): Registering web_reg_find was successful  	[MsgId: MMSG-26390]
Action.c(296): web_url("SignOff Button") started  	[MsgId: MMSG-26355]
Action.c(296): t=1347724ms: Already connected [0] to localhost:1080  	[MsgId: MMSG-26000]
Action.c(296): t=1347724ms: 570-byte request headers for "http://localhost:1080/cgi-bin/welcome.pl?signOff=1" (RelFrameId=1, Internal ID=642)
Action.c(296):     GET /cgi-bin/welcome.pl?signOff=1 HTTP/1.1\r\n
Action.c(296):     Referer: http://localhost:1080/cgi-bin/nav.pl?page=menu&in=flights\r\n
Action.c(296):     Priority: u=4\r\n
Action.c(296):     Upgrade-Insecure-Requests: 1\r\n
Action.c(296):     Origin: http://localhost:1080\r\n
Action.c(296):     User-Agent: Mozilla/5.0 (Windows NT 10.0; Win64; x64; rv:132.0) Gecko/20100101 Firefox/132
Action.c(296):     .0\r\n
Action.c(296):     Accept-Encoding: gzip, deflate\r\n
Action.c(296):     Accept-Language: en-US,en;q=0.5\r\n
Action.c(296):     Accept: */*\r\n
Action.c(296):     Connection: Keep-Alive\r\n
Action.c(296):     Host: localhost:1080\r\n
Action.c(296):     Cookie: MSO=SID&1735054297; MTUserInfo=firstName&Frankie&username&frankieDeadeye&address2&
Action.c(296):     Chicago&hash&69&address1&Hell%27s%20Kitchen%20Road&lastName&Deadeye%0A\r\n
Action.c(296):     \r\n
Action.c(296): t=1347761ms: 327-byte response headers for "http://localhost:1080/cgi-bin/welcome.pl?signOff=1" (RelFrameId=1, Internal ID=642)
Action.c(296):     HTTP/1.1 200 OK\r\n
Action.c(296):     Date: Tue, 24 Dec 2024 15:32:04 GMT\r\n
Action.c(296):     Server: Apache/2.2.21 (Win32)\r\n
Action.c(296):     Set-Cookie: MSO=SID&1735054324; path=/\r\n
Action.c(296):     Set-Cookie: MTUserInfo=; path=/; expires=Mon, 23-Dec-2024 15:32:04 GMT\r\n
Action.c(296):     Keep-Alive: timeout=5, max=97\r\n
Action.c(296):     Connection: Keep-Alive\r\n
Action.c(296):     Transfer-Encoding: chunked\r\n
Action.c(296):     Content-Type: text/html; charset=ISO-8859-1\r\n
Action.c(296):     \r\n
Action.c(296): t=1347762ms: 5-byte chunked response overhead for "http://localhost:1080/cgi-bin/welcome.pl?signOff=1" (RelFrameId=1, Internal ID=642)
Action.c(296):     2ae\r\n
Action.c(296): t=1347762ms: 2-byte chunked response overhead for "http://localhost:1080/cgi-bin/welcome.pl?signOff=1" (RelFrameId=1, Internal ID=642)
Action.c(296):     \r\n
Action.c(296): t=1347762ms: 686-byte chunked response body for "http://localhost:1080/cgi-bin/welcome.pl?signOff=1" (RelFrameId=1, Internal ID=642)
Action.c(296):     <!-- \n
Action.c(296):      A Session ID has been created and loaded into a cookie called MSO.\n
Action.c(296):      Also, the server options have been loaded into the cookie called\n
Action.c(296):      MSO as well.  The server options can be set via the Admin page.\n
Action.c(296):      --->\n
Action.c(296):     \n
Action.c(296):     <html>\n
Action.c(296):     <title>Web Tours</title>\n
Action.c(296):        <!-- Frame Set -->\n
Action.c(296):        <frameset cols="160,*" border="1" frameborder="1">\n
Action.c(296):           <!-- Navigation Frame -->\n
Action.c(296):           <frame src="nav.pl?in=home" name="navbar" marginheight="2" marginwidth="2" \n
Action.c(296):                 noresize="noresize" scrolling="auto"/>\n
Action.c(296):           <!-- Home Frame -->\n
Action.c(296):           <frame src="/WebTours/home.html" name="info" marginheight="2" marginwidth="2" \n
Action.c(296):                 noresize="noresize" scrolling="auto"/>\n
Action.c(296):        </frameset>\n
Action.c(296):     </html>\n
Action.c(296):     \n
Action.c(296):     </body>\n
Action.c(296):     </html>
Action.c(296): Detected non-resource "http://localhost:1080/cgi-bin/nav.pl?in=home" in "http://localhost:1080/cgi-bin/welcome.pl?signOff=1"  	[MsgId: MMSG-26574]
Action.c(296): Detected non-resource "http://localhost:1080/WebTours/home.html" in "http://localhost:1080/cgi-bin/welcome.pl?signOff=1"  	[MsgId: MMSG-26574]
Action.c(296): Retrieving data from cache for "http://localhost:1080/WebTours/home.html"  	[MsgId: MMSG-26558]
Action.c(296): t=1347763ms: 1361-byte response body retrieved from cache for "http://localhost:1080/WebTours/home.html" (RelFrameId=1.2, Internal ID=644)
Action.c(296):     <HTML>\n
Action.c(296):     <HEAD>\n
Action.c(296):     \t<title>Web Tours</title>\n
Action.c(296):     </HEAD>\n
Action.c(296):     <style>\n
Action.c(296):     \tblockquote {font-family: tahoma; font-size : 10pt}\n
Action.c(296):     \tH1 {font-family: tahoma; font-size : 22pt; color: #003366}\n
Action.c(296):     \tsmall {font-family: tahoma; font-size : 8pt}\n
Action.c(296):     \tH3{font-family: tahoma; font-size : 10pt; color: black}\n
Action.c(296):     \tA {FONT-WEIGHT: bold; FONT-SIZE: 10pt; COLOR: black; FONT-FAMILY: Tahoma; TEXT-DECORATIO
Action.c(296):     N: none}\n
Action.c(296):     \tA:hover{ FONT-WEIGHT: bold; FONT-SIZE: 10pt; COLOR: #993333; FONT-FAMILY: Tahoma;TEXT-DE
Action.c(296):     CORATION: underline}\n
Action.c(296):     \tTD {font-family: tahoma; font-size : 10pt; color: black}\n
Action.c(296):     </style>\n
Action.c(296):     <body bgcolor="#e0e7f1">\n
Action.c(296):     <BR/>\n
Action.c(296):     <BR/>\n
Action.c(296):     <BR/>\n
Action.c(296):     <br/>\n
Action.c(296):     <table border="0">\n
Action.c(296):     <tr><td></td></tr>\n
Action.c(296):     <TR><TD></TD></TR>\n
Action.c(296):     <TR><TD>\n
Action.c(296):     <blockquote>\n
Action.c(296):     <H1><b>Web Tours</b></H1>\n
Action.c(296):     Welcome to the Web Tours site.\n
Action.c(296):     <br/>\n
Action.c(296):     To make reservations,please enter your account information to the left.\n
Action.c(296):     <br/>\n
Action.c(296):     If you haven't registered yet, <A href="/cgi-bin/login.pl?username=&amp;password=&amp;getI
Action.c(296):     nfo=true" ><B>sign up now</B></A> to get access to all our resources.\n
Action.c(296):     <br/>\n
Action.c(296):     To configure the server options, use <A href="/cgi-bin/admin.pl" target="body" ><b>adminis
Action.c(296):     tration</b></A> link.\n
Action.c(296):     <br/><br/><br/><br/><br/><br/>\n
Action.c(296):     <br/><small>\n
Action.c(296):     This product uses parts of the SMT Kernel, Copyright (c) 1991-99 <A href="http://www.imati
Action.c(296):     x.com" target="new"><B><small>iMatix Corporation</small></B></A> \n
Action.c(296):     </small>\n
Action.c(296):     </blockquote></TD>\n
Action.c(296):     <TD></TD></TR>\n
Action.c(296):     </table>\n
Action.c(296):     </body>\n
Action.c(296):     </HTML>\n
Action.c(296): t=1347764ms: 5-byte chunked response overhead for "http://localhost:1080/cgi-bin/welcome.pl?signOff=1" (RelFrameId=1, Internal ID=642)
Action.c(296):     0\r\n
Action.c(296):     \r\n
Action.c(296): t=1347764ms: Request done "http://localhost:1080/cgi-bin/welcome.pl?signOff=1"  	[MsgId: MMSG-26000]
Action.c(296): t=1347765ms: Already connected [1] to localhost:1080  	[MsgId: MMSG-26000]
Action.c(296): t=1347765ms: 423-byte request headers for "http://localhost:1080/cgi-bin/nav.pl?in=home" (RelFrameId=1.1, Internal ID=643)
Action.c(296):     GET /cgi-bin/nav.pl?in=home HTTP/1.1\r\n
Action.c(296):     Referer: http://localhost:1080/cgi-bin/welcome.pl?signOff=1\r\n
Action.c(296):     Priority: u=4\r\n
Action.c(296):     Upgrade-Insecure-Requests: 1\r\n
Action.c(296):     Origin: http://localhost:1080\r\n
Action.c(296):     User-Agent: Mozilla/5.0 (Windows NT 10.0; Win64; x64; rv:132.0) Gecko/20100101 Firefox/132
Action.c(296):     .0\r\n
Action.c(296):     Accept-Encoding: gzip, deflate\r\n
Action.c(296):     Accept-Language: en-US,en;q=0.5\r\n
Action.c(296):     Accept: */*\r\n
Action.c(296):     Connection: Keep-Alive\r\n
Action.c(296):     Host: localhost:1080\r\n
Action.c(296):     Cookie: MSO=SID&1735054324\r\n
Action.c(296):     \r\n
Action.c(296): t=1347800ms: 255-byte response headers for "http://localhost:1080/cgi-bin/nav.pl?in=home" (RelFrameId=1.1, Internal ID=643)
Action.c(296):     HTTP/1.1 200 OK\r\n
Action.c(296):     Date: Tue, 24 Dec 2024 15:32:04 GMT\r\n
Action.c(296):     Server: Apache/2.2.21 (Win32)\r\n
Action.c(296):     Expires: Mon, 23 Dec 2024 15:32:04 GMT\r\n
Action.c(296):     Keep-Alive: timeout=5, max=99\r\n
Action.c(296):     Connection: Keep-Alive\r\n
Action.c(296):     Transfer-Encoding: chunked\r\n
Action.c(296):     Content-Type: text/html; charset=ISO-8859-1\r\n
Action.c(296):     \r\n
Action.c(296): t=1347800ms: 5-byte chunked response overhead for "http://localhost:1080/cgi-bin/nav.pl?in=home" (RelFrameId=1.1, Internal ID=643)
Action.c(296):     5d0\r\n
Action.c(296): t=1347800ms: 2-byte chunked response overhead for "http://localhost:1080/cgi-bin/nav.pl?in=home" (RelFrameId=1.1, Internal ID=643)
Action.c(296):     \r\n
Action.c(296): t=1347800ms: 1488-byte chunked response body for "http://localhost:1080/cgi-bin/nav.pl?in=home" (RelFrameId=1.1, Internal ID=643)
Action.c(296):     <!DOCTYPE html\n
Action.c(296):     \tPUBLIC "-//W3C//DTD XHTML 1.0 Transitional//EN"\n
Action.c(296):     \t "http://www.w3.org/TR/xhtml1/DTD/xhtml1-transitional.dtd">\n
Action.c(296):     <html xmlns="http://www.w3.org/1999/xhtml" lang="en-US" xml:lang="en-US">\n
Action.c(296):     <head>\n
Action.c(296):     <title>Web Tours Navigation Bar</title>\n
Action.c(296):     <meta http-equiv="Content-Type" content="text/html; charset=iso-8859-1" />\n
Action.c(296):     </head>\n
Action.c(296):     <body bgcolor="#E0E7F1">\n
Action.c(296):     <style>\n
Action.c(296):     blockquote {font-family: tahoma; font-size : 10pt}\n
Action.c(296):     H1 {font-family: tahoma; font-size : 22pt; color: #993333}\n
Action.c(296):     H3 {font-family: tahoma; font-size : 10pt; color: black}\n
Action.c(296):     small {font-family: tahoma; font-size : 8pt}\n
Action.c(296):     </style>\n
Action.c(296):     <form method="post" action="/cgi-bin/login.pl" target="body">\n
Action.c(296):     <input type="hidden" name="userSession" value="140547.130336168HccQDQDpAVzzzzzHtDDHzpDfiV"
Action.c(296):     />\n
Action.c(296):     <table border="0"><tr><td>&nbsp;</td>\n
Action.c(296):     <td>&nbsp;</td></tr>\n
Action.c(296):     <tr><td>&nbsp;</td>\n
Action.c(296):     <td>&nbsp;</td></tr>\n
Action.c(296):     <tr><td>&nbsp;</td>\n
Action.c(296):     <td><small>&nbsp;Username</small></td></tr>\n
Action.c(296):     <tr><td>&nbsp;</td>\n
Action.c(296):     <td><input type="text" name="username" value="" size="14" maxlength="14"/></td></tr>\n
Action.c(296):     <tr><td>&nbsp;</td>\n
Action.c(296):     <td><small>&nbsp;Password</small></td>\n
Action.c(296):     <tr><td>&nbsp;</td>\n
Action.c(296):     <td><input type="password" name="password" value="" size="14" maxlength="14"/></td></tr>\n
Action.c(296):     <tr><td>&nbsp;</td>\n
Action.c(296):     <td>&nbsp;</td></tr>\n
Action.c(296):     <tr><td>&nbsp;</td>\n
Action.c(296):     <td><input type="image" name="login" value="Login" alt="Login" border="1" \n
Action.c(296):     src="/WebTours/images/mer_login.gif"/></td></tr>\n
Action.c(296):     <tr><td>&nbsp;</td><td>&nbsp;</td></tr>\n
Action.c(296):     </table><input type="hidden" name="JSFormSubmit" value="off"/>\n
Action.c(296):     </form>\n
Action.c(296):     \n
Action.c(296):     </body>\n
Action.c(296):     </html>\n
Action.c(296): Resource "http://localhost:1080/WebTours/images/mer_login.gif" is in the cache already and will not be downloaded again  	[MsgId: MMSG-26655]
Action.c(296): t=1347802ms: 5-byte chunked response overhead for "http://localhost:1080/cgi-bin/nav.pl?in=home" (RelFrameId=1.1, Internal ID=643)
Action.c(296):     0\r\n
Action.c(296):     \r\n
Action.c(296): t=1347802ms: Request done "http://localhost:1080/cgi-bin/nav.pl?in=home"  	[MsgId: MMSG-26000]
Action.c(296): Registered web_reg_find successful for "Text=A Session ID has been created" (count=1)  	[MsgId: MMSG-26364]
Action.c(296): web_url("SignOff Button") was successful, 2174 body bytes, 582 header bytes, 24 chunking overhead bytes  	[MsgId: MMSG-26385]
Action.c(307): Notify: Transaction "logout" ended with a "Pass" status (Duration: 0,0787 Wasted Time: 0,0000).	[MsgId: MMSG-16871]
Action.c(310): Notify: Transaction "UC3_BuyTicket" ended with a "Pass" status (Duration: 26,5390 Think Time: 25,0579 Wasted Time: 0,0046).	[MsgId: MMSG-16870]
Ending action Action.	[MsgId: MMSG-15918]
Action was aborted.	[MsgId: MMSG-10694]
Ending Vuser...	[MsgId: MMSG-15966]
Starting action vuser_end.	[MsgId: MMSG-15919]
Ending action vuser_end.	[MsgId: MMSG-15918]
Vuser Terminated.	[MsgId: MMSG-15963]
t=1347802ms: Closed connection [0] to localhost:1080 after completing 4 request(s)  	[MsgId: MMSG-26000]
t=1347802ms: Closed connection [1] to localhost:1080 after completing 2 request(s)  	[MsgId: MMSG-26000]
HTML-Mode memory management statistics: Reusable=5, NonReusable=0, CsMemBlockSize=4096, checks disabled  	[MsgId: MMSG-26000]
Vuser 0 (thread 6712), ended OK."	[MsgId: MMSG-10695]
Action.c(292): Notify: Transaction "logout" started.	[MsgId: MMSG-16999]
Action.c(294): web_reg_find started  	[MsgId: MMSG-26355]
Action.c(294): Registering web_reg_find was successful  	[MsgId: MMSG-26390]
Action.c(296): web_url("SignOff Button") started  	[MsgId: MMSG-26355]
Action.c(296): t=1349414ms: Already connected [0] to localhost:1080  	[MsgId: MMSG-26000]
Action.c(296): t=1349414ms: 570-byte request headers for "http://localhost:1080/cgi-bin/welcome.pl?signOff=1" (RelFrameId=1, Internal ID=642)
Action.c(296):     GET /cgi-bin/welcome.pl?signOff=1 HTTP/1.1\r\n
Action.c(296):     Referer: http://localhost:1080/cgi-bin/nav.pl?page=menu&in=flights\r\n
Action.c(296):     Priority: u=4\r\n
Action.c(296):     Upgrade-Insecure-Requests: 1\r\n
Action.c(296):     Origin: http://localhost:1080\r\n
Action.c(296):     User-Agent: Mozilla/5.0 (Windows NT 10.0; Win64; x64; rv:132.0) Gecko/20100101 Firefox/132
Action.c(296):     .0\r\n
Action.c(296):     Accept-Encoding: gzip, deflate\r\n
Action.c(296):     Accept-Language: en-US,en;q=0.5\r\n
Action.c(296):     Accept: */*\r\n
Action.c(296):     Connection: Keep-Alive\r\n
Action.c(296):     Host: localhost:1080\r\n
Action.c(296):     Cookie: MSO=SID&1735054300; MTUserInfo=firstName&Frankie&username&frankieDeadeye&address2&
Action.c(296):     Chicago&hash&69&address1&Hell%27s%20Kitchen%20Road&lastName&Deadeye%0A\r\n
Action.c(296):     \r\n
Action.c(296): t=1349461ms: 327-byte response headers for "http://localhost:1080/cgi-bin/welcome.pl?signOff=1" (RelFrameId=1, Internal ID=642)
Action.c(296):     HTTP/1.1 200 OK\r\n
Action.c(296):     Date: Tue, 24 Dec 2024 15:32:06 GMT\r\n
Action.c(296):     Server: Apache/2.2.21 (Win32)\r\n
Action.c(296):     Set-Cookie: MSO=SID&1735054326; path=/\r\n
Action.c(296):     Set-Cookie: MTUserInfo=; path=/; expires=Mon, 23-Dec-2024 15:32:06 GMT\r\n
Action.c(296):     Keep-Alive: timeout=5, max=97\r\n
Action.c(296):     Connection: Keep-Alive\r\n
Action.c(296):     Transfer-Encoding: chunked\r\n
Action.c(296):     Content-Type: text/html; charset=ISO-8859-1\r\n
Action.c(296):     \r\n
Action.c(296): t=1349462ms: 5-byte chunked response overhead for "http://localhost:1080/cgi-bin/welcome.pl?signOff=1" (RelFrameId=1, Internal ID=642)
Action.c(296):     2ae\r\n
Action.c(296): t=1349462ms: 2-byte chunked response overhead for "http://localhost:1080/cgi-bin/welcome.pl?signOff=1" (RelFrameId=1, Internal ID=642)
Action.c(296):     \r\n
Action.c(296): t=1349462ms: 686-byte chunked response body for "http://localhost:1080/cgi-bin/welcome.pl?signOff=1" (RelFrameId=1, Internal ID=642)
Action.c(296):     <!-- \n
Action.c(296):      A Session ID has been created and loaded into a cookie called MSO.\n
Action.c(296):      Also, the server options have been loaded into the cookie called\n
Action.c(296):      MSO as well.  The server options can be set via the Admin page.\n
Action.c(296):      --->\n
Action.c(296):     \n
Action.c(296):     <html>\n
Action.c(296):     <title>Web Tours</title>\n
Action.c(296):        <!-- Frame Set -->\n
Action.c(296):        <frameset cols="160,*" border="1" frameborder="1">\n
Action.c(296):           <!-- Navigation Frame -->\n
Action.c(296):           <frame src="nav.pl?in=home" name="navbar" marginheight="2" marginwidth="2" \n
Action.c(296):                 noresize="noresize" scrolling="auto"/>\n
Action.c(296):           <!-- Home Frame -->\n
Action.c(296):           <frame src="/WebTours/home.html" name="info" marginheight="2" marginwidth="2" \n
Action.c(296):                 noresize="noresize" scrolling="auto"/>\n
Action.c(296):        </frameset>\n
Action.c(296):     </html>\n
Action.c(296):     \n
Action.c(296):     </body>\n
Action.c(296):     </html>
Action.c(296): Detected non-resource "http://localhost:1080/cgi-bin/nav.pl?in=home" in "http://localhost:1080/cgi-bin/welcome.pl?signOff=1"  	[MsgId: MMSG-26574]
Action.c(296): Detected non-resource "http://localhost:1080/WebTours/home.html" in "http://localhost:1080/cgi-bin/welcome.pl?signOff=1"  	[MsgId: MMSG-26574]
Action.c(296): Retrieving data from cache for "http://localhost:1080/WebTours/home.html"  	[MsgId: MMSG-26558]
Action.c(296): t=1349464ms: 1361-byte response body retrieved from cache for "http://localhost:1080/WebTours/home.html" (RelFrameId=1.2, Internal ID=644)
Action.c(296):     <HTML>\n
Action.c(296):     <HEAD>\n
Action.c(296):     \t<title>Web Tours</title>\n
Action.c(296):     </HEAD>\n
Action.c(296):     <style>\n
Action.c(296):     \tblockquote {font-family: tahoma; font-size : 10pt}\n
Action.c(296):     \tH1 {font-family: tahoma; font-size : 22pt; color: #003366}\n
Action.c(296):     \tsmall {font-family: tahoma; font-size : 8pt}\n
Action.c(296):     \tH3{font-family: tahoma; font-size : 10pt; color: black}\n
Action.c(296):     \tA {FONT-WEIGHT: bold; FONT-SIZE: 10pt; COLOR: black; FONT-FAMILY: Tahoma; TEXT-DECORATIO
Action.c(296):     N: none}\n
Action.c(296):     \tA:hover{ FONT-WEIGHT: bold; FONT-SIZE: 10pt; COLOR: #993333; FONT-FAMILY: Tahoma;TEXT-DE
Action.c(296):     CORATION: underline}\n
Action.c(296):     \tTD {font-family: tahoma; font-size : 10pt; color: black}\n
Action.c(296):     </style>\n
Action.c(296):     <body bgcolor="#e0e7f1">\n
Action.c(296):     <BR/>\n
Action.c(296):     <BR/>\n
Action.c(296):     <BR/>\n
Action.c(296):     <br/>\n
Action.c(296):     <table border="0">\n
Action.c(296):     <tr><td></td></tr>\n
Action.c(296):     <TR><TD></TD></TR>\n
Action.c(296):     <TR><TD>\n
Action.c(296):     <blockquote>\n
Action.c(296):     <H1><b>Web Tours</b></H1>\n
Action.c(296):     Welcome to the Web Tours site.\n
Action.c(296):     <br/>\n
Action.c(296):     To make reservations,please enter your account information to the left.\n
Action.c(296):     <br/>\n
Action.c(296):     If you haven't registered yet, <A href="/cgi-bin/login.pl?username=&amp;password=&amp;getI
Action.c(296):     nfo=true" ><B>sign up now</B></A> to get access to all our resources.\n
Action.c(296):     <br/>\n
Action.c(296):     To configure the server options, use <A href="/cgi-bin/admin.pl" target="body" ><b>adminis
Action.c(296):     tration</b></A> link.\n
Action.c(296):     <br/><br/><br/><br/><br/><br/>\n
Action.c(296):     <br/><small>\n
Action.c(296):     This product uses parts of the SMT Kernel, Copyright (c) 1991-99 <A href="http://www.imati
Action.c(296):     x.com" target="new"><B><small>iMatix Corporation</small></B></A> \n
Action.c(296):     </small>\n
Action.c(296):     </blockquote></TD>\n
Action.c(296):     <TD></TD></TR>\n
Action.c(296):     </table>\n
Action.c(296):     </body>\n
Action.c(296):     </HTML>\n
Action.c(296): t=1349467ms: 5-byte chunked response overhead for "http://localhost:1080/cgi-bin/welcome.pl?signOff=1" (RelFrameId=1, Internal ID=642)
Action.c(296):     0\r\n
Action.c(296):     \r\n
Action.c(296): t=1349468ms: Request done "http://localhost:1080/cgi-bin/welcome.pl?signOff=1"  	[MsgId: MMSG-26000]
Action.c(296): t=1349468ms: Already connected [3] to localhost:1080  	[MsgId: MMSG-26000]
Action.c(296): t=1349468ms: 423-byte request headers for "http://localhost:1080/cgi-bin/nav.pl?in=home" (RelFrameId=1.1, Internal ID=643)
Action.c(296):     GET /cgi-bin/nav.pl?in=home HTTP/1.1\r\n
Action.c(296):     Referer: http://localhost:1080/cgi-bin/welcome.pl?signOff=1\r\n
Action.c(296):     Priority: u=4\r\n
Action.c(296):     Upgrade-Insecure-Requests: 1\r\n
Action.c(296):     Origin: http://localhost:1080\r\n
Action.c(296):     User-Agent: Mozilla/5.0 (Windows NT 10.0; Win64; x64; rv:132.0) Gecko/20100101 Firefox/132
Action.c(296):     .0\r\n
Action.c(296):     Accept-Encoding: gzip, deflate\r\n
Action.c(296):     Accept-Language: en-US,en;q=0.5\r\n
Action.c(296):     Accept: */*\r\n
Action.c(296):     Connection: Keep-Alive\r\n
Action.c(296):     Host: localhost:1080\r\n
Action.c(296):     Cookie: MSO=SID&1735054326\r\n
Action.c(296):     \r\n
Action.c(296): t=1349505ms: 255-byte response headers for "http://localhost:1080/cgi-bin/nav.pl?in=home" (RelFrameId=1.1, Internal ID=643)
Action.c(296):     HTTP/1.1 200 OK\r\n
Action.c(296):     Date: Tue, 24 Dec 2024 15:32:06 GMT\r\n
Action.c(296):     Server: Apache/2.2.21 (Win32)\r\n
Action.c(296):     Expires: Mon, 23 Dec 2024 15:32:06 GMT\r\n
Action.c(296):     Keep-Alive: timeout=5, max=99\r\n
Action.c(296):     Connection: Keep-Alive\r\n
Action.c(296):     Transfer-Encoding: chunked\r\n
Action.c(296):     Content-Type: text/html; charset=ISO-8859-1\r\n
Action.c(296):     \r\n
Action.c(296): t=1349506ms: 5-byte chunked response overhead for "http://localhost:1080/cgi-bin/nav.pl?in=home" (RelFrameId=1.1, Internal ID=643)
Action.c(296):     5cc\r\n
Action.c(296): t=1349506ms: 2-byte chunked response overhead for "http://localhost:1080/cgi-bin/nav.pl?in=home" (RelFrameId=1.1, Internal ID=643)
Action.c(296):     \r\n
Action.c(296): t=1349506ms: 1484-byte chunked response body for "http://localhost:1080/cgi-bin/nav.pl?in=home" (RelFrameId=1.1, Internal ID=643)
Action.c(296):     <!DOCTYPE html\n
Action.c(296):     \tPUBLIC "-//W3C//DTD XHTML 1.0 Transitional//EN"\n
Action.c(296):     \t "http://www.w3.org/TR/xhtml1/DTD/xhtml1-transitional.dtd">\n
Action.c(296):     <html xmlns="http://www.w3.org/1999/xhtml" lang="en-US" xml:lang="en-US">\n
Action.c(296):     <head>\n
Action.c(296):     <title>Web Tours Navigation Bar</title>\n
Action.c(296):     <meta http-equiv="Content-Type" content="text/html; charset=iso-8859-1" />\n
Action.c(296):     </head>\n
Action.c(296):     <body bgcolor="#E0E7F1">\n
Action.c(296):     <style>\n
Action.c(296):     blockquote {font-family: tahoma; font-size : 10pt}\n
Action.c(296):     H1 {font-family: tahoma; font-size : 22pt; color: #993333}\n
Action.c(296):     H3 {font-family: tahoma; font-size : 10pt; color: black}\n
Action.c(296):     small {font-family: tahoma; font-size : 8pt}\n
Action.c(296):     </style>\n
Action.c(296):     <form method="post" action="/cgi-bin/login.pl" target="body">\n
Action.c(296):     <input type="hidden" name="userSession" value="140547.130498177HccQDQDpAcftDDHzpDfiVf"/>\n
Action.c(296):     <table border="0"><tr><td>&nbsp;</td>\n
Action.c(296):     <td>&nbsp;</td></tr>\n
Action.c(296):     <tr><td>&nbsp;</td>\n
Action.c(296):     <td>&nbsp;</td></tr>\n
Action.c(296):     <tr><td>&nbsp;</td>\n
Action.c(296):     <td><small>&nbsp;Username</small></td></tr>\n
Action.c(296):     <tr><td>&nbsp;</td>\n
Action.c(296):     <td><input type="text" name="username" value="" size="14" maxlength="14"/></td></tr>\n
Action.c(296):     <tr><td>&nbsp;</td>\n
Action.c(296):     <td><small>&nbsp;Password</small></td>\n
Action.c(296):     <tr><td>&nbsp;</td>\n
Action.c(296):     <td><input type="password" name="password" value="" size="14" maxlength="14"/></td></tr>\n
Action.c(296):     <tr><td>&nbsp;</td>\n
Action.c(296):     <td>&nbsp;</td></tr>\n
Action.c(296):     <tr><td>&nbsp;</td>\n
Action.c(296):     <td><input type="image" name="login" value="Login" alt="Login" border="1" \n
Action.c(296):     src="/WebTours/images/mer_login.gif"/></td></tr>\n
Action.c(296):     <tr><td>&nbsp;</td><td>&nbsp;</td></tr>\n
Action.c(296):     </table><input type="hidden" name="JSFormSubmit" value="off"/>\n
Action.c(296):     </form>\n
Action.c(296):     \n
Action.c(296):     </body>\n
Action.c(296):     </html>\n
Action.c(296): Resource "http://localhost:1080/WebTours/images/mer_login.gif" is in the cache already and will not be downloaded again  	[MsgId: MMSG-26655]
Action.c(296): t=1349507ms: 5-byte chunked response overhead for "http://localhost:1080/cgi-bin/nav.pl?in=home" (RelFrameId=1.1, Internal ID=643)
Action.c(296):     0\r\n
Action.c(296):     \r\n
Action.c(296): t=1349507ms: Request done "http://localhost:1080/cgi-bin/nav.pl?in=home"  	[MsgId: MMSG-26000]
Action.c(296): Registered web_reg_find successful for "Text=A Session ID has been created" (count=1)  	[MsgId: MMSG-26364]
Action.c(296): web_url("SignOff Button") was successful, 2170 body bytes, 582 header bytes, 24 chunking overhead bytes  	[MsgId: MMSG-26385]
Action.c(307): Notify: Transaction "logout" ended with a "Pass" status (Duration: 0,0942 Wasted Time: 0,0000).	[MsgId: MMSG-16871]
Action.c(310): Notify: Transaction "UC3_BuyTicket" ended with a "Pass" status (Duration: 25,7741 Think Time: 25,0597 Wasted Time: 0,0039).	[MsgId: MMSG-16870]
Ending action Action.	[MsgId: MMSG-15918]
Action was aborted.	[MsgId: MMSG-10694]
Ending Vuser...	[MsgId: MMSG-15966]
Starting action vuser_end.	[MsgId: MMSG-15919]
Ending action vuser_end.	[MsgId: MMSG-15918]
Vuser Terminated.	[MsgId: MMSG-15963]
t=1349508ms: Closed connection [0] to localhost:1080 after completing 4 request(s)  	[MsgId: MMSG-26000]
t=1349509ms: Closed connection [3] to localhost:1080 after completing 2 request(s)  	[MsgId: MMSG-26000]
HTML-Mode memory management statistics: Reusable=5, NonReusable=0, CsMemBlockSize=4096, checks disabled  	[MsgId: MMSG-26000]
Vuser 1 (thread 24872), ended OK."	[MsgId: MMSG-10695]
