Action.c(99):       </TD>\n
Action.c(99):     </TR>\n
Action.c(99):     \n
Action.c(99):     <TR bgcolor="#EFF2F7">\n
Action.c(99):       <TD COLSPAN="4">\n
Action.c(99):       <hr/>\n
Action.c(99):       </TD>\n
Action.c(99):     </TR>\n
Action.c(99):     \n
Action.c(99):     <!-- Flight #1 -->\n
Action.c(99):     <TR bgcolor="#EFF2F7">\n
Action.c(99):       <TD width="5%" rowspan="2" align="left" valign="top">\n
Action.c(99):     <b>\n
Action.c(99):     <label><input type="checkbox" name="10" value="on" /></label></font></b>\n
Action.c(99):     <input type="hidden" name="flightID" value="210310012-7767-SR"  />\n
Action.c(99):       </TD>\n
Action.c(99):       <TD width="45%" valign="top">\n
Action.c(99):           <b>&nbsp;&nbsp;3 First class tickets for :</b><br/>\n
Action.c(99):           <center><table border="0" width="85%"><tr><td>\n
Action.c(99):           <li><i>{Sammy Redhands}      <li><i>      <li><i>\n
Action.c(99):           <li><i></i>\n
Action.c(99):           </td></tr></table></center>\n
Action.c(99):       </TD>\n
Action.c(99):       <TD width="5%" >.<br/>.<br/>.<br/>.</TD>\n
Action.c(99):       <TD width="45%" valign=top><b>Invoice sent to:</b><br/>\n
Action.c(99):           <center>\n
Action.c(99):           <Table width="80%" cellspacing="0" > <tr> <td>\n
Action.c(99):               Sammy Redhands\n
Action.c(99):     <br/>\n
Action.c(99):               East End Avenue<br/>\n
Action.c(99):               Pcity}<br/>\n
Action.c(99):               <br/>\n
Action.c(99):               Total Charge: $ 981 <BR/> (CC: x-5678)\n
Action.c(99):           </td> </tr> </table>\n
Action.c(99):           </center>\n
Action.c(99):       </TD>\n
Action.c(99):     </TR>\n
Action.c(99):     <TR bgcolor="#EFF2F7">\n
Action.c(99):       <TD COLSPAN="3">\n
Action.c(99):       <b>Flight Details:</b><BR/>  <center>\n
Action.c(99):       02/01/2024\n
Action.c(99):      :  8am : Flight 370 leaves Los Angeles  for Seattle.<br>  </center>\n
Action.c(99):       </TD>\n
Action.c(99):     </TR>\n
Action.c(99):     \n
Action.c(99):     <TR bgcolor="#EFF2F7">\n
Action.c(99):       <TD COLSPAN="4">\n
Action.c(99):       <hr/>\n
Action.c(99):       </TD>\n
Action.c(99):     </TR>\n
Action.c(99):     \n
Action.c(99):     <!-- Flight #1 -->\n
Action.c(99):     <TR bgcolor="#EFF2F7">\n
Action.c(99):       <TD width="5%" rowspan="2" align="left" valign="top">\n
Action.c(99):     <b>\n
Action.c(99):     <label><input type="checkbox" name="11" value="on" /></label></font></b>\n
Action.c(99):     <input type="hidden" name="flightID" value="210331121-8523-SR"  />\n
Action.c(99):       </TD>\n
Action.c(99):       <TD width="45%" valign="top">\n
Action.c(99):           <b>&nbsp;&nbsp;3 First class tickets for :</b><br/>\n
Action.c(99):           <center><table border="0" width="85%"><tr><td>\n
Action.c(99):           <li><i>{Sammy Redhands}      <li><i>      <li><i>\n
Action.c(99):           <li><i></i>\n
Action.c(99):           </td></tr></table></center>\n
Action.c(99):       </TD>\n
Action.c(99):       <TD width="5%" >.<br/>.<br/>.<br/>.</TD>\n
Action.c(99):       <TD width="45%" valign=top><b>Invoice sent to:</b><br/>\n
Action.c(99):           <center>\n
Action.c(99):           <Table width="80%" cellspacing="0" > <tr> <td>\n
Action.c(99):               Sammy Redhands\n
Action.c(99):     <br/>\n
Action.c(99):               East End Avenue<br/>\n
Action.c(99):               Pcity}<br/>\n
Action.c(99):               <br/>\n
Action.c(99):               Total Charge: $ 804 <BR/> (CC: x-5678)\n
Action.c(99):           </td> </tr> </table>\n
Action.c(99):           </center>\n
Action.c(99):       </TD>\n
Action.c(99):     </TR>\n
Action.c(99):     <TR bgcolor="#EFF2F7">\n
Action.c(99):       <TD COLSPAN="3">\n
Action.c(99):       <b>Flight Details:</b><BR/>  <center>\n
Action.c(99):       02/01/2024\n
Action.c(99):      :  8am : Flight 940 leaves Zurich  for Paris.<br>  </center>\n
Action.c(99):       </TD>\n
Action.c(99):     </TR>\n
Action.c(99):     \n
Action.c(99):     <TR bgcolor="#EFF2F7">\n
Action.c(99):       <TD COLSPAN="4">\n
Action.c(99):       <hr/>\n
Action.c(99):       </TD>\n
Action.c(99):     </TR>\n
Action.c(99):     \n
Action.c(99):     <!-- Flight #1 -->\n
Action.c(99):     <TR bgcolor="#EFF2F7">\n
Action.c(99):       <TD width="5%" rowspan="2" align="left" valign="top">\n
Action.c(99):     <b>\n
Action.c(99):     <label><input type="checkbox" name="12" value="on" /></label></font></b>\n
Action.c(99):     <input type="hidden" name="flightID" value="210312985-92403-SR"  />\n
Action.c(99):       </TD>\n
Action.c(99):       <TD width="45%" valign="top">\n
Action.c(99):           <b>&nbsp;&nbsp;2 Coach class tickets for :</b><br/>\n
Action.c(99):           <center><table border="0" width="85%"><tr><td>\n
Action.c(99):           <li><i>{Sammy Redhands}      <li><i>\n
Action.c(99):           <li><i></i>\n
Action.c(99):           </td></tr></table></center>\n
Action.c(99):       </TD>\n
Action.c(99):       <TD width="5%" >.<br/>.<br/>.<br/>.</TD>\n
Action.c(99):       <TD width="45%" valign=top><b>Invoice sent to:</b><br/>\n
Action.c(99):           <center>\n
Action.c(99):           <Table width="80%" cellspacing="0" > <tr> <td>\n
Action.c(99):               Sammy Redhands\n
Action.c(99):     <br/>\n
Action.c(99):               East End Avenue<br/>\n
Action.c(99):               Pcity}<br/>\n
Action.c(99):               <br/>\n
Action.c(99):               Total Charge: $ 1242 <BR/> (CC: x-5678)\n
Action.c(99):           </td> </tr> </table>\n
Action.c(99):           </center>\n
Action.c(99):       </TD>\n
Action.c(99):     </TR>\n
Action.c(99):     <TR bgcolor="#EFF2F7">\n
Action.c(99):       <TD COLSPAN="3">\n
Action.c(99):       <b>Flight Details:</b><BR/>  <center>\n
Action.c(99):       04/15/2024\n
Action.c(99):      :  8am : Flight 450 leaves Paris  for Portland.<br>  </center>\n
Action.c(99):       </TD>\n
Action.c(99):     </TR>\n
Action.c(99):     \n
Action.c(99):     <TR bgcolor="#EFF2F7">\n
Action.c(99):       <TD COLSPAN="4">\n
Action.c(99):       <hr/>\n
Action.c(99):       </TD>\n
Action.c(99):     </TR>\n
Action.c(99):     \n
Action.c(99):     <!-- Flight #1 -->\n
Action.c(99):     <TR bgcolor="#EFF2F7">\n
Action.c(99):       <TD width="5%" rowspan="2" align="left" valign="top">\n
Action.c(99):     <b>\n
Action.c(99):     <label><input type="checkbox" name="13" value="on" /></label></font></b>\n
Action.c(99):     <input type="hidden" name="flightID" value="210308919-100126-SR"  />\n
Action.c(99):       </TD>\n
Action.c(99):       <TD width="45%" valign="top">\n
Action.c(99):           <b>&nbsp;&nbsp;2 First class tickets for :</b><br/>\n
Action.c(99):           <center><table border="0" width="85%"><tr><td>\n
Action.c(99):           <li><i>{Sammy Redhands}      <li><i>\n
Action.c(99):           <li><i></i>\n
Action.c(99):           </td></tr></table></center>\n
Action.c(99):       </TD>\n
Action.c(99):       <TD width="5%" >.<br/>.<br/>.<br/>.</TD>\n
Action.c(99):       <TD width="45%" valign=top><b>Invoice sent to:</b><br/>\n
Action.c(99):           <center>\n
Action.c(99):           <Table width="80%" cellspacing="0" > <tr> <td>\n
Action.c(99):               Sammy Redhands\n
Action.c(99):     <br/>\n
Action.c(99):               East End Avenue<br/>\n
Action.c(99):               Pcity}<br/>\n
Action.c(99):               <br/>\n
Action.c(99):               Total Charge: $ 1644 <BR/> (CC: x-5678)\n
Action.c(99):           </td> </tr> </table>\n
Action.c(99):           </center>\n
Action.c(99):       </TD>\n
Action.c(99):     </TR>\n
Action.c(99):     <TR bgcolor="#EFF2F7">\n
Action.c(99):       <TD COLSPAN="3">\n
Action.c(99):       <b>Flight Details:</b><BR/>  <center>\n
Action.c(99):       02/01/2024\n
Action.c(99):      :  8am : Flight 340 leaves Los Angeles  for Paris.<br>  </center>\n
Action.c(99):       </TD>\n
Action.c(99):     </TR>\n
Action.c(99):     \n
Action.c(99):     <TR bgcolor="#EFF2F7">\n
Action.c(99):       <TD COLSPAN="4">\n
Action.c(99):       <hr/>\n
Action.c(99):       </TD>\n
Action.c(99):     </TR>\n
Action.c(99):     \n
Action.c(99):     <!-- Flight #1 -->\n
Action.c(99):     <TR bgcolor="#EFF2F7">\n
Action.c(99):       <TD width="5%" rowspan="2" align="left" valign="top">\n
Action.c(99):     <b>\n
Action.c(99):     <label><input type="checkbox" name="14" value="on" /></label></font></b>\n
Action.c(99):     <input type="hidden" name="flightID" value="2103251907-107807-SR"  />\n
Action.c(99):       </TD>\n
Action.c(99):       <TD width="45%" valign="top">\n
Action.c(99):           <b>&nbsp;&nbsp;A First class ticket for :</b><br/>\n
Action.c(99):           <center><table border="0" width="85%"><tr><td>\n
Action.c(99):           <li><i>{Sammy Redhands}\n
Action.c(99):           <li><i></i>\n
Action.c(99):           </td></tr></table></center>\n
Action.c(99):       </TD>\n
Action.c(99):       <TD width="5%" >.<br/>.<br/>.<br/>.</TD>\n
Action.c(99):       <TD width="45%" valign=top><b>Invoice sent to:</b><br/>\n
Action.c(99):           <center>\n
Action.c(99):           <Table width="80%" cellspacing="0" > <tr> <td>\n
Action.c(99):               Sammy Redhands\n
Action.c(99):     <br/>\n
Action.c(99):               East End Avenue<br/>\n
Action.c(99):               Pcity}<br/>\n
Action.c(99):               <br/>\n
Action.c(99):               Total Charge: $ 1503 <BR/> (
Action.c(99): t=1284519ms: 8-byte chunked response overhead for "http://localhost:1080/cgi-bin/itinerary.pl" (RelFrameId=1.2, Internal ID=418)
Action.c(99):     \r\n
Action.c(99):     1000\r\n
Action.c(99): t=1284519ms: 8-byte chunked response overhead for "http://localhost:1080/cgi-bin/itinerary.pl" (RelFrameId=1.2, Internal ID=418)
Action.c(99):     \r\n
Action.c(99):     1000\r\n
Action.c(99): t=1284519ms: 8-byte chunked response overhead for "http://localhost:1080/cgi-bin/itinerary.pl" (RelFrameId=1.2, Internal ID=418)
Action.c(99):     \r\n
Action.c(99):     1000\r\n
Action.c(99): t=1284519ms: 12263-byte chunked response body for "http://localhost:1080/cgi-bin/itinerary.pl" (RelFrameId=1.2, Internal ID=418)
Action.c(99):     CC: x-5678)\n
Action.c(99):           </td> </tr> </table>\n
Action.c(99):           </center>\n
Action.c(99):       </TD>\n
Action.c(99):     </TR>\n
Action.c(99):     <TR bgcolor="#EFF2F7">\n
Action.c(99):       <TD COLSPAN="3">\n
Action.c(99):       <b>Flight Details:</b><BR/>  <center>\n
Action.c(99):       02/01/2024\n
Action.c(99):      :  8am : Flight 780 leaves Seattle  for Sydney.<br>  </center>\n
Action.c(99):       </TD>\n
Action.c(99):     </TR>\n
Action.c(99):     \n
Action.c(99):     <TR bgcolor="#EFF2F7">\n
Action.c(99):       <TD COLSPAN="4">\n
Action.c(99):       <hr/>\n
Action.c(99):       </TD>\n
Action.c(99):     </TR>\n
Action.c(99):     \n
Action.c(99):     <!-- Flight #1 -->\n
Action.c(99):     <TR bgcolor="#EFF2F7">\n
Action.c(99):       <TD width="5%" rowspan="2" align="left" valign="top">\n
Action.c(99):     <b>\n
Action.c(99):     <label><input type="checkbox" name="15" value="on" /></label></font></b>\n
Action.c(99):     <input type="hidden" name="flightID" value="210325586-115513-SR"  />\n
Action.c(99):       </TD>\n
Action.c(99):       <TD width="45%" valign="top">\n
Action.c(99):           <b>&nbsp;&nbsp;2 First class tickets for :</b><br/>\n
Action.c(99):           <center><table border="0" width="85%"><tr><td>\n
Action.c(99):           <li><i>{Sammy Redhands}      <li><i>\n
Action.c(99):           <li><i></i>\n
Action.c(99):           </td></tr></table></center>\n
Action.c(99):       </TD>\n
Action.c(99):       <TD width="5%" >.<br/>.<br/>.<br/>.</TD>\n
Action.c(99):       <TD width="45%" valign=top><b>Invoice sent to:</b><br/>\n
Action.c(99):           <center>\n
Action.c(99):           <Table width="80%" cellspacing="0" > <tr> <td>\n
Action.c(99):               Sammy Redhands\n
Action.c(99):     <br/>\n
Action.c(99):               East End Avenue<br/>\n
Action.c(99):               Pcity}<br/>\n
Action.c(99):               <br/>\n
Action.c(99):               Total Charge: $ 1678 <BR/> (CC: x-5678)\n
Action.c(99):           </td> </tr> </table>\n
Action.c(99):           </center>\n
Action.c(99):       </TD>\n
Action.c(99):     </TR>\n
Action.c(99):     <TR bgcolor="#EFF2F7">\n
Action.c(99):       <TD COLSPAN="3">\n
Action.c(99):       <b>Flight Details:</b><BR/>  <center>\n
Action.c(99):       04/15/2024\n
Action.c(99):      :  8am : Flight 790 leaves Seattle  for Zurich.<br>  </center>\n
Action.c(99):       </TD>\n
Action.c(99):     </TR>\n
Action.c(99):     \n
Action.c(99):     <TR bgcolor="#EFF2F7">\n
Action.c(99):       <TD COLSPAN="4">\n
Action.c(99):       <hr/>\n
Action.c(99):       </TD>\n
Action.c(99):     </TR>\n
Action.c(99):     \n
Action.c(99):     <!-- Flight #1 -->\n
Action.c(99):     <TR bgcolor="#EFF2F7">\n
Action.c(99):       <TD width="5%" rowspan="2" align="left" valign="top">\n
Action.c(99):     <b>\n
Action.c(99):     <label><input type="checkbox" name="16" value="on" /></label></font></b>\n
Action.c(99):     <input type="hidden" name="flightID" value="210322983-123163-SR"  />\n
Action.c(99):       </TD>\n
Action.c(99):       <TD width="45%" valign="top">\n
Action.c(99):           <b>&nbsp;&nbsp;2 Coach class tickets for :</b><br/>\n
Action.c(99):           <center><table border="0" width="85%"><tr><td>\n
Action.c(99):           <li><i>{Sammy Redhands}      <li><i>\n
Action.c(99):           <li><i></i>\n
Action.c(99):           </td></tr></table></center>\n
Action.c(99):       </TD>\n
Action.c(99):       <TD width="5%" >.<br/>.<br/>.<br/>.</TD>\n
Action.c(99):       <TD width="45%" valign=top><b>Invoice sent to:</b><br/>\n
Action.c(99):           <center>\n
Action.c(99):           <Table width="80%" cellspacing="0" > <tr> <td>\n
Action.c(99):               Sammy Redhands\n
Action.c(99):     <br/>\n
Action.c(99):               East End Avenue<br/>\n
Action.c(99):               Pcity}<br/>\n
Action.c(99):               <br/>\n
Action.c(99):               Total Charge: $ 1130 <BR/> (CC: x-5678)\n
Action.c(99):           </td> </tr> </table>\n
Action.c(99):           </center>\n
Action.c(99):       </TD>\n
Action.c(99):     </TR>\n
Action.c(99):     <TR bgcolor="#EFF2F7">\n
Action.c(99):       <TD COLSPAN="3">\n
Action.c(99):       <b>Flight Details:</b><BR/>  <center>\n
Action.c(99):       04/15/2024\n
Action.c(99):      :  8am : Flight 720 leaves Seattle  for London.<br>  </center>\n
Action.c(99):       </TD>\n
Action.c(99):     </TR>\n
Action.c(99):     \n
Action.c(99):     <TR bgcolor="#EFF2F7">\n
Action.c(99):       <TD COLSPAN="4">\n
Action.c(99):       <hr/>\n
Action.c(99):       </TD>\n
Action.c(99):     </TR>\n
Action.c(99):     \n
Action.c(99):     <!-- Flight #1 -->\n
Action.c(99):     <TR bgcolor="#EFF2F7">\n
Action.c(99):       <TD width="5%" rowspan="2" align="left" valign="top">\n
Action.c(99):     <b>\n
Action.c(99):     <label><input type="checkbox" name="17" value="on" /></label></font></b>\n
Action.c(99):     <input type="hidden" name="flightID" value="210307047-13097-SR"  />\n
Action.c(99):       </TD>\n
Action.c(99):       <TD width="45%" valign="top">\n
Action.c(99):           <b>&nbsp;&nbsp;A Business class ticket for :</b><br/>\n
Action.c(99):           <center><table border="0" width="85%"><tr><td>\n
Action.c(99):           <li><i>{Sammy Redhands}\n
Action.c(99):           <li><i></i>\n
Action.c(99):           </td></tr></table></center>\n
Action.c(99):       </TD>\n
Action.c(99):       <TD width="5%" >.<br/>.<br/>.<br/>.</TD>\n
Action.c(99):       <TD width="45%" valign=top><b>Invoice sent to:</b><br/>\n
Action.c(99):           <center>\n
Action.c(99):           <Table width="80%" cellspacing="0" > <tr> <td>\n
Action.c(99):               Sammy Redhands\n
Action.c(99):     <br/>\n
Action.c(99):               East End Avenue<br/>\n
Action.c(99):               Pcity}<br/>\n
Action.c(99):               <br/>\n
Action.c(99):               Total Charge: $ 271 <BR/> (CC: x-5678)\n
Action.c(99):           </td> </tr> </table>\n
Action.c(99):           </center>\n
Action.c(99):       </TD>\n
Action.c(99):     </TR>\n
Action.c(99):     <TR bgcolor="#EFF2F7">\n
Action.c(99):       <TD COLSPAN="3">\n
Action.c(99):       <b>Flight Details:</b><BR/>  <center>\n
Action.c(99):       02/01/2024\n
Action.c(99):      :  8am : Flight 290 leaves London  for Zurich.<br>  </center>\n
Action.c(99):       </TD>\n
Action.c(99):     </TR>\n
Action.c(99):     \n
Action.c(99):     <TR bgcolor="#EFF2F7">\n
Action.c(99):       <TD COLSPAN="4">\n
Action.c(99):       <hr/>\n
Action.c(99):       </TD>\n
Action.c(99):     </TR>\n
Action.c(99):     \n
Action.c(99):     <!-- Flight #1 -->\n
Action.c(99):     <TR bgcolor="#EFF2F7">\n
Action.c(99):       <TD width="5%" rowspan="2" align="left" valign="top">\n
Action.c(99):     <b>\n
Action.c(99):     <label><input type="checkbox" name="18" value="on" /></label></font></b>\n
Action.c(99):     <input type="hidden" name="flightID" value="21031706-13857-SR"  />\n
Action.c(99):       </TD>\n
Action.c(99):       <TD width="45%" valign="top">\n
Action.c(99):           <b>&nbsp;&nbsp;2 Coach class tickets for :</b><br/>\n
Action.c(99):           <center><table border="0" width="85%"><tr><td>\n
Action.c(99):           <li><i>{Sammy Redhands}      <li><i>\n
Action.c(99):           <li><i></i>\n
Action.c(99):           </td></tr></table></center>\n
Action.c(99):       </TD>\n
Action.c(99):       <TD width="5%" >.<br/>.<br/>.<br/>.</TD>\n
Action.c(99):       <TD width="45%" valign=top><b>Invoice sent to:</b><br/>\n
Action.c(99):           <center>\n
Action.c(99):           <Table width="80%" cellspacing="0" > <tr> <td>\n
Action.c(99):               Sammy Redhands\n
Action.c(99):     <br/>\n
Action.c(99):               East End Avenue<br/>\n
Action.c(99):               Pcity}<br/>\n
Action.c(99):               <br/>\n
Action.c(99):               Total Charge: $ 150 <BR/> (CC: x-5678)\n
Action.c(99):           </td> </tr> </table>\n
Action.c(99):           </center>\n
Action.c(99):       </TD>\n
Action.c(99):     </TR>\n
Action.c(99):     <TR bgcolor="#EFF2F7">\n
Action.c(99):       <TD COLSPAN="3">\n
Action.c(99):       <b>Flight Details:</b><BR/>  <center>\n
Action.c(99):       02/01/2024\n
Action.c(99):      :  8am : Flight 560 leaves Portland  for San Francisco.<br>  </center>\n
Action.c(99):       </TD>\n
Action.c(99):     </TR>\n
Action.c(99):     \n
Action.c(99):     <TR bgcolor="#EFF2F7">\n
Action.c(99):       <TD COLSPAN="4">\n
Action.c(99):       <hr/>\n
Action.c(99):       </TD>\n
Action.c(99):     </TR>\n
Action.c(99):     \n
Action.c(99):     <!-- Flight #1 -->\n
Action.c(99):     <TR bgcolor="#EFF2F7">\n
Action.c(99):       <TD width="5%" rowspan="2" align="left" valign="top">\n
Action.c(99):     <b>\n
Action.c(99):     <label><input type="checkbox" name="19" value="on" /></label></font></b>\n
Action.c(99):     <input type="hidden" name="flightID" value="2103140817-146631-SR"  />\n
Action.c(99):       </TD>\n
Action.c(99):       <TD width="45%" valign="top">\n
Action.c(99):           <b>&nbsp;&nbsp;3 Business class tickets for :</b><br/>\n
Action.c(99):           <center><table border="0" width="85%"><tr><td>\n
Action.c(99):           <li><i>{Sammy Redhands}      <li><i>      <li><i>\n
Action.c(99):           <li><i></i>\n
Action.c(99):           </td></tr></table></center>\n
Action.c(99):       </TD>\n
Action.c(99):       <TD width="5%" >.<br/>.<br/>.<br/>.</TD>\n
Action.c(99):       <TD width="45%" valign=top><b>Invoice sent to:</b><br/>\n
Action.c(99):           <center>\n
Action.c(99):           <Table width="80%" cellspacing="0" > <tr> <td>\n
Action.c(99):               Sammy Redhands\n
Action.c(99):     <br/>\n
Action.c(99):               East End Avenue<br/>\n
Action.c(99):               Pcity}<br/>\n
Action.c(99):               <br/>\n
Action.c(99):               Total Charge: $ 6213 <BR/> (CC: x-5678)\n
Action.c(99):           </td> </tr> </table>\n
Action.c(99):           </center>\n
Action.c(99):       </TD>\n
Action.c(99):     </TR>\n
Action.c(99):     <TR bgcolor="#EFF2F7">\n
Action.c(99):       <TD COLSPAN="3">\n
Action.c(99):       <b>Flight Details:</b><BR/>  <center>\n
Action.c(99):       04/15/2024\n
Action.c(99):      :  8am : Flight 480 leaves Paris  for Sydney.<br>  </center>\n
Action.c(99):       </TD>\n
Action.c(99):     </TR>\n
Action.c(99):     \n
Action.c(99):     <TR bgcolor="#EFF2F7">\n
Action.c(99):       <TD COLSPAN="4">\n
Action.c(99):       <hr/>\n
Action.c(99):       </TD>\n
Action.c(99):     </TR>\n
Action.c(99):     \n
Action.c(99):     <!-- Flight #1 -->\n
Action.c(99):     <TR bgcolor="#EFF2F7">\n
Action.c(99):       <TD width="5%" rowspan="2" align="left" valign="top">\n
Action.c(99):     <b>\n
Action.c(99):     <label><input type="checkbox" name="20" value="on" /></label></font></b>\n
Action.c(99):     <input type="hidden" name="flightID" value="210308912-153944-SR"  />\n
Action.c(99):       </TD>\n
Action.c(99):       <TD width="45%" valign="top">\n
Action.c(99):           <b>&nbsp;&nbsp;2 Business class tickets for :</b><br/>\n
Action.c(99):           <center><table border="0" width="85%"><tr><td>\n
Action.c(99):           <li><i>{Sammy Redhands}      <li><i>\n
Action.c(99):           <li><i></i>\n
Action.c(99):           </td></tr></table></center>\n
Action.c(99):       </TD>\n
Action.c(99):       <TD width="5%" >.<br/>.<br/>.<br/>.</TD>\n
Action.c(99):       <TD width="45%" valign=top><b>Invoice sent to:</b><br/>\n
Action.c(99):           <center>\n
Action.c(99):           <Table width="80%" cellspacing="0" > <tr> <td>\n
Action.c(99):               Sammy Redhands\n
Action.c(99):     <br/>\n
Action.c(99):               East End Avenue<br/>\n
Action.c(99):               Pcity}<br/>\n
Action.c(99):               <br/>\n
Action.c(99):               Total Charge: $ 1272 <BR/> (CC: x-5678)\n
Action.c(99):           </td> </tr> </table>\n
Action.c(99):           </center>\n
Action.c(99):       </TD>\n
Action.c(99):     </TR>\n
Action.c(99):     <TR bgcolor="#EFF2F7">\n
Action.c(99):       <TD COLSPAN="3">\n
Action.c(99):       <b>Flight Details:</b><BR/>  <center>\n
Action.c(99):       06/25/2024\n
Action.c(99):      :  8am : Flight 340 leaves Los Angeles  for Paris.<br>  </center>\n
Action.c(99):       </TD>\n
Action.c(99):     </TR>\n
Action.c(99):     \n
Action.c(99):     <TR bgcolor="#EFF2F7">\n
Action.c(99):       <TD COLSPAN="4">\n
Action.c(99):       <hr/>\n
Action.c(99):       </TD>\n
Action.c(99):     </TR>\n
Action.c(99):     \n
Action.c(99):     <!-- Flight #1 -->\n
Action.c(99):     <TR bgcolor="#EFF2F7">\n
Action.c(99):       <TD width="5%" rowspan="2" align="left" valign="top">\n
Action.c(99):     <b>\n
Action.c(99):     <label><input type="checkbox" name="21" value="on" /></label></font></b>\n
Action.c(99):     <input type="hidden" name="flightID" value="210307789-16229-SR"  />\n
Action.c(99):       </TD>\n
Action.c(99):       <TD width="45%" valign="top">\n
Action.c(99):           <b>&nbsp;&nbsp;3 Business class tickets for :</b><br/>\n
Action.c(99):           <center><table border="0" width="85%"><tr><td>\n
Action.c(99):           <li><i>{Sammy Redhands}      <li><i>      <li><i>\n
Action.c(99):           <li><i></i>\n
Action.c(99):           </td></tr></table></center>\n
Action.c(99):       </TD>\n
Action.c(99):       <TD width="5%" >.<br/>.<br/>.<br/>.</TD>\n
Action.c(99):       <TD width="45%" valign=top><b>Invoice sent to:</b><br/>\n
Action.c(99):           <center>\n
Action.c(99):           <Table width="80%" cellspacing="0" > <tr> <td>\n
Action.c(99):               Sammy Redhands\n
Action.c(99):     <br/>\n
Action.c(99):               East End Avenue<br/>\n
Action.c(99):               Pcity}<br/>\n
Action.c(99):               <br/>\n
Action.c(99):               Total Charge: $ 984 <BR/> (CC: x-5678)\n
Action.c(99):           </td> </tr> </table>\n
Action.c(99):           </center>\n
Action.c(99):       </TD>\n
Action.c(99):     </TR>\n
Action.c(99):     <TR bgcolor="#EFF2F7">\n
Action.c(99):       <TD COLSPAN="3">\n
Action.c(99):       <b>Flight Details:</b><BR/>  <center>\n
Action.c(99):       02/01/2024\n
Action.c(99):      :  8am : Flight 310 leaves Los Angeles  for Frankfurt.<br>  </center>\n
Action.c(99):       </TD>\n
Action.c(99):     </TR>\n
Action.c(99):     \n
Action.c(99):     <TR bgcolor="#EFF2F7">\n
Action.c(99):       <TD COLSPAN="4">\n
Action.c(99):       <hr/>\n
Action.c(99):       </TD>\n
Action.c(99):     </TR>\n
Action.c(99):     \n
Action.c(99):     <!-- Flight #1 -->\n
Action.c(99):     <TR bgcolor="#EFF2F7">\n
Action.c(99):       <TD width="5%" rowspan="2" align="left" valign="top">\n
Action.c(99):     <b>\n
Action.c(99):     <label><input type="checkbox" name="22" value="on" /></label></font></b>\n
Action.c(99):     <input type="hidden" name="flightID" value="210312985-16970-SR"  />\n
Action.c(99):       </TD>\n
Action.c(99):       <TD width="45%" valign="top">\n
Action.c(99):           <b>&nbsp;&nbsp;A Coach class ticket for :</b><br/>\n
Action.c(99):           <center><table border="0" width="85%"><tr><td>\n
Action.c(99):           <li><i>{Sammy Redhands}\n
Action.c(99):           <li><i></i>\n
Action.c(99):           </td></tr></table></center>\n
Action.c(99):       </TD>\n
Action.c(99):       <TD width="5%" >.<br/>.<br/>.<br/>.</TD>\n
Action.c(99):       <TD width="45%" valign=top><b>Invoice sent to:</b><br/>\n
Action.c(99):           <center>\n
Action.c(99):           <Table width="80%" cellspacing="0" > <tr> <td>\n
Action.c(99):               Sammy Redhands\n
Action.c(99):     <br/>\n
Action.c(99):               East End Avenue<br/>\n
Action.c(99):               Pcity}<br/>\n
Action.c(99):               <br/>\n
Action.c(99):               Total Charge: $ 621 <BR/> (CC: x-5678)\n
Action.c(99):           </td> </tr> </table>\n
Action.c(99):           </center>\n
Action.c(99):       </TD>\n
Action.c(99):     </TR>\n
Action.c(99):     <TR bgcolor="#EFF2F7">\n
Action.c(99):       <TD COLSPAN="3">\n
Action.c(99):       <b>Flight Details:</b><BR/>  <center>\n
Action.c(99):       04/15/2024\n
Action.c(99):      :  8am : Flight 450 leaves Paris  for Portland.<br>  </center>\n
Action.c(99):       </TD>\n
Action.c(99):     </TR>\n
Action.c(99):     \n
Action.c(99):     <TR bgcolor="#EFF2F7">\n
Action.c(99):       <TD COLSPAN="4">\n
Action.c(99):       <hr/>\n
Action.c(99):       </TD>\n
Action.c(99):     </TR>\n
Action.c(99):     \n
Action.c(99):     <!-- Flight #1 -->\n
Action.c(99):     <TR bgcolor="#EFF2F7">\n
Action.c(99):       <TD width="5%" rowspan="2" align="left" valign="top">\n
Action.c(99):     <b>\n
Action.c(99):     <label><input type="checkbox" name="23" value="on" /></label></font></b>\n
Action.c(99):     <input type="hidden" name="flightID" value="210327061-177077-SR"  />\n
Action.c(99):       </TD>\n
Action.c(99):       <TD width="45%" valign="top">\n
Action.c(99):           <b>&nbsp;&nbsp;3 Coach class tickets for :</b><br/>\n
Action.c(99):           <center><table border="0" width="85%"><tr><td>\n
Action.c(99):           <li><i>{Sammy Redhands}      <li><i>      <li><i>\n
Action.c(99):           <li><i></i>\n
Action.c(99):           </td></tr></table></center>\n
Action.c(99):       </TD>\n
Action.c(99):       <TD width="5%" >.<br/>.<br/>.<br/>.</TD>\n
Action.c(99):       <TD width="45%" valign=top><b>Invoice sent to:</b><br/>\n
Action.c(99):           <center>\n
Action.c(99):           <Table width="80%" cellspacing="0" > <tr> <td>\n
Action.c(99):               Sammy Redhands\n
Action.c(99):     <br/>\n
Action.c(99):               East End Avenue<br/>\n
Action.c(99):               Pcity}<br/>\n
Action.c(99):               <br/>\n
Action.c(99):               Total Charge: $ 2007 <BR/> (CC: x-5678)\n
Action.c(99):           </td> </tr> </table>\n
Action.c(99):           </center>\n
Action.c(99):       </TD>\n
Action.c(99):     </TR>\n
Action.c(99):     <TR bgcolor="#EFF2F7">\n
Action.c(99):       <TD COLSPAN="3">\n
Action.c(99):       <b>Flight Details:</b><BR/>  <center>\n
Action.c(99):       04/15/2024\n
Action.c(99):      :  8am : Flight 830 leaves Sydney  for Los Angeles.<br>  </center>\n
Action.c(99):       </TD>\n
Action.c(99):     </TR>\n
Action.c(99):     \n
Action.c(99):     <TR bgcolor="#EFF2F7">\n
Action.c(99):       <TD COLSPAN="4">\n
Action.c(99):       <hr/>\n
Action.c(99):       </TD>\n
Action.c(99):     </TR>\n
Action.c(99):     \n
Action.c(99):     <!-- Flight #1 -->\n
Action.c(99):     <TR bgcolor="#EFF2F7">\n
Action.c(99):       <TD width="5%" rowspan="2" align="left" valign="top">\n
Action.c(99):     <b>\n
Action.c(99):     <label><input type="checkbox" name="24" value="on" /></label></font></b>\n
Action.c(99):     <input type="hidden" name="flightID" value="210315585-184739-SR"  />\n
Action.c(99):       </TD>\n
Action.c(99):       <TD width="45%" valign="top">\n
Action.c(99):           <b>&nbsp;&nbsp;2 Business class tickets for :</b><br/>\n
Action.c(99):           <center><table border="0" width="85%"><tr><td>\n
Action.c(99):           <li><i>{Sammy Redhands}      <li><i>\n
Action.c(99):           <li><i></i>\n
Action.c(99):           </td></tr></table></center>\n
Action.c(99):       </TD>\n
Action.c(99):       <TD width="5%" >.<br/>.<br/>.<br/>.</TD>\n
Action.c(99):       <TD width="45%" valign=top><b>Invoice sent to:</b><br/>\n
Action.c(99):           <center>\n
Action.c(99):           <Table width="80%" cellspacing="0" > <tr> <td>\n
Action.c(99):               Sammy Redhands\n
Action.c(99):     <br/>\n
Action.c(99):               East End Avenue<br/>\n
Action.c(99):               Pcity}<br/>\n
Action.c(99):               <br/>\n
Action.c(99):               Total Charge: $ 1610 <BR/> (CC: x-5678)\n
Action.c(99):           </td> </tr> </table>\n
Action.c(99):           </center>\n
Action.c(99):       </TD>\n
Action.c(99):     </TR>\n
Action.c(99):     <TR bgcolor="#EFF2F7">\n
Action.c(99):       <TD COLSPAN="3">\n
Action.c(99):       <b>Flight Details:</b><BR/>  <center>\n
Action.c(99):       02/01/2024\n
Action.c(99):      :  8am : Flight 520 leaves Portland  for London.<br>  </center>\n
Action.c(99):       </TD>\n
Action.c(99):     </TR>\n
Action.c(99):     \n
Action.c(99):     <TR bgcolor="#EFF2F7">\n
Action.c(99):       <TD COLSPAN="4">\n
Action.c(99):       <hr/>\n
Action.c(99):       </TD>\n
Action.c(99):     </TR>\n
Action.c(99):     \n
Action.c(99):     <!-- Flight #1 -->\n
Action.c(99):     <TR bgcolor="#EFF2F7">\n
Action.c(99):       <TD width="5%" rowspan="2" align="left" valign="top">\n
Action.c(99):     <b>\n
Action.c(99):     <label><input type="checkbox" name="25" value="on" /></label></font></b>\n
Action.c(99):     <input type="hidden" name="flightID" value="210331118-19278-SR"  />\n
Action.c(99):       </TD>\n
Action.c(99):       <TD width="45%" valign="top">\n
Action.c(99):           <b>&nbsp;&nbsp;3 Business class tickets for :</b><br/>\n
Action.c(99):           <center><table border="0" width="85%"><tr><td>\n
Action.c(99):           <li><i>{Sammy Redhands}      <li><i>      <li><i>\n
Action.c(99):           <li><i></i>\n
Action.c(99):           </td></tr></table></center>\n
Action.c(99):       </TD>\n
Action.c(99):       <TD width="5%" >.<br/>.<br/>.<br/>.</TD>\n
Action.c(99):       <TD width="45%" valign=top><b>Invoice sent to:</b><br/>\n
Action.c(99):           <center>\n
Action.c(99):           <Table width="80%" cellspacing="0" > <tr> <td>\n
Action.c(99):               Sammy Redhands\n
Action.c(99):     <br/>\n
Action.c(99):               East End Avenue<br/>\n
Action.c(99):               Pcity}<br/>\n
Action.c(99):               <br/>\n
Action.c(99):          
Action.c(99): t=1284523ms: 8-byte chunked response overhead for "http://localhost:1080/cgi-bin/itinerary.pl" (RelFrameId=1.2, Internal ID=418)
Action.c(99):     \r\n
Action.c(99):     1000\r\n
Action.c(99): t=1284523ms: 7-byte chunked response overhead for "http://localhost:1080/cgi-bin/itinerary.pl" (RelFrameId=1.2, Internal ID=418)
Action.c(99):     \r\n
Action.c(99):     616\r\n
Action.c(99): t=1284523ms: 7-byte chunked response overhead for "http://localhost:1080/cgi-bin/itinerary.pl" (RelFrameId=1.2, Internal ID=418)
Action.c(99):     \r\n
Action.c(99):     0\r\n
Action.c(99):     \r\n
Action.c(99): t=1284523ms: 5702-byte chunked response body for "http://localhost:1080/cgi-bin/itinerary.pl" (RelFrameId=1.2, Internal ID=418)
Action.c(99):          Total Charge: $ 621 <BR/> (CC: x-5678)\n
Action.c(99):           </td> </tr> </table>\n
Action.c(99):           </center>\n
Action.c(99):       </TD>\n
Action.c(99):     </TR>\n
Action.c(99):     <TR bgcolor="#EFF2F7">\n
Action.c(99):       <TD COLSPAN="3">\n
Action.c(99):       <b>Flight Details:</b><BR/>  <center>\n
Action.c(99):       02/01/2024\n
Action.c(99):      :  8am : Flight 940 leaves Zurich  for Paris.<br>  </center>\n
Action.c(99):       </TD>\n
Action.c(99):     </TR>\n
Action.c(99):     \n
Action.c(99):     <TR bgcolor="#EFF2F7">\n
Action.c(99):       <TD COLSPAN="4">\n
Action.c(99):       <hr/>\n
Action.c(99):       </TD>\n
Action.c(99):     </TR>\n
Action.c(99):     \n
Action.c(99):     <!-- Flight #1 -->\n
Action.c(99):     <TR bgcolor="#EFF2F7">\n
Action.c(99):       <TD width="5%" rowspan="2" align="left" valign="top">\n
Action.c(99):     <b>\n
Action.c(99):     <label><input type="checkbox" name="26" value="on" /></label></font></b>\n
Action.c(99):     <input type="hidden" name="flightID" value="210315936-20044-SR"  />\n
Action.c(99):       </TD>\n
Action.c(99):       <TD width="45%" valign="top">\n
Action.c(99):           <b>&nbsp;&nbsp;2 Business class tickets for :</b><br/>\n
Action.c(99):           <center><table border="0" width="85%"><tr><td>\n
Action.c(99):           <li><i>{Sammy Redhands}      <li><i>\n
Action.c(99):           <li><i></i>\n
Action.c(99):           </td></tr></table></center>\n
Action.c(99):       </TD>\n
Action.c(99):       <TD width="5%" >.<br/>.<br/>.<br/>.</TD>\n
Action.c(99):       <TD width="45%" valign=top><b>Invoice sent to:</b><br/>\n
Action.c(99):           <center>\n
Action.c(99):           <Table width="80%" cellspacing="0" > <tr> <td>\n
Action.c(99):               Sammy Redhands\n
Action.c(99):     <br/>\n
Action.c(99):               East End Avenue<br/>\n
Action.c(99):               Pcity}<br/>\n
Action.c(99):               <br/>\n
Action.c(99):               Total Charge: $ 574 <BR/> (CC: x-5678)\n
Action.c(99):           </td> </tr> </table>\n
Action.c(99):           </center>\n
Action.c(99):       </TD>\n
Action.c(99):     </TR>\n
Action.c(99):     <TR bgcolor="#EFF2F7">\n
Action.c(99):       <TD COLSPAN="3">\n
Action.c(99):       <b>Flight Details:</b><BR/>  <center>\n
Action.c(99):       04/15/2024\n
Action.c(99):      :  8am : Flight 530 leaves Portland  for Los Angeles.<br>  </center>\n
Action.c(99):       </TD>\n
Action.c(99):     </TR>\n
Action.c(99):     \n
Action.c(99):     <TR bgcolor="#EFF2F7">\n
Action.c(99):       <TD COLSPAN="4">\n
Action.c(99):       <hr/>\n
Action.c(99):       </TD>\n
Action.c(99):     </TR>\n
Action.c(99):     \n
Action.c(99):     <!-- Flight #1 -->\n
Action.c(99):     <TR bgcolor="#EFF2F7">\n
Action.c(99):       <TD width="5%" rowspan="2" align="left" valign="top">\n
Action.c(99):     <b>\n
Action.c(99):     <label><input type="checkbox" name="27" value="on" /></label></font></b>\n
Action.c(99):     <input type="hidden" name="flightID" value="2103059299-207945-SR"  />\n
Action.c(99):       </TD>\n
Action.c(99):       <TD width="45%" valign="top">\n
Action.c(99):           <b>&nbsp;&nbsp;3 First class tickets for :</b><br/>\n
Action.c(99):           <center><table border="0" width="85%"><tr><td>\n
Action.c(99):           <li><i>{Sammy Redhands}      <li><i>      <li><i>\n
Action.c(99):           <li><i></i>\n
Action.c(99):           </td></tr></table></center>\n
Action.c(99):       </TD>\n
Action.c(99):       <TD width="5%" >.<br/>.<br/>.<br/>.</TD>\n
Action.c(99):       <TD width="45%" valign=top><b>Invoice sent to:</b><br/>\n
Action.c(99):           <center>\n
Action.c(99):           <Table width="80%" cellspacing="0" > <tr> <td>\n
Action.c(99):               Sammy Redhands\n
Action.c(99):     <br/>\n
Action.c(99):               East End Avenue<br/>\n
Action.c(99):               Pcity}<br/>\n
Action.c(99):               <br/>\n
Action.c(99):               Total Charge: $ 3297 <BR/> (CC: x-5678)\n
Action.c(99):           </td> </tr> </table>\n
Action.c(99):           </center>\n
Action.c(99):       </TD>\n
Action.c(99):     </TR>\n
Action.c(99):     <TR bgcolor="#EFF2F7">\n
Action.c(99):       <TD COLSPAN="3">\n
Action.c(99):       <b>Flight Details:</b><BR/>  <center>\n
Action.c(99):       04/15/2024\n
Action.c(99):      :  8am : Flight 260 leaves London  for San Francisco.<br>  </center>\n
Action.c(99):       </TD>\n
Action.c(99):     </TR>\n
Action.c(99):     \n
Action.c(99):     <TR bgcolor="#EFF2F7">\n
Action.c(99):       <TD COLSPAN="4">\n
Action.c(99):       <hr/>\n
Action.c(99):       </TD>\n
Action.c(99):     </TR>\n
Action.c(99):     \n
Action.c(99):     <!-- Flight #1 -->\n
Action.c(99):     <TR bgcolor="#EFF2F7">\n
Action.c(99):       <TD width="5%" rowspan="2" align="left" valign="top">\n
Action.c(99):     <b>\n
Action.c(99):     <label><input type="checkbox" name="28" value="on" /></label></font></b>\n
Action.c(99):     <input type="hidden" name="flightID" value="210307789-21614-SR"  />\n
Action.c(99):       </TD>\n
Action.c(99):       <TD width="45%" valign="top">\n
Action.c(99):           <b>&nbsp;&nbsp;3 Business class tickets for :</b><br/>\n
Action.c(99):           <center><table border="0" width="85%"><tr><td>\n
Action.c(99):           <li><i>{Sammy Redhands}      <li><i>      <li><i>\n
Action.c(99):           <li><i></i>\n
Action.c(99):           </td></tr></table></center>\n
Action.c(99):       </TD>\n
Action.c(99):       <TD width="5%" >.<br/>.<br/>.<br/>.</TD>\n
Action.c(99):       <TD width="45%" valign=top><b>Invoice sent to:</b><br/>\n
Action.c(99):           <center>\n
Action.c(99):           <Table width="80%" cellspacing="0" > <tr> <td>\n
Action.c(99):               Sammy Redhands\n
Action.c(99):     <br/>\n
Action.c(99):               East End Avenue<br/>\n
Action.c(99):               Pcity}<br/>\n
Action.c(99):               <br/>\n
Action.c(99):               Total Charge: $ 984 <BR/> (CC: x-5678)\n
Action.c(99):           </td> </tr> </table>\n
Action.c(99):           </center>\n
Action.c(99):       </TD>\n
Action.c(99):     </TR>\n
Action.c(99):     <TR bgcolor="#EFF2F7">\n
Action.c(99):       <TD COLSPAN="3">\n
Action.c(99):       <b>Flight Details:</b><BR/>  <center>\n
Action.c(99):       04/15/2024\n
Action.c(99):      :  8am : Flight 310 leaves Los Angeles  for Frankfurt.<br>  </center>\n
Action.c(99):       </TD>\n
Action.c(99):     </TR>\n
Action.c(99):     \n
Action.c(99):     <TR bgcolor="#EFF2F7">\n
Action.c(99):       <TD COLSPAN="4">\n
Action.c(99):       <hr/>\n
Action.c(99):       </TD>\n
Action.c(99):     </TR>\n
Action.c(99):     <TR>\n
Action.c(99):        <TD align="center" COLSPAN="4">\n
Action.c(99):        <b>A total of 28 scheduled flights.</font></b>\n
Action.c(99):        </TD>\n
Action.c(99):     </TR>\n
Action.c(99):     </TABLE>\n
Action.c(99):     \n
Action.c(99):     <TABLE WIDTH="87%" BORDER="0" CELLSPACING="0">\n
Action.c(99):     <TR>\n
Action.c(99):     <TD align="left" width="50%" >\n
Action.c(99):     <input type="image" name="removeFlights" src="/WebTours/images/cancelreservation.gif" bord
Action.c(99):     er="0" /></TD>\n
Action.c(99):     <TD align="right" width="50%" >\n
Action.c(99):     <input type="image" name="removeAllFlights" src="/WebTours/images/cancelallreservations.gi
Action.c(99):     f" border="0" /></TD>\n
Action.c(99):     </TABLE>\n
Action.c(99):     \n
Action.c(99):     <div><input type="hidden" name=".cgifields" value="11"  /><input type="hidden" name=".cgif
Action.c(99):     ields" value="21"  /><input type="hidden" name=".cgifields" value="7"  /><input type="hidd
Action.c(99):     en" name=".cgifields" value="26"  /><input type="hidden" name=".cgifields" value="17"  /><
Action.c(99):     input type="hidden" name=".cgifields" value="2"  /><input type="hidden" name=".cgifields" 
Action.c(99):     value="22"  /><input type="hidden" name=".cgifields" value="1"  /><input type="hidden" nam
Action.c(99):     e=".cgifields" value="18"  /><input type="hidden" name=".cgifields" value="23"  /><input t
Action.c(99):     ype="hidden" name=".cgifields" value="16"  /><input type="hidden" name=".cgifields" value=
Action.c(99):     "13"  /><input type="hidden" name=".cgifields" value="27"  /><input type="hidden" name=".c
Action.c(99):     gifields" value="25"  /><input type="hidden" name=".cgifields" value="6"  /><input type="h
Action.c(99):     idden" name=".cgifields" value="28"  /><input type="hidden" name=".cgifields" value="3"  /
Action.c(99):     ><input type="hidden" name=".cgifields" value="9"  /><input type="hidden" name=".cgifields
Action.c(99):     " value="12"  /><input type="hidden" name=".cgifields" value="20"  /><input type="hidden" 
Action.c(99):     name=".cgifields" value="14"  /><input type="hidden" name=".cgifields" value="15"  /><inpu
Action.c(99):     t type="hidden" name=".cgifields" value="8"  /><input type="hidden" name=".cgifields" valu
Action.c(99):     e="4"  /><input type="hidden" name=".cgifields" value="24"  /><input type="hidden" name=".
Action.c(99):     cgifields" value="19"  /><input type="hidden" name=".cgifields" value="10"  /><input type=
Action.c(99):     "hidden" name=".cgifields" value="5"  /></div></form>\n
Action.c(99):     \n
Action.c(99):     </center>\n
Action.c(99):     \n
Action.c(99):     </body>\n
Action.c(99):     </html>
Action.c(99): Found resource "http://localhost:1080/WebTours/images/cancelreservation.gif" in HTML "http://localhost:1080/cgi-bin/itinerary.pl"  	[MsgId: MMSG-26659]
Action.c(99): Found resource "http://localhost:1080/WebTours/images/cancelallreservations.gif" in HTML "http://localhost:1080/cgi-bin/itinerary.pl"  	[MsgId: MMSG-26659]
Action.c(99): t=1284524ms: Request done "http://localhost:1080/cgi-bin/itinerary.pl"  	[MsgId: MMSG-26000]
Action.c(99): t=1284524ms: Already connected [1] to localhost:1080  	[MsgId: MMSG-26000]
Action.c(99): t=1284524ms: 549-byte request headers for "http://localhost:1080/WebTours/images/cancelreservation.gif" (RelFrameId=, Internal ID=421)
Action.c(99):     GET /WebTours/images/cancelreservation.gif HTTP/1.1\r\n
Action.c(99):     Referer: http://localhost:1080/cgi-bin/itinerary.pl\r\n
Action.c(99):     Upgrade-Insecure-Requests: 1\r\n
Action.c(99):     Priority: u=4\r\n
Action.c(99):     User-Agent: Mozilla/5.0 (Windows NT 10.0; Win64; x64; rv:132.0) Gecko/20100101 Firefox/132
Action.c(99):     .0\r\n
Action.c(99):     Accept-Encoding: gzip, deflate\r\n
Action.c(99):     Accept-Language: en-US,en;q=0.5\r\n
Action.c(99):     Accept: */*\r\n
Action.c(99):     Connection: Keep-Alive\r\n
Action.c(99):     Host: localhost:1080\r\n
Action.c(99):     Cookie: MSO=SID&1735060391; MTUserInfo=firstName&Sammy&address2&Boston&username&sammyRedha
Action.c(99):     nds&hash&115&lastName&Redhands%0A&address1&East%20End%20Avenue&creditCard&&expDate&%0A\r\n
Action.c(99):     \r\n
Action.c(99): t=1284524ms: Already connected [3] to localhost:1080  	[MsgId: MMSG-26000]
Action.c(99): t=1284524ms: 553-byte request headers for "http://localhost:1080/WebTours/images/cancelallreservations.gif" (RelFrameId=, Internal ID=422)
Action.c(99):     GET /WebTours/images/cancelallreservations.gif HTTP/1.1\r\n
Action.c(99):     Referer: http://localhost:1080/cgi-bin/itinerary.pl\r\n
Action.c(99):     Upgrade-Insecure-Requests: 1\r\n
Action.c(99):     Priority: u=4\r\n
Action.c(99):     User-Agent: Mozilla/5.0 (Windows NT 10.0; Win64; x64; rv:132.0) Gecko/20100101 Firefox/132
Action.c(99):     .0\r\n
Action.c(99):     Accept-Encoding: gzip, deflate\r\n
Action.c(99):     Accept-Language: en-US,en;q=0.5\r\n
Action.c(99):     Accept: */*\r\n
Action.c(99):     Connection: Keep-Alive\r\n
Action.c(99):     Host: localhost:1080\r\n
Action.c(99):     Cookie: MSO=SID&1735060391; MTUserInfo=firstName&Sammy&address2&Boston&username&sammyRedha
Action.c(99):     nds&hash&115&lastName&Redhands%0A&address1&East%20End%20Avenue&creditCard&&expDate&%0A\r\n
Action.c(99):     \r\n
Action.c(99): t=1284525ms: 297-byte response headers for "http://localhost:1080/WebTours/images/cancelallreservations.gif" (RelFrameId=, Internal ID=422)
Action.c(99):     HTTP/1.1 200 OK\r\n
Action.c(99):     Date: Tue, 24 Dec 2024 17:13:11 GMT\r\n
Action.c(99):     Server: Apache/2.2.21 (Win32)\r\n
Action.c(99):     Last-Modified: Wed, 04 Dec 2024 18:02:12 GMT\r\n
Action.c(99):     ETag: "4000000068dc3-2e6-6287594bf2c0c"\r\n
Action.c(99):     Accept-Ranges: bytes\r\n
Action.c(99):     Content-Length: 742\r\n
Action.c(99):     Keep-Alive: timeout=5, max=97\r\n
Action.c(99):     Connection: Keep-Alive\r\n
Action.c(99):     Content-Type: image/gif\r\n
Action.c(99):     \r\n
Action.c(99): t=1284525ms: 742-byte response body for "http://localhost:1080/WebTours/images/cancelallreservations.gif" (RelFrameId=, Internal ID=422)
Action.c(99): t=1284525ms: Request done "http://localhost:1080/WebTours/images/cancelallreservations.gif"  	[MsgId: MMSG-26000]
Action.c(99): t=1284545ms: 297-byte response headers for "http://localhost:1080/WebTours/images/in_itinerary.gif" (RelFrameId=, Internal ID=419)
Action.c(99):     HTTP/1.1 200 OK\r\n
Action.c(99):     Date: Tue, 24 Dec 2024 17:13:11 GMT\r\n
Action.c(99):     Server: Apache/2.2.21 (Win32)\r\n
Action.c(99):     Last-Modified: Wed, 04 Dec 2024 18:02:12 GMT\r\n
Action.c(99):     ETag: "6000000068dd4-2dd-6287594c1cf74"\r\n
Action.c(99):     Accept-Ranges: bytes\r\n
Action.c(99):     Content-Length: 733\r\n
Action.c(99):     Keep-Alive: timeout=5, max=94\r\n
Action.c(99):     Connection: Keep-Alive\r\n
Action.c(99):     Content-Type: image/gif\r\n
Action.c(99):     \r\n
Action.c(99): t=1284545ms: 733-byte response body for "http://localhost:1080/WebTours/images/in_itinerary.gif" (RelFrameId=, Internal ID=419)
Action.c(99): t=1284545ms: Request done "http://localhost:1080/WebTours/images/in_itinerary.gif"  	[MsgId: MMSG-26000]
Action.c(99): t=1284560ms: 298-byte response headers for "http://localhost:1080/WebTours/images/cancelreservation.gif" (RelFrameId=, Internal ID=421)
Action.c(99):     HTTP/1.1 200 OK\r\n
Action.c(99):     Date: Tue, 24 Dec 2024 17:13:11 GMT\r\n
Action.c(99):     Server: Apache/2.2.21 (Win32)\r\n
Action.c(99):     Last-Modified: Wed, 04 Dec 2024 18:02:12 GMT\r\n
Action.c(99):     ETag: "1d000000068dc6-33f-6287594bf7149"\r\n
Action.c(99):     Accept-Ranges: bytes\r\n
Action.c(99):     Content-Length: 831\r\n
Action.c(99):     Keep-Alive: timeout=5, max=95\r\n
Action.c(99):     Connection: Keep-Alive\r\n
Action.c(99):     Content-Type: image/gif\r\n
Action.c(99):     \r\n
Action.c(99): t=1284560ms: 831-byte response body for "http://localhost:1080/WebTours/images/cancelreservation.gif" (RelFrameId=, Internal ID=421)
Action.c(99): t=1284560ms: Request done "http://localhost:1080/WebTours/images/cancelreservation.gif"  	[MsgId: MMSG-26000]
Action.c(99): Registered web_reg_find successful for "Text=User wants the intineraries" (count=1)  	[MsgId: MMSG-26364]
Action.c(99): Registered web_reg_find successful for "Text=<B>Sammy Redhands" (count=1)  	[MsgId: MMSG-26364]
Action.c(99): web_url("welcome.pl") was successful, 39269 body bytes, 1915 header bytes, 99 chunking overhead bytes  	[MsgId: MMSG-26385]
Action.c(109): Notify: Transaction "GoTo Itnerary" ended with a "Pass" status (Duration: 0,1074 Wasted Time: 0,0001).	[MsgId: MMSG-16871]
Action.c(113): Notify: Transaction "logout" started.	[MsgId: MMSG-16999]
Action.c(115): web_reg_find started  	[MsgId: MMSG-26355]
Action.c(115): Registering web_reg_find was successful  	[MsgId: MMSG-26390]
Action.c(117): web_url("SignOff Button") started  	[MsgId: MMSG-26355]
Action.c(117): t=1284561ms: Already connected [0] to localhost:1080  	[MsgId: MMSG-26000]
Action.c(117): t=1284561ms: 527-byte request headers for "http://localhost:1080/cgi-bin/welcome.pl?signOff=1" (RelFrameId=1, Internal ID=423)
Action.c(117):     GET /cgi-bin/welcome.pl?signOff=1 HTTP/1.1\r\n
Action.c(117):     Referer: http://localhost:1080/cgi-bin/nav.pl?page=menu&in=itinerary\r\n
Action.c(117):     Priority: u=4\r\n
Action.c(117):     User-Agent: Mozilla/5.0 (Windows NT 10.0; Win64; x64; rv:132.0) Gecko/20100101 Firefox/132
Action.c(117):     .0\r\n
Action.c(117):     Accept-Encoding: gzip, deflate\r\n
Action.c(117):     Accept-Language: en-US,en;q=0.5\r\n
Action.c(117):     Accept: */*\r\n
Action.c(117):     Connection: Keep-Alive\r\n
Action.c(117):     Host: localhost:1080\r\n
Action.c(117):     Cookie: MSO=SID&1735060391; MTUserInfo=firstName&Sammy&address2&Boston&username&sammyRedha
Action.c(117):     nds&hash&115&lastName&Redhands%0A&address1&East%20End%20Avenue&creditCard&&expDate&%0A\r\n
Action.c(117):     \r\n
Action.c(117): t=1284591ms: 327-byte response headers for "http://localhost:1080/cgi-bin/welcome.pl?signOff=1" (RelFrameId=1, Internal ID=423)
Action.c(117):     HTTP/1.1 200 OK\r\n
Action.c(117):     Date: Tue, 24 Dec 2024 17:13:11 GMT\r\n
Action.c(117):     Server: Apache/2.2.21 (Win32)\r\n
Action.c(117):     Set-Cookie: MSO=SID&1735060391; path=/\r\n
Action.c(117):     Set-Cookie: MTUserInfo=; path=/; expires=Mon, 23-Dec-2024 17:13:11 GMT\r\n
Action.c(117):     Keep-Alive: timeout=5, max=93\r\n
Action.c(117):     Connection: Keep-Alive\r\n
Action.c(117):     Transfer-Encoding: chunked\r\n
Action.c(117):     Content-Type: text/html; charset=ISO-8859-1\r\n
Action.c(117):     \r\n
Action.c(117): t=1284591ms: 5-byte chunked response overhead for "http://localhost:1080/cgi-bin/welcome.pl?signOff=1" (RelFrameId=1, Internal ID=423)
Action.c(117):     2ae\r\n
Action.c(117): t=1284591ms: 2-byte chunked response overhead for "http://localhost:1080/cgi-bin/welcome.pl?signOff=1" (RelFrameId=1, Internal ID=423)
Action.c(117):     \r\n
Action.c(117): t=1284591ms: 686-byte chunked response body for "http://localhost:1080/cgi-bin/welcome.pl?signOff=1" (RelFrameId=1, Internal ID=423)
Action.c(117):     <!-- \n
Action.c(117):      A Session ID has been created and loaded into a cookie called MSO.\n
Action.c(117):      Also, the server options have been loaded into the cookie called\n
Action.c(117):      MSO as well.  The server options can be set via the Admin page.\n
Action.c(117):      --->\n
Action.c(117):     \n
Action.c(117):     <html>\n
Action.c(117):     <title>Web Tours</title>\n
Action.c(117):        <!-- Frame Set -->\n
Action.c(117):        <frameset cols="160,*" border="1" frameborder="1">\n
Action.c(117):           <!-- Navigation Frame -->\n
Action.c(117):           <frame src="nav.pl?in=home" name="navbar" marginheight="2" marginwidth="2" \n
Action.c(117):                 noresize="noresize" scrolling="auto"/>\n
Action.c(117):           <!-- Home Frame -->\n
Action.c(117):           <frame src="/WebTours/home.html" name="info" marginheight="2" marginwidth="2" \n
Action.c(117):                 noresize="noresize" scrolling="auto"/>\n
Action.c(117):        </frameset>\n
Action.c(117):     </html>\n
Action.c(117):     \n
Action.c(117):     </body>\n
Action.c(117):     </html>
Action.c(117): Detected non-resource "http://localhost:1080/cgi-bin/nav.pl?in=home" in "http://localhost:1080/cgi-bin/welcome.pl?signOff=1"  	[MsgId: MMSG-26574]
Action.c(117): Detected non-resource "http://localhost:1080/WebTours/home.html" in "http://localhost:1080/cgi-bin/welcome.pl?signOff=1"  	[MsgId: MMSG-26574]
Action.c(117): Retrieving data from cache for "http://localhost:1080/WebTours/home.html"  	[MsgId: MMSG-26558]
Action.c(117): t=1284591ms: 1361-byte response body retrieved from cache for "http://localhost:1080/WebTours/home.html" (RelFrameId=1.2, Internal ID=425)
Action.c(117):     <HTML>\n
Action.c(117):     <HEAD>\n
Action.c(117):     \t<title>Web Tours</title>\n
Action.c(117):     </HEAD>\n
Action.c(117):     <style>\n
Action.c(117):     \tblockquote {font-family: tahoma; font-size : 10pt}\n
Action.c(117):     \tH1 {font-family: tahoma; font-size : 22pt; color: #003366}\n
Action.c(117):     \tsmall {font-family: tahoma; font-size : 8pt}\n
Action.c(117):     \tH3{font-family: tahoma; font-size : 10pt; color: black}\n
Action.c(117):     \tA {FONT-WEIGHT: bold; FONT-SIZE: 10pt; COLOR: black; FONT-FAMILY: Tahoma; TEXT-DECORATIO
Action.c(117):     N: none}\n
Action.c(117):     \tA:hover{ FONT-WEIGHT: bold; FONT-SIZE: 10pt; COLOR: #993333; FONT-FAMILY: Tahoma;TEXT-DE
Action.c(117):     CORATION: underline}\n
Action.c(117):     \tTD {font-family: tahoma; font-size : 10pt; color: black}\n
Action.c(117):     </style>\n
Action.c(117):     <body bgcolor="#e0e7f1">\n
Action.c(117):     <BR/>\n
Action.c(117):     <BR/>\n
Action.c(117):     <BR/>\n
Action.c(117):     <br/>\n
Action.c(117):     <table border="0">\n
Action.c(117):     <tr><td></td></tr>\n
Action.c(117):     <TR><TD></TD></TR>\n
Action.c(117):     <TR><TD>\n
Action.c(117):     <blockquote>\n
Action.c(117):     <H1><b>Web Tours</b></H1>\n
Action.c(117):     Welcome to the Web Tours site.\n
Action.c(117):     <br/>\n
Action.c(117):     To make reservations,please enter your account information to the left.\n
Action.c(117):     <br/>\n
Action.c(117):     If you haven't registered yet, <A href="/cgi-bin/login.pl?username=&amp;password=&amp;getI
Action.c(117):     nfo=true" ><B>sign up now</B></A> to get access to all our resources.\n
Action.c(117):     <br/>\n
Action.c(117):     To configure the server options, use <A href="/cgi-bin/admin.pl" target="body" ><b>adminis
Action.c(117):     tration</b></A> link.\n
Action.c(117):     <br/><br/><br/><br/><br/><br/>\n
Action.c(117):     <br/><small>\n
Action.c(117):     This product uses parts of the SMT Kernel, Copyright (c) 1991-99 <A href="http://www.imati
Action.c(117):     x.com" target="new"><B><small>iMatix Corporation</small></B></A> \n
Action.c(117):     </small>\n
Action.c(117):     </blockquote></TD>\n
Action.c(117):     <TD></TD></TR>\n
Action.c(117):     </table>\n
Action.c(117):     </body>\n
Action.c(117):     </HTML>\n
Action.c(117): t=1284592ms: Already connected [1] to localhost:1080  	[MsgId: MMSG-26000]
Action.c(117): t=1284592ms: 362-byte request headers for "http://localhost:1080/cgi-bin/nav.pl?in=home" (RelFrameId=1.1, Internal ID=424)
Action.c(117):     GET /cgi-bin/nav.pl?in=home HTTP/1.1\r\n
Action.c(117):     Referer: http://localhost:1080/cgi-bin/welcome.pl?signOff=1\r\n
Action.c(117):     Priority: u=4\r\n
Action.c(117):     User-Agent: Mozilla/5.0 (Windows NT 10.0; Win64; x64; rv:132.0) Gecko/20100101 Firefox/132
Action.c(117):     .0\r\n
Action.c(117):     Accept-Encoding: gzip, deflate\r\n
Action.c(117):     Accept-Language: en-US,en;q=0.5\r\n
Action.c(117):     Accept: */*\r\n
Action.c(117):     Connection: Keep-Alive\r\n
Action.c(117):     Host: localhost:1080\r\n
Action.c(117):     Cookie: MSO=SID&1735060391\r\n
Action.c(117):     \r\n
Action.c(117): t=1284593ms: 5-byte chunked response overhead for "http://localhost:1080/cgi-bin/welcome.pl?signOff=1" (RelFrameId=1, Internal ID=423)
Action.c(117):     0\r\n
Action.c(117):     \r\n
Action.c(117): t=1284593ms: Request done "http://localhost:1080/cgi-bin/welcome.pl?signOff=1"  	[MsgId: MMSG-26000]
Action.c(117): t=1284618ms: 255-byte response headers for "http://localhost:1080/cgi-bin/nav.pl?in=home" (RelFrameId=1.1, Internal ID=424)
Action.c(117):     HTTP/1.1 200 OK\r\n
Action.c(117):     Date: Tue, 24 Dec 2024 17:13:11 GMT\r\n
Action.c(117):     Server: Apache/2.2.21 (Win32)\r\n
Action.c(117):     Expires: Mon, 23 Dec 2024 17:13:11 GMT\r\n
Action.c(117):     Keep-Alive: timeout=5, max=94\r\n
Action.c(117):     Connection: Keep-Alive\r\n
Action.c(117):     Transfer-Encoding: chunked\r\n
Action.c(117):     Content-Type: text/html; charset=ISO-8859-1\r\n
Action.c(117):     \r\n
Action.c(117): t=1284618ms: 5-byte chunked response overhead for "http://localhost:1080/cgi-bin/nav.pl?in=home" (RelFrameId=1.1, Internal ID=424)
Action.c(117):     5d2\r\n
Action.c(117): t=1284618ms: 2-byte chunked response overhead for "http://localhost:1080/cgi-bin/nav.pl?in=home" (RelFrameId=1.1, Internal ID=424)
Action.c(117):     \r\n
Action.c(117): t=1284618ms: 1490-byte chunked response body for "http://localhost:1080/cgi-bin/nav.pl?in=home" (RelFrameId=1.1, Internal ID=424)
Action.c(117):     <!DOCTYPE html\n
Action.c(117):     \tPUBLIC "-//W3C//DTD XHTML 1.0 Transitional//EN"\n
Action.c(117):     \t "http://www.w3.org/TR/xhtml1/DTD/xhtml1-transitional.dtd">\n
Action.c(117):     <html xmlns="http://www.w3.org/1999/xhtml" lang="en-US" xml:lang="en-US">\n
Action.c(117):     <head>\n
Action.c(117):     <title>Web Tours Navigation Bar</title>\n
Action.c(117):     <meta http-equiv="Content-Type" content="text/html; charset=iso-8859-1" />\n
Action.c(117):     </head>\n
Action.c(117):     <body bgcolor="#E0E7F1">\n
Action.c(117):     <style>\n
Action.c(117):     blockquote {font-family: tahoma; font-size : 10pt}\n
Action.c(117):     H1 {font-family: tahoma; font-size : 22pt; color: #993333}\n
Action.c(117):     H3 {font-family: tahoma; font-size : 10pt; color: black}\n
Action.c(117):     small {font-family: tahoma; font-size : 8pt}\n
Action.c(117):     </style>\n
Action.c(117):     <form method="post" action="/cgi-bin/login.pl" target="body">\n
Action.c(117):     <input type="hidden" name="userSession" value="140547.621790198HccQtVipcQfiDDDDtDDHzpfAQHH
Action.c(117):     f"/>\n
Action.c(117):     <table border="0"><tr><td>&nbsp;</td>\n
Action.c(117):     <td>&nbsp;</td></tr>\n
Action.c(117):     <tr><td>&nbsp;</td>\n
Action.c(117):     <td>&nbsp;</td></tr>\n
Action.c(117):     <tr><td>&nbsp;</td>\n
Action.c(117):     <td><small>&nbsp;Username</small></td></tr>\n
Action.c(117):     <tr><td>&nbsp;</td>\n
Action.c(117):     <td><input type="text" name="username" value="" size="14" maxlength="14"/></td></tr>\n
Action.c(117):     <tr><td>&nbsp;</td>\n
Action.c(117):     <td><small>&nbsp;Password</small></td>\n
Action.c(117):     <tr><td>&nbsp;</td>\n
Action.c(117):     <td><input type="password" name="password" value="" size="14" maxlength="14"/></td></tr>\n
Action.c(117):     <tr><td>&nbsp;</td>\n
Action.c(117):     <td>&nbsp;</td></tr>\n
Action.c(117):     <tr><td>&nbsp;</td>\n
Action.c(117):     <td><input type="image" name="login" value="Login" alt="Login" border="1" \n
Action.c(117):     src="/WebTours/images/mer_login.gif"/></td></tr>\n
Action.c(117):     <tr><td>&nbsp;</td><td>&nbsp;</td></tr>\n
Action.c(117):     </table><input type="hidden" name="JSFormSubmit" value="off"/>\n
Action.c(117):     </form>\n
Action.c(117):     \n
Action.c(117):     </body>\n
Action.c(117):     </html>\n
Action.c(117): Resource "http://localhost:1080/WebTours/images/mer_login.gif" is in the cache already and will not be downloaded again  	[MsgId: MMSG-26655]
Action.c(117): t=1284619ms: 5-byte chunked response overhead for "http://localhost:1080/cgi-bin/nav.pl?in=home" (RelFrameId=1.1, Internal ID=424)
Action.c(117):     0\r\n
Action.c(117):     \r\n
Action.c(117): t=1284619ms: Request done "http://localhost:1080/cgi-bin/nav.pl?in=home"  	[MsgId: MMSG-26000]
Action.c(117): Registered web_reg_find successful for "Text=A Session ID has been created" (count=1)  	[MsgId: MMSG-26364]
Action.c(117): web_url("SignOff Button") was successful, 2176 body bytes, 582 header bytes, 24 chunking overhead bytes  	[MsgId: MMSG-26385]
Action.c(127): Notify: Transaction "logout" ended with a "Pass" status (Duration: 0,0587 Wasted Time: 0,0000).	[MsgId: MMSG-16871]
Action.c(130): Notify: Transaction "UC4_ViewTicketList" ended with a "Pass" status (Duration: 0,3680 Wasted Time: 0,0008).	[MsgId: MMSG-16871]
Ending action Action.	[MsgId: MMSG-15918]
Ending iteration 17.	[MsgId: MMSG-15965]
Waiting 79,6290 seconds for iteration pacing.	[MsgId: MMSG-15996]
Action was aborted.	[MsgId: MMSG-10694]
Ending Vuser...	[MsgId: MMSG-15966]
Starting action vuser_end.	[MsgId: MMSG-15919]
Ending action vuser_end.	[MsgId: MMSG-15918]
Vuser Terminated.	[MsgId: MMSG-15963]
t=1327238ms: Closed connection [0] to localhost:1080 after completing 8 request(s)  	[MsgId: MMSG-26000]
t=1327238ms: Closed connection [1] to localhost:1080 after completing 7 request(s)  	[MsgId: MMSG-26000]
t=1327238ms: Closed connection [2] to localhost:1080 after completing 3 request(s)  	[MsgId: MMSG-26000]
t=1327238ms: Closed connection [3] to localhost:1080 after completing 4 request(s)  	[MsgId: MMSG-26000]
t=1327238ms: Closed connection [4] to localhost:1080 after completing 1 request(s)  	[MsgId: MMSG-26000]
t=1327238ms: Closed connection [5] to localhost:1080 after completing 1 request(s)  	[MsgId: MMSG-26000]
Action was aborted.	[MsgId: MMSG-10694]
Ending Vuser...	[MsgId: MMSG-15966]
Starting action vuser_end.	[MsgId: MMSG-15919]
Ending action vuser_end.	[MsgId: MMSG-15918]
Vuser Terminated.	[MsgId: MMSG-15963]
t=1327239ms: Closed connection [0] to localhost:1080 after completing 8 request(s)  	[MsgId: MMSG-26000]
t=1327240ms: Closed connection [1] to localhost:1080 after completing 6 request(s)  	[MsgId: MMSG-26000]
t=1327240ms: Closed connection [2] to localhost:1080 after completing 3 request(s)  	[MsgId: MMSG-26000]
t=1327240ms: Closed connection [3] to localhost:1080 after completing 3 request(s)  	[MsgId: MMSG-26000]
HTML-Mode memory management statistics: Reusable=15, NonReusable=0, CsMemBlockSize=4096, checks disabled  	[MsgId: MMSG-26000]
t=1327241ms: Closed connection [4] to localhost:1080 after completing 2 request(s)  	[MsgId: MMSG-26000]
t=1327241ms: Closed connection [5] to localhost:1080 after completing 2 request(s)  	[MsgId: MMSG-26000]
Vuser 1 (thread 23732), ended OK."	[MsgId: MMSG-10695]
HTML-Mode memory management statistics: Reusable=15, NonReusable=0, CsMemBlockSize=4096, checks disabled  	[MsgId: MMSG-26000]
Vuser 0 (thread 18032), ended OK."	[MsgId: MMSG-10695]
